populations v2.41, executed 2023-12-08 09:08:25 (zlib-1.2.7)
/home/d669d153/work/stacks-2.41/populations -P /home/d669d153/work/nmel.ceyx/fastq -O . -M iqtree.popmap.txt --whitelist 2580.whitelist.txt --phylip-var-all
Locus/sample distributions will be written to './populations.log.distribs'.
populations parameters selected:
  Percent samples limit per population: 0
  Locus Population limit: 1
  Percent samples overall: 0
  Minor allele frequency cutoff: 0
  Maximum observed heterozygosity cutoff: 1
  Applying Fst correction: none.
  Pi/Fis kernel smoothing: off
  Fstats kernel smoothing: off
  Bootstrap resampling: off

Parsing population map...
The population map contained 107 samples, 107 population(s), 1 group(s).
Loaded 2580 whitelisted markers.
Working on 107 samples.
Working on 107 population(s):
    4846: C_solitarius_4846
    5307: C_sacerdotis_5307
    5311: C_sacerdotis_5311
    5317: C_sacerdotis_5317
    5447-8: C_solitarius_5447-8
    5565: C_solitarius_5565
    6836: C_solitarius_6836
    6948: C_solitarius_6948
    7161: C_solitarius_7161
    7256: C_solitarius_7256
    7604: C_solitarius_7604
    7629: C_solitarius_7629
    9547: C_solitarius_9547
    9572: C_solitarius_9572
    9628: C_solitarius_9628
    12865: C_solitarius_12865
    15907: C_nigromaxilla_15907
    15908: C_nigromaxilla_15908
    16175: C_solitarius_16175
    27239: C_margarethae_27239
    27245: C_margarethae_27245
    27254: C_margarethae_27254
    27261: C_margarethae_27261
    27264: C_margarethae_27264
    27646: C_sacerdotis_27646
    27674: C_mulcatus_27674
    27686: C_mulcatus_27686
    27746: C_mulcatus_27746
    27839: C_mulcatus_27839
    27852: C_mulcatus_27852
    27884: C_solitarius_27884
    29529: C_sacerdotis_29529
    32006: C_meeki_32006
    32007: C_meeki_32007
    32014: C_meeki_32014
    32022: C_meeki_32022
    32023: C_meeki_32023
    32024: C_meeki_32024
    32054: C_meeki_32054
    32075: C_meeki_32075
    32770: C_malaitae_32770
    32835: C_nigromaxilla_32835
    32846: C_nigromaxilla_32846
    32860: C_nigromaxilla_32860
    33756: C_collectoris_33756
    33757: C_collectoris_33757
    33759: C_collectoris_33759
    33760: C_collectoris_33760
    33789: C_collectoris_33789
    33790: C_collectoris_33790
    33822: C_collectoris_33822
    33832: C_collectoris_33832
    33842: C_collectoris_33842
    33871: C_collectoris_33871
    33905: C_collectoris_33905
    33906: C_collectoris_33906
    34840: C_meeki_34840
    34848: C_meeki_34848
    34855: C_meeki_34855
    34862: C_meeki_34862
    34865: C_meeki_34865
    34870: C_meeki_34870
    34953: C_gentianus_34953
    34969: C_gentianus_34969
    35042: C_gentianus_35042
    36072: C_collectoris_36072
    36076: C_collectoris_36076
    36094: C_collectoris_36094
    36095: C_collectoris_36095
    36096: C_collectoris_36096
    36105: C_collectoris_36105
    36112: C_collectoris_36112
    36129: C_collectoris_36129
    36144: C_collectoris_36144
    36145: C_collectoris_36145
    36156: C_collectoris_36156
    36212: C_collectoris_36212
    36217: C_collectoris_36217
    34887: C_meeki_34887
    36249: C_collectoris_36249
    5633: C_meeki_5633
    5157: C_solitarius_5157
    5192: C_solitarius_5192
    6977: C_solitarius_6977
    6982: C_solitarius_6982
    7229: C_solitarius_7229
    7295: C_solitarius_7295
    7526: C_solitarius_7526
    9539: C_solitarius_9539
    13530: C_gentianus_13530
    14484: C_margarethae_14484
    15880: C_nigromaxilla_15880
    15892: C_nigromaxilla_15892
    19259: C_margarethae_19259
    33266: C_collectoris_33266
    33272: C_collectoris_33272
    33274: C_collectoris_33274
    33761: C_collectoris_33761
    33797: C_collectoris_33797
    33863: C_collectoris_33863
    33878: C_collectoris_33878
    33908: C_collectoris_33908
    33922: C_collectoris_33922
    36115: C_collectoris_36115
    36133: C_collectoris_36133
    5611-2: C_dispar_5611-2
    32790-2: C_malaitae_32790-2
Working on 1 group(s) of populations:
    defaultgrp: 4846, 5307, 5311, 5317, 5447-8, 5565, 6836, 6948, 7161, 7256, 7604, 7629, 9547, 9572, 9628, 12865, 15907, 15908, 16175, 27239, 27245, 27254, 27261, 27264, 27646, 27674, 27686, 27746, 27839, 27852, 27884, 29529, 32006, 32007, 32014, 32022, 32023, 32024, 32054, 32075, 32770, 32835, 32846, 32860, 33756, 33757, 33759, 33760, 33789, 33790, 33822, 33832, 33842, 33871, 33905, 33906, 34840, 34848, 34855, 34862, 34865, 34870, 34953, 34969, 35042, 36072, 36076, 36094, 36095, 36096, 36105, 36112, 36129, 36144, 36145, 36156, 36212, 36217, 34887, 36249, 5633, 5157, 5192, 6977, 6982, 7229, 7295, 7526, 9539, 13530, 14484, 15880, 15892, 19259, 33266, 33272, 33274, 33761, 33797, 33863, 33878, 33908, 33922, 36115, 36133, 5611-2, 32790-2

All sites (fixed and variable) will be written in Phylip format to './populations.all.phylip'
Genotyping markers will be written to './populations.markers.tsv'
Raw Genotypes/Haplotypes will be written to './populations.haplotypes.tsv'
Population-level summary statistics will be written to './populations.sumstats.tsv'
Population-level haplotype summary statistics will be written to './populations.hapstats.tsv'

Processing data in batches:
  * load a batch of catalog loci and apply filters
  * compute SNP- and haplotype-wise per-population statistics
  * write the above statistics in the output files
  * export the genotypes/haplotypes in specified format(s)
More details in './populations.log.distribs'.
Now processing...
VYZU01000008.1 
VYZU01000014.1 
VYZU01000020.1 
VYZU01000040.1 
VYZU01000048.1 
VYZU01000077.1 
VYZU01000101.1 
VYZU01000125.1 
VYZU01000160.1 
VYZU01000173.1 
VYZU01000302.1 
VYZU01000368.1 
VYZU01000594.1 
VYZU01000883.1 
VYZU01000906.1 
VYZU01000913.1 
VYZU01000931.1 
VYZU01000951.1 
VYZU01000978.1 
VYZU01000994.1 
VYZU01001011.1 
VYZU01001020.1 
VYZU01001092.1 
VYZU01001110.1 
VYZU01001162.1 
VYZU01001260.1 
VYZU01001381.1 
VYZU01001865.1 
VYZU01001888.1 
VYZU01001891.1 
VYZU01001898.1 
VYZU01001943.1 
VYZU01001945.1 
VYZU01001952.1 
VYZU01001967.1 
VYZU01002007.1 
VYZU01002121.1 
VYZU01002572.1 
VYZU01002953.1 
VYZU01003066.1 
VYZU01003091.1 
VYZU01003100.1 
VYZU01003107.1 
VYZU01003137.1 
VYZU01003158.1 
VYZU01003185.1 
VYZU01003268.1 
VYZU01003465.1 
VYZU01003583.1 
VYZU01003939.1 
VYZU01004003.1 
VYZU01004036.1 
VYZU01004069.1 
VYZU01004106.1 
VYZU01004185.1 
VYZU01004224.1 
VYZU01004310.1 
VYZU01004381.1 
VYZU01004455.1 
VYZU01004758.1 
VYZU01004819.1 
VYZU01004862.1 
VYZU01005040.1 
VYZU01005052.1 
VYZU01005077.1 
VYZU01005165.1 
VYZU01005220.1 
VYZU01005269.1 
VYZU01005609.1 
VYZU01005791.1 
VYZU01005879.1 
VYZU01005892.1 
VYZU01005909.1 
VYZU01005935.1 
VYZU01005940.1 
VYZU01005949.1 
VYZU01006011.1 
VYZU01006104.1 
VYZU01006328.1 
VYZU01006597.1 
VYZU01006648.1 
VYZU01006663.1 
VYZU01006724.1 
VYZU01006746.1 
VYZU01006752.1 
VYZU01006785.1 
VYZU01006821.1 
VYZU01006834.1 
VYZU01006848.1 
VYZU01006860.1 
VYZU01006865.1 
VYZU01006918.1 
VYZU01007075.1 
VYZU01007618.1 
VYZU01007718.1 
VYZU01007723.1 
VYZU01007797.1 
VYZU01007830.1 
VYZU01008051.1 
VYZU01008079.1 
VYZU01008117.1 
VYZU01008483.1 
VYZU01008493.1 
VYZU01008501.1 
VYZU01008515.1 
VYZU01008521.1 
VYZU01008579.1 
VYZU01008598.1 
VYZU01008684.1 
VYZU01009093.1 
VYZU01009257.1 
VYZU01009288.1 
VYZU01009290.1 
VYZU01009336.1 
VYZU01009372.1 
VYZU01009403.1 
VYZU01009416.1 
VYZU01009495.1 
VYZU01009636.1 
VYZU01009818.1 
VYZU01010110.1 
VYZU01010122.1 
VYZU01010128.1 
VYZU01010145.1 
VYZU01010279.1 
VYZU01010429.1 
VYZU01010583.1 
VYZU01010902.1 
VYZU01010925.1 
VYZU01010935.1 
VYZU01010987.1 
VYZU01011003.1 
VYZU01011011.1 
VYZU01011152.1 
VYZU01011214.1 
VYZU01011298.1 
VYZU01011565.1 
VYZU01012033.1 
VYZU01012047.1 
VYZU01012070.1 
VYZU01012071.1 
VYZU01012075.1 
VYZU01012082.1 
VYZU01012105.1 
VYZU01012134.1 
VYZU01012189.1 
VYZU01012474.1 
VYZU01012917.1 
VYZU01013128.1 
VYZU01013190.1 
VYZU01013199.1 
VYZU01013222.1 
VYZU01013245.1 
VYZU01013248.1 
VYZU01013269.1 
VYZU01013312.1 
VYZU01013327.1 
VYZU01013573.1 
VYZU01013796.1 
VYZU01014106.1 
VYZU01014125.1 
VYZU01014143.1 
VYZU01014162.1 
VYZU01014182.1 
VYZU01014208.1 
VYZU01014220.1 
VYZU01014412.1 
VYZU01014549.1 
VYZU01014812.1 
VYZU01014826.1 
VYZU01014835.1 
VYZU01014842.1 
VYZU01014862.1 
VYZU01014884.1 
VYZU01014959.1 
VYZU01014981.1 
VYZU01015061.1 
VYZU01015132.1 
VYZU01015239.1 
VYZU01015602.1 
VYZU01015610.1 
VYZU01015618.1 
VYZU01015653.1 
VYZU01015690.1 
VYZU01015719.1 
VYZU01015818.1 
VYZU01016184.1 
VYZU01016487.1 
VYZU01016527.1 
VYZU01016547.1 
VYZU01016567.1 
VYZU01016602.1 
VYZU01016611.1 
VYZU01016654.1 
VYZU01016740.1 
VYZU01016759.1 
VYZU01016869.1 
VYZU01017016.1 
VYZU01017118.1 
VYZU01017260.1 
VYZU01017347.1 
VYZU01017379.1 
VYZU01017389.1 
VYZU01017406.1 
VYZU01017421.1 
VYZU01017462.1 
VYZU01017478.1 
VYZU01017541.1 
VYZU01017998.1 
VYZU01018052.1 
VYZU01018301.1 
VYZU01018449.1 
VYZU01018470.1 
VYZU01018508.1 
VYZU01018543.1 
VYZU01018568.1 
VYZU01018621.1 
VYZU01018759.1 
VYZU01018905.1 
VYZU01019020.1 
VYZU01019089.1 
VYZU01019182.1 
VYZU01019354.1 
VYZU01019371.1 
VYZU01019392.1 
VYZU01019456.1 
VYZU01019689.1 
VYZU01019814.1 
VYZU01020240.1 
VYZU01020273.1 
VYZU01020287.1 
VYZU01020318.1 
VYZU01020334.1 
VYZU01020375.1 
VYZU01020387.1 
VYZU01020409.1 
VYZU01020475.1 
VYZU01020497.1 
VYZU01020532.1 
VYZU01020545.1 
VYZU01020746.1 
VYZU01020907.1 
VYZU01021060.1 
VYZU01021143.1 
VYZU01021407.1 
VYZU01021418.1 
VYZU01021439.1 
VYZU01021445.1 
VYZU01021448.1 
VYZU01021512.1 
VYZU01021546.1 
VYZU01021651.1 
VYZU01021934.1 
VYZU01022066.1 
VYZU01022206.1 
VYZU01022255.1 
VYZU01022293.1 
VYZU01022311.1 
VYZU01022344.1 
VYZU01022407.1 
VYZU01022453.1 
VYZU01022546.1 
VYZU01022654.1 
VYZU01022687.1 
VYZU01023123.1 
VYZU01023127.1 
VYZU01023183.1 
VYZU01023227.1 
VYZU01023267.1 
VYZU01023290.1 
VYZU01023539.1 
VYZU01023649.1 
VYZU01023786.1 
VYZU01023907.1 
VYZU01023917.1 
VYZU01023936.1 
VYZU01023985.1 
VYZU01023989.1 
VYZU01024073.1 
VYZU01024236.1 
VYZU01024561.1 
VYZU01024697.1 
VYZU01024710.1 
VYZU01024718.1 
VYZU01024729.1 
VYZU01024750.1 
VYZU01024786.1 
VYZU01024813.1 
VYZU01024837.1 
VYZU01024871.1 
VYZU01025138.1 
VYZU01025383.1 
VYZU01025562.1 
VYZU01025569.1 
VYZU01025583.1 
VYZU01025618.1 
VYZU01025622.1 
VYZU01025635.1 
VYZU01025655.1 
VYZU01025669.1 
VYZU01025685.1 
VYZU01025697.1 
VYZU01025753.1 
VYZU01025793.1 
VYZU01025862.1 
VYZU01026381.1 
VYZU01026529.1 
VYZU01026532.1 
VYZU01026556.1 
VYZU01026593.1 
VYZU01026600.1 
VYZU01026736.1 
VYZU01026828.1 
VYZU01026957.1 
VYZU01027257.1 
VYZU01027420.1 
VYZU01027518.1 
VYZU01027689.1 
VYZU01027715.1 
VYZU01027723.1 
VYZU01027733.1 
VYZU01027746.1 
VYZU01027755.1 
VYZU01027771.1 
VYZU01027841.1 
VYZU01027877.1 
VYZU01027928.1 
VYZU01028295.1 
VYZU01028558.1 
VYZU01028602.1 
VYZU01028610.1 
VYZU01028617.1 
VYZU01028623.1 
VYZU01028635.1 
VYZU01028650.1 
VYZU01028666.1 
VYZU01028697.1 
VYZU01028726.1 
VYZU01028738.1 
VYZU01028766.1 
VYZU01028816.1 
VYZU01028883.1 
VYZU01028959.1 
VYZU01029223.1 
VYZU01029617.1 
VYZU01029639.1 
VYZU01029657.1 
VYZU01029667.1 
VYZU01029702.1 
VYZU01029709.1 
VYZU01029720.1 
VYZU01029760.1 
VYZU01029869.1 
VYZU01029985.1 
VYZU01030357.1 
VYZU01030442.1 
VYZU01030489.1 
VYZU01030554.1 
VYZU01030570.1 
VYZU01030588.1 
VYZU01030628.1 
VYZU01030707.1 
VYZU01030765.1 
VYZU01030887.1 
VYZU01031063.1 
VYZU01031249.1 
VYZU01031376.1 
VYZU01031392.1 
VYZU01031435.1 
VYZU01031440.1 
VYZU01031467.1 
VYZU01031484.1 
VYZU01031492.1 
VYZU01031500.1 
VYZU01031573.1 
VYZU01031627.1 
VYZU01031765.1 
VYZU01032279.1 
VYZU01032427.1 
VYZU01032467.1 
VYZU01032513.1 
VYZU01032519.1 
VYZU01032531.1 
VYZU01032553.1 
VYZU01032570.1 
VYZU01032627.1 
VYZU01032727.1 
VYZU01032770.1 
VYZU01032805.1 
VYZU01033031.1 
VYZU01033231.1 
VYZU01033254.1 
VYZU01033297.1 
VYZU01033303.1 
VYZU01033408.1 
VYZU01033559.1 
VYZU01033659.1 
VYZU01033778.1 
VYZU01033993.1 
VYZU01034003.1 
VYZU01034012.1 
VYZU01034019.1 
VYZU01034058.1 
VYZU01034102.1 
VYZU01034145.1 
VYZU01034186.1 
VYZU01034223.1 
VYZU01034273.1 
VYZU01034333.1 
VYZU01034684.1 
VYZU01034776.1 
VYZU01034807.1 
VYZU01034844.1 
VYZU01034885.1 
VYZU01034909.1 
VYZU01035031.1 
VYZU01035119.1 
VYZU01035145.1 
VYZU01035677.1 
VYZU01035728.1 
VYZU01035851.1 
VYZU01035878.1 
VYZU01035899.1 
VYZU01035909.1 
VYZU01035935.1 
VYZU01035984.1 
VYZU01036048.1 
VYZU01036083.1 
VYZU01036409.1 
VYZU01036658.1 
VYZU01036912.1 
VYZU01036926.1 
VYZU01036988.1 
VYZU01037007.1 
VYZU01037023.1 
VYZU01037174.1 
VYZU01037203.1 
VYZU01037560.1 
VYZU01037762.1 
VYZU01037780.1 
VYZU01037805.1 
VYZU01037809.1 
VYZU01037818.1 
VYZU01037851.1 
VYZU01037906.1 
VYZU01038044.1 
VYZU01038087.1 
VYZU01038208.1 
VYZU01038261.1 
VYZU01038466.1 
VYZU01038733.1 
VYZU01038760.1 
VYZU01038780.1 
VYZU01038797.1 
VYZU01038838.1 
VYZU01038939.1 
VYZU01039069.1 
VYZU01039163.1 
VYZU01039214.1 
VYZU01039611.1 
VYZU01039627.1 
VYZU01039648.1 
VYZU01039667.1 
VYZU01039690.1 
VYZU01039723.1 
VYZU01039778.1 
VYZU01040254.1 
VYZU01040428.1 
VYZU01040677.1 
VYZU01040719.1 
VYZU01040732.1 
VYZU01040750.1 
VYZU01040773.1 
VYZU01040782.1 
VYZU01040815.1 
VYZU01040851.1 
VYZU01040863.1 
VYZU01040888.1 
VYZU01040939.1 
VYZU01040987.1 
VYZU01041005.1 
VYZU01041080.1 
VYZU01041382.1 
VYZU01041680.1 
VYZU01041715.1 
VYZU01041739.1 
VYZU01041749.1 
VYZU01041779.1 
VYZU01041786.1 
VYZU01041858.1 
VYZU01041894.1 
VYZU01041916.1 
VYZU01042049.1 
VYZU01042335.1 
VYZU01042472.1 
VYZU01042492.1 
VYZU01042496.1 
VYZU01042519.1 
VYZU01042583.1 
VYZU01042605.1 
VYZU01042734.1 
VYZU01042778.1 
VYZU01043059.1 
VYZU01043236.1 
VYZU01043342.1 
VYZU01043352.1 
VYZU01043370.1 
VYZU01043390.1 
VYZU01043429.1 
VYZU01043529.1 
VYZU01043555.1 
VYZU01043628.1 
VYZU01043642.1 
VYZU01043696.1 
VYZU01043852.1 
VYZU01044330.1 
VYZU01044337.1 
VYZU01044343.1 
VYZU01044360.1 
VYZU01044395.1 
VYZU01044415.1 
VYZU01044436.1 
VYZU01044526.1 
VYZU01044706.1 
VYZU01044767.1 
VYZU01044846.1 
VYZU01045199.1 
VYZU01045296.1 
VYZU01045348.1 
VYZU01045354.1 
VYZU01045360.1 
VYZU01045433.1 
VYZU01045469.1 
VYZU01045481.1 
VYZU01045560.1 
VYZU01045719.1 
VYZU01046128.1 
VYZU01046155.1 
VYZU01046165.1 
VYZU01046245.1 
VYZU01046365.1 
VYZU01046389.1 
VYZU01046431.1 
VYZU01046867.1 
VYZU01047035.1 
VYZU01047067.1 
VYZU01047078.1 
VYZU01047120.1 
VYZU01047153.1 
VYZU01047162.1 
VYZU01047191.1 
VYZU01047202.1 
VYZU01047255.1 
VYZU01047321.1 
VYZU01047439.1 
VYZU01047663.1 
VYZU01047749.1 
VYZU01048001.1 
VYZU01048147.1 
VYZU01048159.1 
VYZU01048209.1 
VYZU01048215.1 
VYZU01048230.1 
VYZU01048281.1 
VYZU01048285.1 
VYZU01048294.1 
VYZU01048354.1 
VYZU01048524.1 
VYZU01048628.1 
VYZU01048721.1 
VYZU01048878.1 
VYZU01049052.1 
VYZU01049066.1 
VYZU01049076.1 
VYZU01049089.1 
VYZU01049114.1 
VYZU01049121.1 
VYZU01049135.1 
VYZU01049144.1 
VYZU01049154.1 
VYZU01049179.1 
VYZU01049193.1 
VYZU01049251.1 
VYZU01049274.1 
VYZU01049308.1 
VYZU01049334.1 
VYZU01049623.1 
VYZU01049816.1 
VYZU01050013.1 
VYZU01050025.1 
VYZU01050049.1 
VYZU01050062.1 
VYZU01050082.1 
VYZU01050133.1 
VYZU01050197.1 
VYZU01050254.1 
VYZU01050412.1 
VYZU01050720.1 
VYZU01050916.1 
VYZU01051016.1 
VYZU01051030.1 
VYZU01051048.1 
VYZU01051086.1 
VYZU01051111.1 
VYZU01051145.1 
VYZU01051443.1 
VYZU01051715.1 
VYZU01052085.1 
VYZU01052089.1 
VYZU01052110.1 
VYZU01052113.1 
VYZU01052120.1 
VYZU01052150.1 
VYZU01052222.1 
VYZU01052261.1 
VYZU01052331.1 
VYZU01052783.1 
VYZU01052820.1 
VYZU01052839.1 
VYZU01052865.1 
VYZU01052877.1 
VYZU01052913.1 
VYZU01052917.1 
VYZU01052947.1 
VYZU01052983.1 
VYZU01053010.1 
VYZU01053072.1 
VYZU01053572.1 
VYZU01053740.1 
VYZU01053787.1 
VYZU01053811.1 
VYZU01053838.1 
VYZU01053879.1 
VYZU01053927.1 
VYZU01054090.1 
VYZU01054181.1 
VYZU01054223.1 
VYZU01054361.1 
VYZU01054499.1 
VYZU01054503.1 
VYZU01054523.1 
VYZU01054529.1 
VYZU01054544.1 
VYZU01054567.1 
VYZU01054577.1 
VYZU01054624.1 
VYZU01054658.1 
VYZU01054703.1 
VYZU01054753.1 
VYZU01054764.1 
VYZU01054808.1 
VYZU01054910.1 
VYZU01055261.1 
VYZU01055361.1 
VYZU01055368.1 
VYZU01055378.1 
VYZU01055435.1 
VYZU01055493.1 
VYZU01055503.1 
VYZU01055619.1 
VYZU01055736.1 
VYZU01055827.1 
VYZU01056104.1 
VYZU01056132.1 
VYZU01056216.1 
VYZU01056240.1 
VYZU01056261.1 
VYZU01056271.1 
VYZU01056279.1 
VYZU01056450.1 
VYZU01056665.1 
VYZU01056723.1 
VYZU01056796.1 
VYZU01056804.1 
VYZU01056841.1 
VYZU01056856.1 
VYZU01056898.1 
VYZU01056938.1 
VYZU01056950.1 
VYZU01057019.1 
VYZU01057140.1 
VYZU01057386.1 
VYZU01057545.1 
VYZU01057615.1 
VYZU01057639.1 
VYZU01057688.1 
VYZU01057737.1 
VYZU01057946.1 
VYZU01057977.1 
VYZU01058290.1 
VYZU01058362.1 
VYZU01058468.1 
VYZU01058716.1 
VYZU01058836.1 
VYZU01058869.1 
VYZU01058904.1 
VYZU01058939.1 
VYZU01059193.1 
VYZU01059351.1 
VYZU01059522.1 
VYZU01059640.1 
VYZU01059652.1 
VYZU01059663.1 
VYZU01059670.1 
VYZU01059719.1 
VYZU01059733.1 
VYZU01059781.1 
VYZU01059817.1 
VYZU01059937.1 
VYZU01060155.1 
VYZU01060460.1 
VYZU01060536.1 
VYZU01060826.1 
VYZU01060873.1 
VYZU01060897.1 
VYZU01060926.1 
VYZU01060962.1 
VYZU01061035.1 
VYZU01061177.1 
VYZU01061228.1 
VYZU01061650.1 
VYZU01061682.1 
VYZU01061691.1 
VYZU01061707.1 
VYZU01061715.1 
VYZU01061721.1 
VYZU01061750.1 
VYZU01061765.1 
VYZU01061887.1 
VYZU01061933.1 
VYZU01062059.1 
VYZU01062428.1 
VYZU01062442.1 
VYZU01062458.1 
VYZU01062484.1 
VYZU01062497.1 
VYZU01062517.1 
VYZU01062531.1 
VYZU01062549.1 
VYZU01062590.1 
VYZU01062669.1 
VYZU01062797.1 
VYZU01062877.1 
VYZU01063581.1 
VYZU01063632.1 
VYZU01063656.1 
VYZU01063664.1 
VYZU01063666.1 
VYZU01063707.1 
VYZU01063742.1 
VYZU01063765.1 
VYZU01063773.1 
VYZU01063854.1 
VYZU01063898.1 
VYZU01064143.1 
VYZU01064479.1 
VYZU01064597.1 
VYZU01064625.1 
VYZU01064638.1 
VYZU01064645.1 
VYZU01064669.1 
VYZU01064690.1 
VYZU01064732.1 
VYZU01064737.1 
VYZU01064777.1 
VYZU01064800.1 
VYZU01064910.1 
VYZU01064956.1 
VYZU01065127.1 
VYZU01065563.1 
VYZU01065574.1 
VYZU01065597.1 
VYZU01065628.1 
VYZU01065652.1 
VYZU01065668.1 
VYZU01065670.1 
VYZU01065712.1 
VYZU01065738.1 
VYZU01065851.1 
VYZU01066102.1 
VYZU01066369.1 
VYZU01066395.1 
VYZU01066418.1 
VYZU01066445.1 
VYZU01066484.1 
VYZU01066501.1 
VYZU01066682.1 
VYZU01067049.1 
VYZU01067071.1 
VYZU01067091.1 
VYZU01067108.1 
VYZU01067149.1 
VYZU01067208.1 
VYZU01067264.1 
VYZU01067369.1 
VYZU01067579.1 
VYZU01067923.1 
VYZU01068048.1 
VYZU01068056.1 
VYZU01068075.1 
VYZU01068078.1 
VYZU01068142.1 
VYZU01068185.1 
VYZU01068189.1 
VYZU01068204.1 
VYZU01068428.1 
VYZU01068602.1 
VYZU01068722.1 
VYZU01068899.1 
VYZU01068933.1 
VYZU01068956.1 
VYZU01069013.1 
VYZU01069021.1 
VYZU01069056.1 
VYZU01069299.1 
VYZU01069676.1 
VYZU01069891.1 
VYZU01069908.1 
VYZU01069928.1 
VYZU01069948.1 
VYZU01069950.1 
VYZU01069965.1 
VYZU01070005.1 
VYZU01070035.1 
VYZU01070058.1 
VYZU01070102.1 
VYZU01070299.1 
VYZU01070453.1 
VYZU01070524.1 
VYZU01070717.1 
VYZU01070763.1 
VYZU01070786.1 
VYZU01070791.1 
VYZU01070830.1 
VYZU01070868.1 
VYZU01070917.1 
VYZU01070959.1 
VYZU01071512.1 
VYZU01071889.1 
VYZU01071926.1 
VYZU01071946.1 
VYZU01071978.1 
VYZU01072000.1 
VYZU01072102.1 
VYZU01072161.1 
VYZU01072852.1 
VYZU01072858.1 
VYZU01072874.1 
VYZU01072881.1 
VYZU01072920.1 
VYZU01072969.1 
VYZU01073008.1 
VYZU01073142.1 
VYZU01073469.1 
VYZU01073667.1 
VYZU01073789.1 
VYZU01073817.1 
VYZU01073842.1 
VYZU01073855.1 
VYZU01073870.1 
VYZU01073934.1 
VYZU01074048.1 
VYZU01074115.1 
VYZU01074211.1 
VYZU01074360.1 
VYZU01074580.1 
VYZU01074740.1 
VYZU01074751.1 
VYZU01074780.1 
VYZU01074788.1 
VYZU01074828.1 
VYZU01074850.1 
VYZU01074882.1 
VYZU01074966.1 
VYZU01075257.1 
VYZU01075300.1 
VYZU01075766.1 
VYZU01075796.1 
VYZU01075831.1 
VYZU01075855.1 
VYZU01075904.1 
VYZU01075918.1 
VYZU01075990.1 
VYZU01076052.1 
VYZU01076239.1 
VYZU01076342.1 
VYZU01076416.1 
VYZU01076478.1 
VYZU01076513.1 
VYZU01076528.1 
VYZU01076605.1 
VYZU01076620.1 
VYZU01076648.1 
VYZU01076726.1 
VYZU01076800.1 
VYZU01076859.1 
VYZU01076920.1 
VYZU01076941.1 
VYZU01076965.1 
VYZU01077366.1 
VYZU01077500.1 
VYZU01077526.1 
VYZU01077578.1 
VYZU01077603.1 
VYZU01077645.1 
VYZU01077660.1 
VYZU01077733.1 
VYZU01077761.1 
VYZU01077900.1 
VYZU01078094.1 
VYZU01078179.1 
VYZU01078355.1 
VYZU01078471.1 
VYZU01078478.1 
VYZU01078489.1 
VYZU01078495.1 
VYZU01078522.1 
VYZU01078599.1 
VYZU01078614.1 
VYZU01078628.1 
VYZU01078666.1 
VYZU01078749.1 
VYZU01078791.1 
VYZU01079374.1 
VYZU01079408.1 
VYZU01079439.1 
VYZU01079455.1 
VYZU01079462.1 
VYZU01079469.1 
VYZU01079498.1 
VYZU01079557.1 
VYZU01079576.1 
VYZU01079657.1 
VYZU01079936.1 
VYZU01080080.1 
VYZU01080090.1 
VYZU01080122.1 
VYZU01080137.1 
VYZU01080161.1 
VYZU01080180.1 
VYZU01080191.1 
VYZU01080197.1 
VYZU01080267.1 
VYZU01080273.1 
VYZU01080306.1 
VYZU01080322.1 
VYZU01080563.1 
VYZU01080911.1 
VYZU01080973.1 
VYZU01080980.1 
VYZU01081009.1 
VYZU01081033.1 
VYZU01081068.1 
VYZU01081089.1 
VYZU01081103.1 
VYZU01081156.1 
VYZU01081557.1 
VYZU01081989.1 
VYZU01081997.1 
VYZU01082031.1 
VYZU01082049.1 
VYZU01082102.1 
VYZU01082142.1 
VYZU01082193.1 
VYZU01082207.1 
VYZU01082277.1 
VYZU01082444.1 
VYZU01082971.1 
VYZU01083074.1 
VYZU01083130.1 
VYZU01083145.1 
VYZU01083154.1 
VYZU01083247.1 
VYZU01083366.1 
VYZU01083373.1 
VYZU01083792.1 
VYZU01083802.1 
VYZU01083820.1 
VYZU01083898.1 
VYZU01083921.1 
VYZU01084020.1 
VYZU01084120.1 
VYZU01084192.1 
VYZU01084616.1 
VYZU01084761.1 
VYZU01084856.1 
VYZU01084930.1 
VYZU01084944.1 
VYZU01084950.1 
VYZU01084976.1 
VYZU01084989.1 
VYZU01085018.1 
VYZU01085041.1 
VYZU01085049.1 
VYZU01085210.1 
VYZU01085290.1 
VYZU01085921.1 
VYZU01085927.1 
VYZU01085950.1 
VYZU01085956.1 
VYZU01085989.1 
VYZU01086008.1 
VYZU01086032.1 
VYZU01086090.1 
VYZU01086198.1 
VYZU01086459.1 
VYZU01086528.1 
VYZU01086782.1 
VYZU01086990.1 
VYZU01086992.1 
VYZU01086999.1 
VYZU01087007.1 
VYZU01087032.1 
VYZU01087047.1 
VYZU01087073.1 
VYZU01087089.1 
VYZU01087146.1 
VYZU01087346.1 
VYZU01087373.1 
VYZU01087402.1 
VYZU01087600.1 
VYZU01087780.1 
VYZU01087829.1 
VYZU01087860.1 
VYZU01087894.1 
VYZU01087994.1 
VYZU01088120.1 
VYZU01088205.1 
VYZU01088723.1 
VYZU01088739.1 
VYZU01088776.1 
VYZU01088802.1 
VYZU01088817.1 
VYZU01088900.1 
VYZU01089186.1 
VYZU01089283.1 
VYZU01089521.1 
VYZU01089529.1 
VYZU01089536.1 
VYZU01089549.1 
VYZU01089567.1 
VYZU01089578.1 
VYZU01089595.1 
VYZU01089656.1 
VYZU01089666.1 
VYZU01089690.1 
VYZU01089772.1 
VYZU01090028.1 
VYZU01090111.1 
VYZU01090205.1 
VYZU01090354.1 
VYZU01090385.1 
VYZU01090393.1 
VYZU01090398.1 
VYZU01090409.1 
VYZU01090441.1 
VYZU01090464.1 
VYZU01090516.1 
VYZU01090613.1 
VYZU01090663.1 
VYZU01090967.1 
VYZU01091211.1 
VYZU01091225.1 
VYZU01091239.1 
VYZU01091254.1 
VYZU01091292.1 
VYZU01091312.1 
VYZU01091340.1 
VYZU01091347.1 
VYZU01091398.1 
VYZU01091486.1 
VYZU01091775.1 
VYZU01091814.1 
VYZU01091999.1 
VYZU01092194.1 
VYZU01092535.1 
VYZU01092723.1 
VYZU01092961.1 
VYZU01093616.1 
VYZU01094030.1 
VYZU01094597.1 
VYZU01096119.1 
VYZU01097308.1 
VYZU01097818.1 
VYZU01098274.1 
VYZU01098884.1 
VYZU01099094.1 
VYZU01099466.1 
VYZU01100197.1 
VYZU01100485.1 
VYZU01100677.1 
VYZU01101128.1 
VYZU01101619.1 
VYZU01102251.1 
VYZU01103646.1 
VYZU01104676.1 
VYZU01105519.1 
VYZU01105706.1 
VYZU01106178.1 
VYZU01106368.1 
VYZU01107219.1 
VYZU01107705.1 
VYZU01108931.1 
VYZU01109239.1 
VYZU01110135.1 
VYZU01110357.1 
VYZU01110980.1 
VYZU01111363.1 
VYZU01112012.1 
VYZU01112187.1 
VYZU01113980.1 
VYZU01114546.1 
VYZU01114844.1 
VYZU01115751.1 
VYZU01116604.1 
VYZU01116873.1 
VYZU01117840.1 
VYZU01118103.1 
VYZU01118226.1 
VYZU01119342.1 
VYZU01119381.1 
VYZU01119687.1 
VYZU01122520.1 
VYZU01122671.1 
VYZU01128066.1 
VYZU01130416.1 
VYZU01132993.1 
VYZU01134245.1 
VYZU01136217.1 
VYZU01137053.1 
VYZU01139019.1 
VYZU01140344.1 
VYZU01144272.1 
VYZU01145138.1 
VYZU01146929.1 
VYZU01152665.1 
VYZU01154976.1 
VYZU01158861.1 
VYZU01160556.1 
VYZU01162781.1 
VYZU01165002.1 
VYZU01168059.1 
VYZU01169153.1 
VYZU01174732.1 
VYZU01176744.1 
VYZU01177888.1 
VYZU01180429.1 
VYZU01181627.1 
VYZU01182128.1 
VYZU01183851.1 
VYZU01186446.1 
VYZU01187485.1 
VYZU01189473.1 
VYZU01190950.1 
VYZU01193784.1 
VYZU01195865.1 
VYZU01201557.1 
VYZU01203486.1 
VYZU01206204.1 
VYZU01207247.1 
VYZU01210668.1 
VYZU01213553.1 
VYZU01214609.1 
VYZU01218232.1 
VYZU01218639.1 
VYZU01220486.1 
VYZU01221794.1 
VYZU01225661.1 
VYZU01226158.1 
VYZU01228104.1 
VYZU01229544.1 
VYZU01232793.1 
VYZU01234605.1 
VYZU01235540.1 
VYZU01236432.1 
VYZU01237487.1 
VYZU01239665.1 
VYZU01241045.1 
VYZU01243473.1 
VYZU01244078.1 
VYZU01246902.1 
VYZU01248098.1 
VYZU01251397.1 
VYZU01252089.1 
VYZU01256113.1 
VYZU01256701.1 
VYZU01258302.1 
VYZU01261963.1 
VYZU01266946.1 
VYZU01270210.1 
VYZU01272377.1 
VYZU01272715.1 
VYZU01273350.1 
VYZU01276643.1 
VYZU01277837.1 
VYZU01279599.1 
VYZU01282377.1 
VYZU01283361.1 
VYZU01284944.1 
VYZU01285295.1 
VYZU01286593.1 
VYZU01288179.1 
VYZU01288491.1 
VYZU01290228.1 
VYZU01292173.1 
VYZU01293101.1 
VYZU01295593.1 
VYZU01296559.1 
VYZU01297576.1 
VYZU01299804.1 
VYZU01300356.1 
VYZU01303633.1 
VYZU01304949.1 
VYZU01305947.1 
VYZU01307535.1 
VYZU01311484.1 
VYZU01312558.1 
VYZU01312985.1 
VYZU01314427.1 
VYZU01314796.1 
VYZU01316638.1 
VYZU01317252.1 
VYZU01320026.1 
VYZU01320701.1 
VYZU01322363.1 
VYZU01325694.1 
VYZU01326385.1 
VYZU01329571.1 
VYZU01330226.1 
VYZU01332135.1 
VYZU01333132.1 
VYZU01335397.1 
VYZU01338488.1 
VYZU01339621.1 
VYZU01341940.1 
VYZU01342564.1 
VYZU01342923.1 
VYZU01346366.1 
VYZU01346912.1 
VYZU01348963.1 
VYZU01350729.1 
VYZU01352172.1 
VYZU01352820.1 
VYZU01353981.1 
VYZU01354565.1 
VYZU01355881.1 
VYZU01357683.1 
VYZU01358853.1 
VYZU01359327.1 
VYZU01361371.1 
VYZU01366272.1 
VYZU01367368.1 
VYZU01370083.1 
VYZU01371881.1 
VYZU01372624.1 
VYZU01378363.1 
VYZU01379508.1 
VYZU01380321.1 
 

Removed 270459 loci that did not pass sample/population constraints from 273039 loci.
Kept 2580 loci, composed of 249265 sites; 0 of those sites were filtered, 13988 variant sites remained.
    244202 genomic sites, of which 5063 were covered by multiple loci (2.1%).
Mean genotyped sites per locus: 96.61bp (stderr 0.06).

Population summary statistics (more detail in populations.sumstats_summary.tsv):
  4846: 1 samples per locus; pi: 0.022828; all/variant/polymorphic sites: 246146/13711/313; private alleles: 13
  5307: 1 samples per locus; pi: 0.026582; all/variant/polymorphic sites: 243184/13543/360; private alleles: 98
  5311: 1 samples per locus; pi: 0.032801; all/variant/polymorphic sites: 244380/13658/448; private alleles: 119
  5317: 1 samples per locus; pi: 0.024722; all/variant/polymorphic sites: 241829/13470/333; private alleles: 80
  5447-8: 1 samples per locus; pi: 0.026325; all/variant/polymorphic sites: 248611/13865/365; private alleles: 34
  5565: 1 samples per locus; pi: 0.028098; all/variant/polymorphic sites: 248329/13880/390; private alleles: 19
  6836: 1 samples per locus; pi: 0.022282; all/variant/polymorphic sites: 245875/13688/305; private alleles: 21
  6948: 1 samples per locus; pi: 0.023185; all/variant/polymorphic sites: 246940/13759/319; private alleles: 14
  7161: 1 samples per locus; pi: 0.026838; all/variant/polymorphic sites: 248805/13898/373; private alleles: 33
  7256: 1 samples per locus; pi: 0.025596; all/variant/polymorphic sites: 246681/13752/352; private alleles: 30
  7604: 1 samples per locus; pi: 0.02781; all/variant/polymorphic sites: 248507/13880/386; private alleles: 23
  7629: 1 samples per locus; pi: 0.027549; all/variant/polymorphic sites: 248600/13866/382; private alleles: 38
  9547: 1 samples per locus; pi: 0.024809; all/variant/polymorphic sites: 248240/13866/344; private alleles: 25
  9572: 1 samples per locus; pi: 0.030318; all/variant/polymorphic sites: 248035/13853/420; private alleles: 30
  9628: 1 samples per locus; pi: 0.023987; all/variant/polymorphic sites: 247472/13799/331; private alleles: 23
  12865: 1 samples per locus; pi: 0.028369; all/variant/polymorphic sites: 247924/13818/392; private alleles: 19
  15907: 1 samples per locus; pi: 0.010215; all/variant/polymorphic sites: 243184/13607/139; private alleles: 21
  15908: 1 samples per locus; pi: 0.0094857; all/variant/polymorphic sites: 241087/13494/128; private alleles: 17
  16175: 1 samples per locus; pi: 0.026004; all/variant/polymorphic sites: 247230/13767/358; private alleles: 20
  27239: 1 samples per locus; pi: 0.029957; all/variant/polymorphic sites: 235073/13119/393; private alleles: 49
  27245: 1 samples per locus; pi: 0.027673; all/variant/polymorphic sites: 238005/13298/368; private alleles: 16
  27254: 1 samples per locus; pi: 0.026551; all/variant/polymorphic sites: 240894/13446/357; private alleles: 15
  27261: 1 samples per locus; pi: 0.027997; all/variant/polymorphic sites: 238553/13323/373; private alleles: 21
  27264: 1 samples per locus; pi: 0.023699; all/variant/polymorphic sites: 229217/12743/302; private alleles: 27
  27646: 1 samples per locus; pi: 0.024313; all/variant/polymorphic sites: 232613/12956/315; private alleles: 74
  27674: 1 samples per locus; pi: 0.014636; all/variant/polymorphic sites: 242905/13597/199; private alleles: 38
  27686: 1 samples per locus; pi: 0.014385; all/variant/polymorphic sites: 245005/13695/197; private alleles: 42
  27746: 1 samples per locus; pi: 0.011048; all/variant/polymorphic sites: 241710/13487/149; private alleles: 34
  27839: 1 samples per locus; pi: 0.010425; all/variant/polymorphic sites: 243772/13621/142; private alleles: 17
  27852: 1 samples per locus; pi: 0.011445; all/variant/polymorphic sites: 238549/13281/152; private alleles: 28
  27884: 1 samples per locus; pi: 0.024032; all/variant/polymorphic sites: 247565/13815/332; private alleles: 30
  29529: 1 samples per locus; pi: 0.029979; all/variant/polymorphic sites: 243205/13576/407; private alleles: 110
  32006: 1 samples per locus; pi: 0.033812; all/variant/polymorphic sites: 247345/13782/466; private alleles: 62
  32007: 1 samples per locus; pi: 0.032242; all/variant/polymorphic sites: 245192/13647/440; private alleles: 47
  32014: 1 samples per locus; pi: 0.028517; all/variant/polymorphic sites: 246580/13746/392; private alleles: 48
  32022: 1 samples per locus; pi: 0.031204; all/variant/polymorphic sites: 244049/13620/425; private alleles: 64
  32023: 1 samples per locus; pi: 0.028225; all/variant/polymorphic sites: 236895/13180/372; private alleles: 43
  32024: 1 samples per locus; pi: 0.03178; all/variant/polymorphic sites: 247938/13845/440; private alleles: 49
  32054: 1 samples per locus; pi: 0.034508; all/variant/polymorphic sites: 247256/13794/476; private alleles: 55
  32075: 1 samples per locus; pi: 0.017747; all/variant/polymorphic sites: 244579/13636/242; private alleles: 135
  32770: 1 samples per locus; pi: 0.0097138; all/variant/polymorphic sites: 239109/13383/130; private alleles: 75
  32835: 1 samples per locus; pi: 0.0080042; all/variant/polymorphic sites: 239599/13368/107; private alleles: 15
  32846: 1 samples per locus; pi: 0.0097102; all/variant/polymorphic sites: 244458/13697/133; private alleles: 22
  32860: 1 samples per locus; pi: 0.0094354; all/variant/polymorphic sites: 242229/13566/128; private alleles: 21
  33756: 1 samples per locus; pi: 0.012592; all/variant/polymorphic sites: 248614/13898/175; private alleles: 8
  33757: 1 samples per locus; pi: 0.012162; all/variant/polymorphic sites: 247819/13814/168; private alleles: 6
  33759: 1 samples per locus; pi: 0.01107; all/variant/polymorphic sites: 249004/13911/154; private alleles: 6
  33760: 1 samples per locus; pi: 0.015277; all/variant/polymorphic sites: 242279/13484/206; private alleles: 25
  33789: 1 samples per locus; pi: 0.012494; all/variant/polymorphic sites: 248114/13847/173; private alleles: 8
  33790: 1 samples per locus; pi: 0.011561; all/variant/polymorphic sites: 247912/13840/160; private alleles: 9
  33822: 1 samples per locus; pi: 0.013763; all/variant/polymorphic sites: 248593/13878/191; private alleles: 16
  33832: 1 samples per locus; pi: 0.013953; all/variant/polymorphic sites: 248201/13832/193; private alleles: 15
  33842: 1 samples per locus; pi: 0.012676; all/variant/polymorphic sites: 240188/13332/169; private alleles: 8
  33871: 1 samples per locus; pi: 0.012776; all/variant/polymorphic sites: 248311/13854/177; private alleles: 15
  33905: 1 samples per locus; pi: 0.017788; all/variant/polymorphic sites: 248703/13886/247; private alleles: 30
  33906: 1 samples per locus; pi: 0.016067; all/variant/polymorphic sites: 248505/13879/223; private alleles: 26
  34840: 1 samples per locus; pi: 0.027197; all/variant/polymorphic sites: 243262/13531/368; private alleles: 37
  34848: 1 samples per locus; pi: 0.025247; all/variant/polymorphic sites: 231320/12833/324; private alleles: 32
  34855: 1 samples per locus; pi: 0.030461; all/variant/polymorphic sites: 248486/13854/422; private alleles: 55
  34862: 1 samples per locus; pi: 0.030166; all/variant/polymorphic sites: 246942/13757/415; private alleles: 34
  34865: 1 samples per locus; pi: 0.028769; all/variant/polymorphic sites: 247050/13765/396; private alleles: 38
  34870: 1 samples per locus; pi: 0.030873; all/variant/polymorphic sites: 247932/13831/427; private alleles: 53
  34953: 1 samples per locus; pi: 0.01025; all/variant/polymorphic sites: 240894/13463/138; private alleles: 31
  34969: 1 samples per locus; pi: 0.010195; all/variant/polymorphic sites: 240597/13438/137; private alleles: 35
  35042: 1 samples per locus; pi: 0.0089021; all/variant/polymorphic sites: 241308/13480/120; private alleles: 27
  36072: 1 samples per locus; pi: 0.017339; all/variant/polymorphic sites: 247599/13784/239; private alleles: 17
  36076: 1 samples per locus; pi: 0.016661; all/variant/polymorphic sites: 248507/13865/231; private alleles: 26
  36094: 1 samples per locus; pi: 0.01775; all/variant/polymorphic sites: 248588/13859/246; private alleles: 25
  36095: 1 samples per locus; pi: 0.014005; all/variant/polymorphic sites: 244725/13638/191; private alleles: 11
  36096: 1 samples per locus; pi: 0.019545; all/variant/polymorphic sites: 247021/13763/269; private alleles: 18
  36105: 1 samples per locus; pi: 0.018061; all/variant/polymorphic sites: 248899/13897/251; private alleles: 21
  36112: 1 samples per locus; pi: 0.015361; all/variant/polymorphic sites: 248583/13866/213; private alleles: 10
  36129: 1 samples per locus; pi: 0.015015; all/variant/polymorphic sites: 248483/13853/208; private alleles: 10
  36144: 1 samples per locus; pi: 0.015188; all/variant/polymorphic sites: 248888/13893/211; private alleles: 11
  36145: 1 samples per locus; pi: 0.015817; all/variant/polymorphic sites: 249179/13909/220; private alleles: 14
  36156: 1 samples per locus; pi: 0.016992; all/variant/polymorphic sites: 248789/13889/236; private alleles: 9
  36212: 1 samples per locus; pi: 0.017806; all/variant/polymorphic sites: 248584/13872/247; private alleles: 32
  36217: 1 samples per locus; pi: 0.017646; all/variant/polymorphic sites: 248969/13884/245; private alleles: 41
  34887: 1 samples per locus; pi: 0.031468; all/variant/polymorphic sites: 247258/13792/434; private alleles: 60
  36249: 1 samples per locus; pi: 0.017016; all/variant/polymorphic sites: 248410/13869/236; private alleles: 25
  5633: 1 samples per locus; pi: 0.03381; all/variant/polymorphic sites: 244363/13635/461; private alleles: 186
  5157: 1 samples per locus; pi: 0.023613; all/variant/polymorphic sites: 248111/13806/326; private alleles: 12
  5192: 1 samples per locus; pi: 0.023162; all/variant/polymorphic sites: 247828/13816/320; private alleles: 29
  6977: 1 samples per locus; pi: 0.024594; all/variant/polymorphic sites: 247038/13784/339; private alleles: 10
  6982: 1 samples per locus; pi: 0.025191; all/variant/polymorphic sites: 247145/13775/347; private alleles: 20
  7229: 1 samples per locus; pi: 0.019248; all/variant/polymorphic sites: 227026/12573/242; private alleles: 15
  7295: 1 samples per locus; pi: 0.027156; all/variant/polymorphic sites: 247617/13809/375; private alleles: 29
  7526: 1 samples per locus; pi: 0.0259; all/variant/polymorphic sites: 247425/13784/357; private alleles: 19
  9539: 1 samples per locus; pi: 0.028025; all/variant/polymorphic sites: 247509/13809/387; private alleles: 47
  13530: 1 samples per locus; pi: 0.010478; all/variant/polymorphic sites: 242512/13552/142; private alleles: 40
  14484: 1 samples per locus; pi: 0.026748; all/variant/polymorphic sites: 239032/13347/357; private alleles: 83
  15880: 1 samples per locus; pi: 0.0098631; all/variant/polymorphic sites: 242700/13586/134; private alleles: 21
  15892: 1 samples per locus; pi: 0.011458; all/variant/polymorphic sites: 242021/13528/155; private alleles: 42
  19259: 1 samples per locus; pi: 0.025129; all/variant/polymorphic sites: 239888/13371/336; private alleles: 84
  33266: 1 samples per locus; pi: 0.019333; all/variant/polymorphic sites: 248392/13862/268; private alleles: 16
  33272: 1 samples per locus; pi: 0.016518; all/variant/polymorphic sites: 248487/13864/229; private alleles: 40
  33274: 1 samples per locus; pi: 0.018294; all/variant/polymorphic sites: 248965/13884/254; private alleles: 35
  33761: 1 samples per locus; pi: 0.012342; all/variant/polymorphic sites: 248309/13855/171; private alleles: 13
  33797: 1 samples per locus; pi: 0.012812; all/variant/polymorphic sites: 248892/13893/178; private alleles: 10
  33863: 1 samples per locus; pi: 0.011766; all/variant/polymorphic sites: 231288/12834/151; private alleles: 10
  33878: 1 samples per locus; pi: 0.014358; all/variant/polymorphic sites: 248398/13860/199; private alleles: 21
  33908: 1 samples per locus; pi: 0.016809; all/variant/polymorphic sites: 248684/13862/233; private alleles: 15
  33922: 1 samples per locus; pi: 0.014943; all/variant/polymorphic sites: 241721/13451/201; private alleles: 20
  36115: 1 samples per locus; pi: 0.016333; all/variant/polymorphic sites: 248984/13898/227; private alleles: 9
  36133: 1 samples per locus; pi: 0.014522; all/variant/polymorphic sites: 241228/13428/195; private alleles: 19
  5611-2: 1 samples per locus; pi: 0.014017; all/variant/polymorphic sites: 240937/13484/189; private alleles: 514
  32790-2: 1 samples per locus; pi: 0.012779; all/variant/polymorphic sites: 241522/13538/173; private alleles: 104
Populations is done.
