****                   ADMIXTURE Version 1.3.0                  ****
****                    Copyright 2008-2015                     ****
****           David Alexander, Suyash Shringarpure,            ****
****                John  Novembre, Ken Lange                   ****
****                                                            ****
****                 Please cite our paper!                     ****
****   Information at www.genetics.ucla.edu/software/admixture  ****

Cross-validation will be performed.  Folds=5.
Parallel execution requested.  Will use 5 threads.
Random seed: 43
Point estimation method: EM algorithm
Convergence acceleration algorithm: QuasiNewton, 3 secant conditions
Point estimation will terminate when objective function delta < 0.0001
Estimation of standard errors disabled; will compute point estimates only.
Size of G: 16x279
Performing five EM steps to prime main algorithm
1 (EM) 	Elapsed: 0	Loglikelihood: -3791.6	(delta): 3710.6
2 (EM) 	Elapsed: 0	Loglikelihood: -3607.9	(delta): 183.699
3 (EM) 	Elapsed: 0	Loglikelihood: -3555.49	(delta): 52.4111
4 (EM) 	Elapsed: 0	Loglikelihood: -3527.15	(delta): 28.337
5 (EM) 	Elapsed: 0	Loglikelihood: -3510.31	(delta): 16.8447
Initial loglikelihood: -3510.31
Starting main algorithm
1 (QN/EM) 	Elapsed: 0	Loglikelihood: -3494.2	(delta): 16.1119
2 (QN/EM) 	Elapsed: 0	Loglikelihood: -3487.39	(delta): 6.80892
3 (QN/EM) 	Elapsed: 0	Loglikelihood: -3469.78	(delta): 17.611
4 (QN/EM) 	Elapsed: 0	Loglikelihood: -3462.02	(delta): 7.76009
5 (QN/EM) 	Elapsed: 0	Loglikelihood: -3430.37	(delta): 31.6439
6 (QN/EM) 	Elapsed: 0	Loglikelihood: -3408.66	(delta): 21.7096
7 (QN/EM) 	Elapsed: 0	Loglikelihood: -3379.7	(delta): 28.9608
8 (QN/EM) 	Elapsed: 0	Loglikelihood: -3360.87	(delta): 18.8332
9 (QN/EM) 	Elapsed: 0	Loglikelihood: -3320.57	(delta): 40.2944
10 (QN/EM) 	Elapsed: 0	Loglikelihood: -3276.28	(delta): 44.2909
11 (QN/EM) 	Elapsed: 0	Loglikelihood: -3260.91	(delta): 15.3773
12 (QN/EM) 	Elapsed: 0	Loglikelihood: -3228.18	(delta): 32.7306
13 (QN/EM) 	Elapsed: 0	Loglikelihood: -3193.95	(delta): 34.2289
14 (QN/EM) 	Elapsed: 0	Loglikelihood: -3158.46	(delta): 35.4868
15 (QN/EM) 	Elapsed: 0	Loglikelihood: -3134.82	(delta): 23.6412
16 (QN/EM) 	Elapsed: 0	Loglikelihood: -3076.88	(delta): 57.939
17 (QN/EM) 	Elapsed: 0	Loglikelihood: -3032.34	(delta): 44.5404
18 (QN/EM) 	Elapsed: 0	Loglikelihood: -3019.8	(delta): 12.5367
19 (QN/EM) 	Elapsed: 0	Loglikelihood: -3001.01	(delta): 18.7963
20 (QN/EM) 	Elapsed: 0	Loglikelihood: -2989.46	(delta): 11.5421
21 (QN/EM) 	Elapsed: 0	Loglikelihood: -2982.92	(delta): 6.5435
22 (QN/EM) 	Elapsed: 0	Loglikelihood: -2976.74	(delta): 6.18416
23 (QN/EM) 	Elapsed: 0	Loglikelihood: -2971.89	(delta): 4.84214
24 (QN/EM) 	Elapsed: 0	Loglikelihood: -2970.89	(delta): 1.0044
25 (QN/EM) 	Elapsed: 0	Loglikelihood: -2970.45	(delta): 0.444263
26 (QN/EM) 	Elapsed: 0	Loglikelihood: -2970.25	(delta): 0.196231
27 (QN/EM) 	Elapsed: 0	Loglikelihood: -2969.95	(delta): 0.295118
28 (QN/EM) 	Elapsed: 0	Loglikelihood: -2969.77	(delta): 0.17892
29 (QN/EM) 	Elapsed: 0	Loglikelihood: -2969.65	(delta): 0.125484
30 (QN/EM) 	Elapsed: 0	Loglikelihood: -2969.5	(delta): 0.146006
31 (QN/EM) 	Elapsed: 0	Loglikelihood: -2969.29	(delta): 0.209476
32 (QN/EM) 	Elapsed: 0	Loglikelihood: -2969.16	(delta): 0.131267
33 (QN/EM) 	Elapsed: 0	Loglikelihood: -2968.84	(delta): 0.325581
34 (QN/EM) 	Elapsed: 0	Loglikelihood: -2968.66	(delta): 0.177737
35 (QN/EM) 	Elapsed: 0	Loglikelihood: -2968.66	(delta): 0.00201761
36 (QN/EM) 	Elapsed: 0	Loglikelihood: -2968.66	(delta): 7.65033e-05
Summary: 
Converged in 36 iterations (0.016 sec)
Loglikelihood: -2968.657241
Fst divergences between estimated populations: 
	Pop0	
Pop0	
Pop1	0.472	
CV error (K=2): 0.96300
Writing output files.
