PLINK v1.90b6.21 64-bit (19 Oct 2020)
Options in effect:
  --allow-extra-chr
  --double-id
  --make-bed
  --out binary_fileset
  --vcf /home/d669d153/work/nmel.ceyx/admixture.all.nosingletons/unlinked.noPhil.mac2.vcf

Hostname: r07r08n02
Working directory: /panfs/pfs.local/work/bi/d669d153/nmel.ceyx/admixture.all.nosingletons
Start time: Mon Dec  4 10:49:46 2023

Random number seed: 1701708586
515917 MB RAM detected; reserving 257958 MB for main workspace.
--vcf: binary_fileset-temporary.bed + binary_fileset-temporary.bim +
binary_fileset-temporary.fam written.
1666 variants loaded from .bim file.
100 people (0 males, 0 females, 100 ambiguous) loaded from .fam.
Ambiguous sex IDs written to binary_fileset.nosex .
Using 1 thread (no multithreaded calculations invoked).
Before main variant filters, 100 founders and 0 nonfounders present.
Calculating allele frequencies... done.
Total genotyping rate is 0.971008.
1666 variants and 100 people pass filters and QC.
Note: No phenotypes present.
--make-bed to binary_fileset.bed + binary_fileset.bim + binary_fileset.fam ...
done.

End time: Mon Dec  4 10:49:46 2023
