****                   ADMIXTURE Version 1.3.0                  ****
****                    Copyright 2008-2015                     ****
****           David Alexander, Suyash Shringarpure,            ****
****                John  Novembre, Ken Lange                   ****
****                                                            ****
****                 Please cite our paper!                     ****
****   Information at www.genetics.ucla.edu/software/admixture  ****

Cross-validation will be performed.  Folds=5.
Parallel execution requested.  Will use 5 threads.
Random seed: 43
Point estimation method: EM algorithm
Convergence acceleration algorithm: QuasiNewton, 3 secant conditions
Point estimation will terminate when objective function delta < 0.0001
Estimation of standard errors disabled; will compute point estimates only.
Size of G: 100x1666
Performing five EM steps to prime main algorithm
1 (EM) 	Elapsed: 0.007	Loglikelihood: -74264.1	(delta): 204133
2 (EM) 	Elapsed: 0.007	Loglikelihood: -71254.3	(delta): 3009.78
3 (EM) 	Elapsed: 0.007	Loglikelihood: -70608	(delta): 646.306
4 (EM) 	Elapsed: 0.006	Loglikelihood: -70214.3	(delta): 393.701
5 (EM) 	Elapsed: 0.007	Loglikelihood: -69939.7	(delta): 274.609
Initial loglikelihood: -69939.7
Starting main algorithm
1 (QN/EM) 	Elapsed: 0.007	Loglikelihood: -69510.6	(delta): 429.139
2 (QN/EM) 	Elapsed: 0.007	Loglikelihood: -69100.4	(delta): 410.154
3 (QN/EM) 	Elapsed: 0.008	Loglikelihood: -67565	(delta): 1535.44
4 (QN/EM) 	Elapsed: 0.008	Loglikelihood: -65129.9	(delta): 2435.08
5 (QN/EM) 	Elapsed: 0.008	Loglikelihood: -64333.5	(delta): 796.452
6 (QN/EM) 	Elapsed: 0.008	Loglikelihood: -63318.2	(delta): 1015.27
7 (QN/EM) 	Elapsed: 0.007	Loglikelihood: -60738.2	(delta): 2579.97
8 (QN/EM) 	Elapsed: 0.008	Loglikelihood: -56979.5	(delta): 3758.75
9 (QN/EM) 	Elapsed: 0.008	Loglikelihood: -54449.4	(delta): 2530.06
10 (QN/EM) 	Elapsed: 0.007	Loglikelihood: -52957.2	(delta): 1492.22
11 (QN/EM) 	Elapsed: 0.007	Loglikelihood: -52051.6	(delta): 905.574
12 (QN/EM) 	Elapsed: 0.007	Loglikelihood: -51694.7	(delta): 356.89
13 (QN/EM) 	Elapsed: 0.007	Loglikelihood: -51596.7	(delta): 98.0435
14 (QN/EM) 	Elapsed: 0.007	Loglikelihood: -51388.3	(delta): 208.421
15 (QN/EM) 	Elapsed: 0.007	Loglikelihood: -51331.4	(delta): 56.8141
16 (QN/EM) 	Elapsed: 0.007	Loglikelihood: -51297.3	(delta): 34.1572
17 (QN/EM) 	Elapsed: 0.007	Loglikelihood: -51286.6	(delta): 10.7217
18 (QN/EM) 	Elapsed: 0.008	Loglikelihood: -51279.1	(delta): 7.49752
19 (QN/EM) 	Elapsed: 0.007	Loglikelihood: -51158.4	(delta): 120.681
20 (QN/EM) 	Elapsed: 0.008	Loglikelihood: -51136.2	(delta): 22.2189
21 (QN/EM) 	Elapsed: 0.008	Loglikelihood: -51131.4	(delta): 4.74237
22 (QN/EM) 	Elapsed: 0.007	Loglikelihood: -51114.6	(delta): 16.8317
23 (QN/EM) 	Elapsed: 0.007	Loglikelihood: -51107.9	(delta): 6.69241
24 (QN/EM) 	Elapsed: 0.007	Loglikelihood: -51101.5	(delta): 6.40091
25 (QN/EM) 	Elapsed: 0.007	Loglikelihood: -51101	(delta): 0.524753
26 (QN/EM) 	Elapsed: 0.007	Loglikelihood: -51100.2	(delta): 0.813613
27 (QN/EM) 	Elapsed: 0.007	Loglikelihood: -51099.8	(delta): 0.379948
28 (QN/EM) 	Elapsed: 0.007	Loglikelihood: -51099.4	(delta): 0.38755
29 (QN/EM) 	Elapsed: 0.007	Loglikelihood: -51099.4	(delta): 0.0376921
30 (QN/EM) 	Elapsed: 0.007	Loglikelihood: -51099.3	(delta): 0.0525197
31 (QN/EM) 	Elapsed: 0.007	Loglikelihood: -51099.3	(delta): 0.0190709
32 (QN/EM) 	Elapsed: 0.007	Loglikelihood: -51099.3	(delta): 0.004745
33 (QN/EM) 	Elapsed: 0.007	Loglikelihood: -51099.3	(delta): 0.00440963
34 (QN/EM) 	Elapsed: 0.007	Loglikelihood: -51099.3	(delta): 0.00591109
35 (QN/EM) 	Elapsed: 0.007	Loglikelihood: -51099.3	(delta): 0.00122618
36 (QN/EM) 	Elapsed: 0.007	Loglikelihood: -51099.3	(delta): 0.000702923
37 (QN/EM) 	Elapsed: 0.007	Loglikelihood: -51099.3	(delta): 0.000584348
38 (QN/EM) 	Elapsed: 0.007	Loglikelihood: -51099.3	(delta): 0.0012778
39 (QN/EM) 	Elapsed: 0.007	Loglikelihood: -51099.3	(delta): 0.000531832
40 (QN/EM) 	Elapsed: 0.007	Loglikelihood: -51099.3	(delta): 0.00037833
41 (QN/EM) 	Elapsed: 0.007	Loglikelihood: -51099.3	(delta): 0.000181947
42 (QN/EM) 	Elapsed: 0.007	Loglikelihood: -51099.3	(delta): 0.000384759
43 (QN/EM) 	Elapsed: 0.007	Loglikelihood: -51099.3	(delta): 0.000304471
44 (QN/EM) 	Elapsed: 0.007	Loglikelihood: -51099.3	(delta): 0.000210765
45 (QN/EM) 	Elapsed: 0.007	Loglikelihood: -51099.3	(delta): 0.000102265
46 (QN/EM) 	Elapsed: 0.007	Loglikelihood: -51099.3	(delta): 0.000160125
47 (QN/EM) 	Elapsed: 0.007	Loglikelihood: -51099.3	(delta): 0.000174648
48 (QN/EM) 	Elapsed: 0.007	Loglikelihood: -51099.3	(delta): 0.000131138
49 (QN/EM) 	Elapsed: 0.007	Loglikelihood: -51099.3	(delta): 5.91325e-05
Summary: 
Converged in 49 iterations (0.437 sec)
Loglikelihood: -51099.268758
Fst divergences between estimated populations: 
	Pop0	
Pop0	
Pop1	0.414	
CV error (K=2): 0.33299
Writing output files.
