****                   ADMIXTURE Version 1.3.0                  ****
****                    Copyright 2008-2015                     ****
****           David Alexander, Suyash Shringarpure,            ****
****                John  Novembre, Ken Lange                   ****
****                                                            ****
****                 Please cite our paper!                     ****
****   Information at www.genetics.ucla.edu/software/admixture  ****

Cross-validation will be performed.  Folds=5.
Parallel execution requested.  Will use 5 threads.
Random seed: 43
Point estimation method: EM algorithm
Convergence acceleration algorithm: QuasiNewton, 3 secant conditions
Point estimation will terminate when objective function delta < 0.0001
Estimation of standard errors disabled; will compute point estimates only.
Size of G: 100x1666
Performing five EM steps to prime main algorithm
1 (EM) 	Elapsed: 0.022	Loglikelihood: -76852.3	(delta): 163179
2 (EM) 	Elapsed: 0.02	Loglikelihood: -70651.9	(delta): 6200.35
3 (EM) 	Elapsed: 0.019	Loglikelihood: -69036.2	(delta): 1615.73
4 (EM) 	Elapsed: 0.017	Loglikelihood: -67665.7	(delta): 1370.45
5 (EM) 	Elapsed: 0.017	Loglikelihood: -66201.9	(delta): 1463.87
Initial loglikelihood: -66201.9
Starting main algorithm
1 (QN/EM) 	Elapsed: 0.038	Loglikelihood: -62724.5	(delta): 3477.4
2 (QN/EM) 	Elapsed: 0.036	Loglikelihood: -58743.7	(delta): 3980.77
3 (QN/EM) 	Elapsed: 0.038	Loglikelihood: -44673.4	(delta): 14070.3
4 (QN/EM) 	Elapsed: 0.037	Loglikelihood: -37167.1	(delta): 7506.35
5 (QN/EM) 	Elapsed: 0.037	Loglikelihood: -32349.2	(delta): 4817.85
6 (QN/EM) 	Elapsed: 0.037	Loglikelihood: -29044.3	(delta): 3304.98
7 (QN/EM) 	Elapsed: 0.037	Loglikelihood: -26550.5	(delta): 2493.79
8 (QN/EM) 	Elapsed: 0.037	Loglikelihood: -25374.1	(delta): 1176.35
9 (QN/EM) 	Elapsed: 0.037	Loglikelihood: -24811.3	(delta): 562.781
10 (QN/EM) 	Elapsed: 0.037	Loglikelihood: -24229.5	(delta): 581.84
11 (QN/EM) 	Elapsed: 0.037	Loglikelihood: -23377.7	(delta): 851.77
12 (QN/EM) 	Elapsed: 0.037	Loglikelihood: -23016	(delta): 361.699
13 (QN/EM) 	Elapsed: 0.037	Loglikelihood: -22862.6	(delta): 153.465
14 (QN/EM) 	Elapsed: 0.037	Loglikelihood: -22194.9	(delta): 667.679
15 (QN/EM) 	Elapsed: 0.037	Loglikelihood: -21905.3	(delta): 289.568
16 (QN/EM) 	Elapsed: 0.038	Loglikelihood: -20737.2	(delta): 1168.14
17 (QN/EM) 	Elapsed: 0.038	Loglikelihood: -20307.4	(delta): 429.728
18 (QN/EM) 	Elapsed: 0.037	Loglikelihood: -19933.1	(delta): 374.29
19 (QN/EM) 	Elapsed: 0.037	Loglikelihood: -19883.2	(delta): 49.9083
20 (QN/EM) 	Elapsed: 0.037	Loglikelihood: -19827.1	(delta): 56.1634
21 (QN/EM) 	Elapsed: 0.037	Loglikelihood: -19796.3	(delta): 30.8214
22 (QN/EM) 	Elapsed: 0.038	Loglikelihood: -19775.8	(delta): 20.4458
23 (QN/EM) 	Elapsed: 0.038	Loglikelihood: -19755.3	(delta): 20.5221
24 (QN/EM) 	Elapsed: 0.039	Loglikelihood: -19733.7	(delta): 21.6118
25 (QN/EM) 	Elapsed: 0.038	Loglikelihood: -19711.5	(delta): 22.1324
26 (QN/EM) 	Elapsed: 0.038	Loglikelihood: -19688.4	(delta): 23.1843
27 (QN/EM) 	Elapsed: 0.038	Loglikelihood: -19663.9	(delta): 24.4124
28 (QN/EM) 	Elapsed: 0.038	Loglikelihood: -19638.5	(delta): 25.4502
29 (QN/EM) 	Elapsed: 0.038	Loglikelihood: -19612	(delta): 26.4907
30 (QN/EM) 	Elapsed: 0.038	Loglikelihood: -19584.4	(delta): 27.6311
31 (QN/EM) 	Elapsed: 0.038	Loglikelihood: -19555.4	(delta): 28.9336
32 (QN/EM) 	Elapsed: 0.037	Loglikelihood: -19278.8	(delta): 276.596
33 (QN/EM) 	Elapsed: 0.037	Loglikelihood: -18615.4	(delta): 663.401
34 (QN/EM) 	Elapsed: 0.038	Loglikelihood: -18344.6	(delta): 270.858
35 (QN/EM) 	Elapsed: 0.037	Loglikelihood: -18041.7	(delta): 302.855
36 (QN/EM) 	Elapsed: 0.037	Loglikelihood: -17948	(delta): 93.7088
37 (QN/EM) 	Elapsed: 0.037	Loglikelihood: -17902.1	(delta): 45.8925
38 (QN/EM) 	Elapsed: 0.037	Loglikelihood: -17866.5	(delta): 35.6067
39 (QN/EM) 	Elapsed: 0.037	Loglikelihood: -17845.9	(delta): 20.6476
40 (QN/EM) 	Elapsed: 0.037	Loglikelihood: -17815.7	(delta): 30.2044
41 (QN/EM) 	Elapsed: 0.038	Loglikelihood: -17807.1	(delta): 8.60447
42 (QN/EM) 	Elapsed: 0.037	Loglikelihood: -17806.6	(delta): 0.482474
43 (QN/EM) 	Elapsed: 0.038	Loglikelihood: -17806.4	(delta): 0.193711
44 (QN/EM) 	Elapsed: 0.039	Loglikelihood: -17806.2	(delta): 0.203592
45 (QN/EM) 	Elapsed: 0.038	Loglikelihood: -17806	(delta): 0.213332
46 (QN/EM) 	Elapsed: 0.038	Loglikelihood: -17805.8	(delta): 0.223933
47 (QN/EM) 	Elapsed: 0.038	Loglikelihood: -17805.5	(delta): 0.235434
48 (QN/EM) 	Elapsed: 0.038	Loglikelihood: -17805.3	(delta): 0.24734
49 (QN/EM) 	Elapsed: 0.038	Loglikelihood: -17805	(delta): 0.259247
50 (QN/EM) 	Elapsed: 0.038	Loglikelihood: -17804.7	(delta): 0.270557
51 (QN/EM) 	Elapsed: 0.038	Loglikelihood: -17804.5	(delta): 0.280393
52 (QN/EM) 	Elapsed: 0.039	Loglikelihood: -17804.2	(delta): 0.287562
53 (QN/EM) 	Elapsed: 0.038	Loglikelihood: -17803.9	(delta): 0.290584
54 (QN/EM) 	Elapsed: 0.038	Loglikelihood: -17803.6	(delta): 0.287875
55 (QN/EM) 	Elapsed: 0.038	Loglikelihood: -17803.3	(delta): 0.278128
56 (QN/EM) 	Elapsed: 0.038	Loglikelihood: -17803.1	(delta): 0.260881
57 (QN/EM) 	Elapsed: 0.038	Loglikelihood: -17802.8	(delta): 0.237055
58 (QN/EM) 	Elapsed: 0.038	Loglikelihood: -17802.6	(delta): 0.209088
59 (QN/EM) 	Elapsed: 0.038	Loglikelihood: -17802.4	(delta): 0.180359
60 (QN/EM) 	Elapsed: 0.039	Loglikelihood: -17802.3	(delta): 0.154083
61 (QN/EM) 	Elapsed: 0.038	Loglikelihood: -17801.9	(delta): 0.389685
62 (QN/EM) 	Elapsed: 0.039	Loglikelihood: -17801.1	(delta): 0.755635
63 (QN/EM) 	Elapsed: 0.038	Loglikelihood: -17800.8	(delta): 0.327205
64 (QN/EM) 	Elapsed: 0.037	Loglikelihood: -17800.3	(delta): 0.489253
65 (QN/EM) 	Elapsed: 0.037	Loglikelihood: -17800.1	(delta): 0.230147
66 (QN/EM) 	Elapsed: 0.039	Loglikelihood: -17800.1	(delta): 0.0249763
67 (QN/EM) 	Elapsed: 0.037	Loglikelihood: -17799.7	(delta): 0.313094
68 (QN/EM) 	Elapsed: 0.037	Loglikelihood: -17799.6	(delta): 0.177648
69 (QN/EM) 	Elapsed: 0.038	Loglikelihood: -17799.6	(delta): 0.00948195
70 (QN/EM) 	Elapsed: 0.037	Loglikelihood: -17799.5	(delta): 0.0350623
71 (QN/EM) 	Elapsed: 0.037	Loglikelihood: -17799.5	(delta): 0.0429935
72 (QN/EM) 	Elapsed: 0.039	Loglikelihood: -17799.5	(delta): 0.00988762
73 (QN/EM) 	Elapsed: 0.037	Loglikelihood: -17799.4	(delta): 0.0237187
74 (QN/EM) 	Elapsed: 0.037	Loglikelihood: -17799.4	(delta): 0.010741
75 (QN/EM) 	Elapsed: 0.038	Loglikelihood: -17799.4	(delta): 0.00923581
76 (QN/EM) 	Elapsed: 0.038	Loglikelihood: -17799.4	(delta): 0.0132671
77 (QN/EM) 	Elapsed: 0.038	Loglikelihood: -17799.4	(delta): 0.00984187
78 (QN/EM) 	Elapsed: 0.037	Loglikelihood: -17799.4	(delta): 0.00722636
79 (QN/EM) 	Elapsed: 0.037	Loglikelihood: -17799.4	(delta): 0.00348589
80 (QN/EM) 	Elapsed: 0.037	Loglikelihood: -17799.4	(delta): 0.00226409
81 (QN/EM) 	Elapsed: 0.037	Loglikelihood: -17799.4	(delta): 0.000743426
82 (QN/EM) 	Elapsed: 0.037	Loglikelihood: -17799.4	(delta): 0.001358
83 (QN/EM) 	Elapsed: 0.037	Loglikelihood: -17799.4	(delta): 0.00106816
84 (QN/EM) 	Elapsed: 0.037	Loglikelihood: -17799.4	(delta): 0.000940271
85 (QN/EM) 	Elapsed: 0.039	Loglikelihood: -17799.4	(delta): 0.00019953
86 (QN/EM) 	Elapsed: 0.037	Loglikelihood: -17799.4	(delta): 0.00125182
87 (QN/EM) 	Elapsed: 0.037	Loglikelihood: -17799.4	(delta): 0.000768845
88 (QN/EM) 	Elapsed: 0.037	Loglikelihood: -17799.4	(delta): 0.00586169
89 (QN/EM) 	Elapsed: 0.039	Loglikelihood: -17799.4	(delta): 0.000113241
90 (QN/EM) 	Elapsed: 0.037	Loglikelihood: -17799.4	(delta): 0.000499432
91 (QN/EM) 	Elapsed: 0.037	Loglikelihood: -17799.4	(delta): 0.0022395
92 (QN/EM) 	Elapsed: 0.037	Loglikelihood: -17799.4	(delta): 0.00095294
93 (QN/EM) 	Elapsed: 0.037	Loglikelihood: -17799.4	(delta): 0.000488602
94 (QN/EM) 	Elapsed: 0.037	Loglikelihood: -17799.4	(delta): 0.000185997
95 (QN/EM) 	Elapsed: 0.037	Loglikelihood: -17799.4	(delta): 0.000829174
96 (QN/EM) 	Elapsed: 0.037	Loglikelihood: -17799.4	(delta): 0.000574149
97 (QN/EM) 	Elapsed: 0.037	Loglikelihood: -17799.4	(delta): 0.00117016
98 (QN/EM) 	Elapsed: 0.039	Loglikelihood: -17799.4	(delta): 6.56494e-05
Summary: 
Converged in 98 iterations (3.895 sec)
Loglikelihood: -17799.367738
Fst divergences between estimated populations: 
	Pop0	Pop1	Pop2	Pop3	Pop4	Pop5	
Pop0	
Pop1	0.554	
Pop2	0.773	0.614	
Pop3	0.746	0.474	0.776	
Pop4	0.826	0.623	0.845	0.822	
Pop5	0.677	0.531	0.695	0.695	0.765	
Pop6	0.811	0.633	0.842	0.827	0.917	0.762	
CV error (K=7): 0.13880
Writing output files.
