****                   ADMIXTURE Version 1.3.0                  ****
****                    Copyright 2008-2015                     ****
****           David Alexander, Suyash Shringarpure,            ****
****                John  Novembre, Ken Lange                   ****
****                                                            ****
****                 Please cite our paper!                     ****
****   Information at www.genetics.ucla.edu/software/admixture  ****

Cross-validation will be performed.  Folds=5.
Parallel execution requested.  Will use 5 threads.
Random seed: 43
Point estimation method: EM algorithm
Convergence acceleration algorithm: QuasiNewton, 3 secant conditions
Point estimation will terminate when objective function delta < 0.0001
Estimation of standard errors disabled; will compute point estimates only.
Size of G: 100x2315
Performing five EM steps to prime main algorithm
1 (EM) 	Elapsed: 0.027	Loglikelihood: -81256.4	(delta): 248192
2 (EM) 	Elapsed: 0.027	Loglikelihood: -73896.9	(delta): 7359.43
3 (EM) 	Elapsed: 0.027	Loglikelihood: -72217.8	(delta): 1679.18
4 (EM) 	Elapsed: 0.027	Loglikelihood: -70910.1	(delta): 1307.66
5 (EM) 	Elapsed: 0.027	Loglikelihood: -69603.3	(delta): 1306.78
Initial loglikelihood: -69603.3
Starting main algorithm
1 (QN/EM) 	Elapsed: 0.069	Loglikelihood: -66711.1	(delta): 2892.26
2 (QN/EM) 	Elapsed: 0.069	Loglikelihood: -63368.4	(delta): 3342.68
3 (QN/EM) 	Elapsed: 0.073	Loglikelihood: -49251	(delta): 14117.4
4 (QN/EM) 	Elapsed: 0.073	Loglikelihood: -45872.2	(delta): 3378.8
5 (QN/EM) 	Elapsed: 0.071	Loglikelihood: -34736	(delta): 11136.3
6 (QN/EM) 	Elapsed: 0.072	Loglikelihood: -31147.2	(delta): 3588.73
7 (QN/EM) 	Elapsed: 0.072	Loglikelihood: -29651.6	(delta): 1495.62
8 (QN/EM) 	Elapsed: 0.071	Loglikelihood: -27687.8	(delta): 1963.83
9 (QN/EM) 	Elapsed: 0.072	Loglikelihood: -26404.2	(delta): 1283.62
10 (QN/EM) 	Elapsed: 0.072	Loglikelihood: -24152.5	(delta): 2251.71
11 (QN/EM) 	Elapsed: 0.071	Loglikelihood: -23197.3	(delta): 955.113
12 (QN/EM) 	Elapsed: 0.072	Loglikelihood: -22878.1	(delta): 319.211
13 (QN/EM) 	Elapsed: 0.071	Loglikelihood: -22425.3	(delta): 452.871
14 (QN/EM) 	Elapsed: 0.071	Loglikelihood: -21886.3	(delta): 538.949
15 (QN/EM) 	Elapsed: 0.074	Loglikelihood: -21720.8	(delta): 165.544
16 (QN/EM) 	Elapsed: 0.071	Loglikelihood: -21201.7	(delta): 519.087
17 (QN/EM) 	Elapsed: 0.071	Loglikelihood: -20800	(delta): 401.66
18 (QN/EM) 	Elapsed: 0.072	Loglikelihood: -19440.5	(delta): 1359.5
19 (QN/EM) 	Elapsed: 0.073	Loglikelihood: -18905.9	(delta): 534.597
20 (QN/EM) 	Elapsed: 0.071	Loglikelihood: -18852.5	(delta): 53.4663
21 (QN/EM) 	Elapsed: 0.072	Loglikelihood: -18821.9	(delta): 30.5357
22 (QN/EM) 	Elapsed: 0.072	Loglikelihood: -18746.7	(delta): 75.1949
23 (QN/EM) 	Elapsed: 0.073	Loglikelihood: -18681.1	(delta): 65.6077
24 (QN/EM) 	Elapsed: 0.072	Loglikelihood: -18659	(delta): 22.1527
25 (QN/EM) 	Elapsed: 0.072	Loglikelihood: -18544.3	(delta): 114.664
26 (QN/EM) 	Elapsed: 0.071	Loglikelihood: -18503.5	(delta): 40.7709
27 (QN/EM) 	Elapsed: 0.072	Loglikelihood: -18479.6	(delta): 23.9777
28 (QN/EM) 	Elapsed: 0.073	Loglikelihood: -18448.3	(delta): 31.2177
29 (QN/EM) 	Elapsed: 0.073	Loglikelihood: -18438.8	(delta): 9.50586
30 (QN/EM) 	Elapsed: 0.072	Loglikelihood: -18406.6	(delta): 32.1831
31 (QN/EM) 	Elapsed: 0.073	Loglikelihood: -18379.7	(delta): 26.9642
32 (QN/EM) 	Elapsed: 0.073	Loglikelihood: -18368.1	(delta): 11.5456
33 (QN/EM) 	Elapsed: 0.073	Loglikelihood: -18351.7	(delta): 16.3914
34 (QN/EM) 	Elapsed: 0.073	Loglikelihood: -18323.3	(delta): 28.4113
35 (QN/EM) 	Elapsed: 0.073	Loglikelihood: -18276	(delta): 47.3297
36 (QN/EM) 	Elapsed: 0.073	Loglikelihood: -18218.5	(delta): 57.5471
37 (QN/EM) 	Elapsed: 0.073	Loglikelihood: -18168.9	(delta): 49.5091
38 (QN/EM) 	Elapsed: 0.071	Loglikelihood: -18106.1	(delta): 62.8626
39 (QN/EM) 	Elapsed: 0.072	Loglikelihood: -18061.8	(delta): 44.2954
40 (QN/EM) 	Elapsed: 0.072	Loglikelihood: -18040.6	(delta): 21.2371
41 (QN/EM) 	Elapsed: 0.071	Loglikelihood: -18030.3	(delta): 10.2196
42 (QN/EM) 	Elapsed: 0.074	Loglikelihood: -18021	(delta): 9.37048
43 (QN/EM) 	Elapsed: 0.073	Loglikelihood: -18011.6	(delta): 9.35598
44 (QN/EM) 	Elapsed: 0.073	Loglikelihood: -18002.4	(delta): 9.24339
45 (QN/EM) 	Elapsed: 0.073	Loglikelihood: -17993.4	(delta): 8.92973
46 (QN/EM) 	Elapsed: 0.072	Loglikelihood: -17957.1	(delta): 36.2925
47 (QN/EM) 	Elapsed: 0.072	Loglikelihood: -17929.5	(delta): 27.6699
48 (QN/EM) 	Elapsed: 0.071	Loglikelihood: -17908.6	(delta): 20.8605
49 (QN/EM) 	Elapsed: 0.073	Loglikelihood: -17899.1	(delta): 9.55282
50 (QN/EM) 	Elapsed: 0.071	Loglikelihood: -17820.2	(delta): 78.8609
51 (QN/EM) 	Elapsed: 0.073	Loglikelihood: -17801.8	(delta): 18.4316
52 (QN/EM) 	Elapsed: 0.073	Loglikelihood: -17790.7	(delta): 11.0593
53 (QN/EM) 	Elapsed: 0.074	Loglikelihood: -17779.2	(delta): 11.5034
54 (QN/EM) 	Elapsed: 0.073	Loglikelihood: -17767.2	(delta): 12.0472
55 (QN/EM) 	Elapsed: 0.073	Loglikelihood: -17754.9	(delta): 12.2586
56 (QN/EM) 	Elapsed: 0.074	Loglikelihood: -17742	(delta): 12.9014
57 (QN/EM) 	Elapsed: 0.073	Loglikelihood: -17688.6	(delta): 53.4086
58 (QN/EM) 	Elapsed: 0.072	Loglikelihood: -17503.1	(delta): 185.53
59 (QN/EM) 	Elapsed: 0.074	Loglikelihood: -17476.2	(delta): 26.8871
60 (QN/EM) 	Elapsed: 0.073	Loglikelihood: -17449.2	(delta): 26.9263
61 (QN/EM) 	Elapsed: 0.071	Loglikelihood: -17257.3	(delta): 191.97
62 (QN/EM) 	Elapsed: 0.074	Loglikelihood: -17052.2	(delta): 205.116
63 (QN/EM) 	Elapsed: 0.071	Loglikelihood: -16879	(delta): 173.175
64 (QN/EM) 	Elapsed: 0.072	Loglikelihood: -16779.1	(delta): 99.9071
65 (QN/EM) 	Elapsed: 0.071	Loglikelihood: -16046.3	(delta): 732.752
66 (QN/EM) 	Elapsed: 0.073	Loglikelihood: -15977.8	(delta): 68.5492
67 (QN/EM) 	Elapsed: 0.071	Loglikelihood: -15866.8	(delta): 110.93
68 (QN/EM) 	Elapsed: 0.071	Loglikelihood: -15826.7	(delta): 40.1247
69 (QN/EM) 	Elapsed: 0.071	Loglikelihood: -15781.2	(delta): 45.5576
70 (QN/EM) 	Elapsed: 0.071	Loglikelihood: -15744.7	(delta): 36.48
71 (QN/EM) 	Elapsed: 0.073	Loglikelihood: -15714.6	(delta): 30.1021
72 (QN/EM) 	Elapsed: 0.073	Loglikelihood: -15714.1	(delta): 0.516494
73 (QN/EM) 	Elapsed: 0.073	Loglikelihood: -15713.6	(delta): 0.489584
74 (QN/EM) 	Elapsed: 0.073	Loglikelihood: -15713.1	(delta): 0.47156
75 (QN/EM) 	Elapsed: 0.074	Loglikelihood: -15712.6	(delta): 0.460233
76 (QN/EM) 	Elapsed: 0.073	Loglikelihood: -15712.2	(delta): 0.448602
77 (QN/EM) 	Elapsed: 0.071	Loglikelihood: -15710.8	(delta): 1.40264
78 (QN/EM) 	Elapsed: 0.073	Loglikelihood: -15710.4	(delta): 0.419899
79 (QN/EM) 	Elapsed: 0.071	Loglikelihood: -15709.9	(delta): 0.449859
80 (QN/EM) 	Elapsed: 0.071	Loglikelihood: -15680.4	(delta): 29.4814
81 (QN/EM) 	Elapsed: 0.073	Loglikelihood: -15680.1	(delta): 0.356716
82 (QN/EM) 	Elapsed: 0.072	Loglikelihood: -15678.6	(delta): 1.50976
83 (QN/EM) 	Elapsed: 0.071	Loglikelihood: -15675.3	(delta): 3.29435
84 (QN/EM) 	Elapsed: 0.073	Loglikelihood: -15674.8	(delta): 0.483144
85 (QN/EM) 	Elapsed: 0.073	Loglikelihood: -15674.4	(delta): 0.40135
86 (QN/EM) 	Elapsed: 0.072	Loglikelihood: -15674.1	(delta): 0.317012
87 (QN/EM) 	Elapsed: 0.073	Loglikelihood: -15673.8	(delta): 0.264998
88 (QN/EM) 	Elapsed: 0.073	Loglikelihood: -15673.6	(delta): 0.254724
89 (QN/EM) 	Elapsed: 0.073	Loglikelihood: -15673.2	(delta): 0.312864
90 (QN/EM) 	Elapsed: 0.073	Loglikelihood: -15672.9	(delta): 0.36819
91 (QN/EM) 	Elapsed: 0.073	Loglikelihood: -15672.5	(delta): 0.375323
92 (QN/EM) 	Elapsed: 0.073	Loglikelihood: -15672.1	(delta): 0.354414
93 (QN/EM) 	Elapsed: 0.072	Loglikelihood: -15671.1	(delta): 1.09285
94 (QN/EM) 	Elapsed: 0.072	Loglikelihood: -15669.3	(delta): 1.76103
95 (QN/EM) 	Elapsed: 0.071	Loglikelihood: -15667.6	(delta): 1.71168
96 (QN/EM) 	Elapsed: 0.071	Loglikelihood: -15666.5	(delta): 1.12707
97 (QN/EM) 	Elapsed: 0.071	Loglikelihood: -15664.6	(delta): 1.86034
98 (QN/EM) 	Elapsed: 0.071	Loglikelihood: -15664.1	(delta): 0.522767
99 (QN/EM) 	Elapsed: 0.071	Loglikelihood: -15663.6	(delta): 0.510329
100 (QN/EM) 	Elapsed: 0.071	Loglikelihood: -15663.3	(delta): 0.258695
101 (QN/EM) 	Elapsed: 0.071	Loglikelihood: -15653	(delta): 10.2988
102 (QN/EM) 	Elapsed: 0.072	Loglikelihood: -15647.2	(delta): 5.80369
103 (QN/EM) 	Elapsed: 0.073	Loglikelihood: -15643.4	(delta): 3.80869
104 (QN/EM) 	Elapsed: 0.071	Loglikelihood: -15642.2	(delta): 1.16971
105 (QN/EM) 	Elapsed: 0.073	Loglikelihood: -15641.1	(delta): 1.1036
106 (QN/EM) 	Elapsed: 0.071	Loglikelihood: -15638.8	(delta): 2.33288
107 (QN/EM) 	Elapsed: 0.073	Loglikelihood: -15636.1	(delta): 2.69704
108 (QN/EM) 	Elapsed: 0.073	Loglikelihood: -15634	(delta): 2.1156
109 (QN/EM) 	Elapsed: 0.073	Loglikelihood: -15633.4	(delta): 0.610623
110 (QN/EM) 	Elapsed: 0.071	Loglikelihood: -15632.6	(delta): 0.776185
111 (QN/EM) 	Elapsed: 0.073	Loglikelihood: -15632.3	(delta): 0.248584
112 (QN/EM) 	Elapsed: 0.073	Loglikelihood: -15632.1	(delta): 0.222034
113 (QN/EM) 	Elapsed: 0.071	Loglikelihood: -15631.6	(delta): 0.542824
114 (QN/EM) 	Elapsed: 0.071	Loglikelihood: -15630.4	(delta): 1.16786
115 (QN/EM) 	Elapsed: 0.071	Loglikelihood: -15629.6	(delta): 0.809002
116 (QN/EM) 	Elapsed: 0.072	Loglikelihood: -15626.2	(delta): 3.42678
117 (QN/EM) 	Elapsed: 0.071	Loglikelihood: -15625.4	(delta): 0.730394
118 (QN/EM) 	Elapsed: 0.071	Loglikelihood: -15625.1	(delta): 0.383119
119 (QN/EM) 	Elapsed: 0.072	Loglikelihood: -15624.9	(delta): 0.181918
120 (QN/EM) 	Elapsed: 0.071	Loglikelihood: -15624.7	(delta): 0.145077
121 (QN/EM) 	Elapsed: 0.071	Loglikelihood: -15622.1	(delta): 2.67278
122 (QN/EM) 	Elapsed: 0.073	Loglikelihood: -15621.6	(delta): 0.457836
123 (QN/EM) 	Elapsed: 0.071	Loglikelihood: -15621.3	(delta): 0.248654
124 (QN/EM) 	Elapsed: 0.071	Loglikelihood: -15621.2	(delta): 0.143832
125 (QN/EM) 	Elapsed: 0.071	Loglikelihood: -15621	(delta): 0.254981
126 (QN/EM) 	Elapsed: 0.073	Loglikelihood: -15620.9	(delta): 0.061035
127 (QN/EM) 	Elapsed: 0.073	Loglikelihood: -15620.8	(delta): 0.063584
128 (QN/EM) 	Elapsed: 0.073	Loglikelihood: -15620.6	(delta): 0.184322
129 (QN/EM) 	Elapsed: 0.073	Loglikelihood: -15620	(delta): 0.676499
130 (QN/EM) 	Elapsed: 0.073	Loglikelihood: -15619.9	(delta): 0.0517772
131 (QN/EM) 	Elapsed: 0.071	Loglikelihood: -15619.4	(delta): 0.517643
132 (QN/EM) 	Elapsed: 0.071	Loglikelihood: -15618.4	(delta): 0.962894
133 (QN/EM) 	Elapsed: 0.071	Loglikelihood: -15618.2	(delta): 0.21374
134 (QN/EM) 	Elapsed: 0.073	Loglikelihood: -15618.2	(delta): 0.0352635
135 (QN/EM) 	Elapsed: 0.071	Loglikelihood: -15616.8	(delta): 1.36099
136 (QN/EM) 	Elapsed: 0.071	Loglikelihood: -15615.1	(delta): 1.77084
137 (QN/EM) 	Elapsed: 0.071	Loglikelihood: -15612.9	(delta): 2.15449
138 (QN/EM) 	Elapsed: 0.072	Loglikelihood: -15612.5	(delta): 0.372507
139 (QN/EM) 	Elapsed: 0.072	Loglikelihood: -15612.5	(delta): 0.0738306
140 (QN/EM) 	Elapsed: 0.071	Loglikelihood: -15611.6	(delta): 0.873488
141 (QN/EM) 	Elapsed: 0.073	Loglikelihood: -15611.5	(delta): 0.0687096
142 (QN/EM) 	Elapsed: 0.073	Loglikelihood: -15611.4	(delta): 0.067222
143 (QN/EM) 	Elapsed: 0.071	Loglikelihood: -15611.2	(delta): 0.225746
144 (QN/EM) 	Elapsed: 0.072	Loglikelihood: -15611	(delta): 0.177721
145 (QN/EM) 	Elapsed: 0.071	Loglikelihood: -15609.4	(delta): 1.64338
146 (QN/EM) 	Elapsed: 0.072	Loglikelihood: -15608.9	(delta): 0.494084
147 (QN/EM) 	Elapsed: 0.071	Loglikelihood: -15608.8	(delta): 0.108698
148 (QN/EM) 	Elapsed: 0.071	Loglikelihood: -15608.5	(delta): 0.259983
149 (QN/EM) 	Elapsed: 0.071	Loglikelihood: -15608.3	(delta): 0.264397
150 (QN/EM) 	Elapsed: 0.071	Loglikelihood: -15608	(delta): 0.24028
151 (QN/EM) 	Elapsed: 0.071	Loglikelihood: -15607.9	(delta): 0.104113
152 (QN/EM) 	Elapsed: 0.071	Loglikelihood: -15607.3	(delta): 0.639155
153 (QN/EM) 	Elapsed: 0.071	Loglikelihood: -15607	(delta): 0.296516
154 (QN/EM) 	Elapsed: 0.071	Loglikelihood: -15606	(delta): 0.97854
155 (QN/EM) 	Elapsed: 0.071	Loglikelihood: -15606	(delta): 0.0500654
156 (QN/EM) 	Elapsed: 0.071	Loglikelihood: -15605.9	(delta): 0.0914117
157 (QN/EM) 	Elapsed: 0.071	Loglikelihood: -15605.7	(delta): 0.155909
158 (QN/EM) 	Elapsed: 0.073	Loglikelihood: -15605.7	(delta): 0.0275862
159 (QN/EM) 	Elapsed: 0.073	Loglikelihood: -15605.7	(delta): 0.0293426
160 (QN/EM) 	Elapsed: 0.073	Loglikelihood: -15605.6	(delta): 0.0317422
161 (QN/EM) 	Elapsed: 0.073	Loglikelihood: -15605.6	(delta): 0.034384
162 (QN/EM) 	Elapsed: 0.073	Loglikelihood: -15605.6	(delta): 0.0372258
163 (QN/EM) 	Elapsed: 0.072	Loglikelihood: -15605.4	(delta): 0.156492
164 (QN/EM) 	Elapsed: 0.073	Loglikelihood: -15604.6	(delta): 0.821999
165 (QN/EM) 	Elapsed: 0.073	Loglikelihood: -15604.5	(delta): 0.0796832
166 (QN/EM) 	Elapsed: 0.071	Loglikelihood: -15603.9	(delta): 0.557568
167 (QN/EM) 	Elapsed: 0.071	Loglikelihood: -15603.4	(delta): 0.534271
168 (QN/EM) 	Elapsed: 0.071	Loglikelihood: -15602.3	(delta): 1.07985
169 (QN/EM) 	Elapsed: 0.071	Loglikelihood: -15601.3	(delta): 0.985146
170 (QN/EM) 	Elapsed: 0.071	Loglikelihood: -15601.2	(delta): 0.138282
171 (QN/EM) 	Elapsed: 0.071	Loglikelihood: -15601	(delta): 0.166459
172 (QN/EM) 	Elapsed: 0.071	Loglikelihood: -15600.6	(delta): 0.438676
173 (QN/EM) 	Elapsed: 0.071	Loglikelihood: -15600	(delta): 0.590122
174 (QN/EM) 	Elapsed: 0.071	Loglikelihood: -15599.7	(delta): 0.281337
175 (QN/EM) 	Elapsed: 0.071	Loglikelihood: -15599.7	(delta): 0.0155292
176 (QN/EM) 	Elapsed: 0.071	Loglikelihood: -15599.7	(delta): 0.0399418
177 (QN/EM) 	Elapsed: 0.073	Loglikelihood: -15599.6	(delta): 0.0336827
178 (QN/EM) 	Elapsed: 0.073	Loglikelihood: -15599.6	(delta): 0.0484262
179 (QN/EM) 	Elapsed: 0.073	Loglikelihood: -15599.5	(delta): 0.0442962
180 (QN/EM) 	Elapsed: 0.073	Loglikelihood: -15599.5	(delta): 0.0298693
181 (QN/EM) 	Elapsed: 0.073	Loglikelihood: -15599.5	(delta): 0.0258441
182 (QN/EM) 	Elapsed: 0.073	Loglikelihood: -15599.5	(delta): 0.0315603
183 (QN/EM) 	Elapsed: 0.073	Loglikelihood: -15599.4	(delta): 0.0420136
184 (QN/EM) 	Elapsed: 0.073	Loglikelihood: -15599.4	(delta): 0.0548529
185 (QN/EM) 	Elapsed: 0.071	Loglikelihood: -15599	(delta): 0.372406
186 (QN/EM) 	Elapsed: 0.073	Loglikelihood: -15598.9	(delta): 0.0625703
187 (QN/EM) 	Elapsed: 0.073	Loglikelihood: -15598.9	(delta): 0.0554557
188 (QN/EM) 	Elapsed: 0.073	Loglikelihood: -15598.8	(delta): 0.0499754
189 (QN/EM) 	Elapsed: 0.073	Loglikelihood: -15598.8	(delta): 0.0456574
190 (QN/EM) 	Elapsed: 0.073	Loglikelihood: -15598.7	(delta): 0.0425538
191 (QN/EM) 	Elapsed: 0.071	Loglikelihood: -15598.7	(delta): 0.0553006
192 (QN/EM) 	Elapsed: 0.071	Loglikelihood: -15598.3	(delta): 0.388567
193 (QN/EM) 	Elapsed: 0.071	Loglikelihood: -15597.8	(delta): 0.492272
194 (QN/EM) 	Elapsed: 0.073	Loglikelihood: -15597.7	(delta): 0.0936158
195 (QN/EM) 	Elapsed: 0.073	Loglikelihood: -15597.6	(delta): 0.0863398
196 (QN/EM) 	Elapsed: 0.073	Loglikelihood: -15597.5	(delta): 0.0776772
197 (QN/EM) 	Elapsed: 0.073	Loglikelihood: -15597.5	(delta): 0.0635862
198 (QN/EM) 	Elapsed: 0.073	Loglikelihood: -15597.4	(delta): 0.0510194
199 (QN/EM) 	Elapsed: 0.071	Loglikelihood: -15595.5	(delta): 1.94538
200 (QN/EM) 	Elapsed: 0.071	Loglikelihood: -15594.7	(delta): 0.741236
201 (QN/EM) 	Elapsed: 0.073	Loglikelihood: -15594.7	(delta): 0.0783666
202 (QN/EM) 	Elapsed: 0.073	Loglikelihood: -15594.6	(delta): 0.0327781
203 (QN/EM) 	Elapsed: 0.073	Loglikelihood: -15594.6	(delta): 0.0467303
204 (QN/EM) 	Elapsed: 0.071	Loglikelihood: -15594.5	(delta): 0.0497102
205 (QN/EM) 	Elapsed: 0.073	Loglikelihood: -15594.5	(delta): 0.00378551
206 (QN/EM) 	Elapsed: 0.073	Loglikelihood: -15594.5	(delta): 0.00244455
207 (QN/EM) 	Elapsed: 0.071	Loglikelihood: -15594.2	(delta): 0.353956
208 (QN/EM) 	Elapsed: 0.071	Loglikelihood: -15594.1	(delta): 0.0382706
209 (QN/EM) 	Elapsed: 0.073	Loglikelihood: -15594.1	(delta): 0.000384438
210 (QN/EM) 	Elapsed: 0.071	Loglikelihood: -15594.1	(delta): 0.0126604
211 (QN/EM) 	Elapsed: 0.073	Loglikelihood: -15594.1	(delta): 0.000261846
212 (QN/EM) 	Elapsed: 0.073	Loglikelihood: -15594.1	(delta): 0.000256171
213 (QN/EM) 	Elapsed: 0.071	Loglikelihood: -15594.1	(delta): 0.00261799
214 (QN/EM) 	Elapsed: 0.072	Loglikelihood: -15594.1	(delta): 0.0179552
215 (QN/EM) 	Elapsed: 0.073	Loglikelihood: -15594.1	(delta): 0.0176878
216 (QN/EM) 	Elapsed: 0.071	Loglikelihood: -15594	(delta): 0.0271325
217 (QN/EM) 	Elapsed: 0.071	Loglikelihood: -15594	(delta): 0.00258554
218 (QN/EM) 	Elapsed: 0.072	Loglikelihood: -15594	(delta): 0.00133583
219 (QN/EM) 	Elapsed: 0.071	Loglikelihood: -15594	(delta): 0.00204085
220 (QN/EM) 	Elapsed: 0.072	Loglikelihood: -15594	(delta): 0.00773917
221 (QN/EM) 	Elapsed: 0.072	Loglikelihood: -15594	(delta): 0.00108759
222 (QN/EM) 	Elapsed: 0.071	Loglikelihood: -15594	(delta): 0.000604268
223 (QN/EM) 	Elapsed: 0.071	Loglikelihood: -15594	(delta): 0.00191253
224 (QN/EM) 	Elapsed: 0.071	Loglikelihood: -15594	(delta): 0.000748532
225 (QN/EM) 	Elapsed: 0.071	Loglikelihood: -15594	(delta): 0.000477798
226 (QN/EM) 	Elapsed: 0.071	Loglikelihood: -15594	(delta): 0.000734022
227 (QN/EM) 	Elapsed: 0.071	Loglikelihood: -15594	(delta): 0.000935056
228 (QN/EM) 	Elapsed: 0.071	Loglikelihood: -15594	(delta): 0.00712551
229 (QN/EM) 	Elapsed: 0.071	Loglikelihood: -15594	(delta): 0.00470365
230 (QN/EM) 	Elapsed: 0.071	Loglikelihood: -15594	(delta): 0.000493095
231 (QN/EM) 	Elapsed: 0.072	Loglikelihood: -15594	(delta): 0.000465767
232 (QN/EM) 	Elapsed: 0.071	Loglikelihood: -15594	(delta): 0.000218513
233 (QN/EM) 	Elapsed: 0.071	Loglikelihood: -15594	(delta): 0.000139631
234 (QN/EM) 	Elapsed: 0.071	Loglikelihood: -15594	(delta): 0.00132665
235 (QN/EM) 	Elapsed: 0.073	Loglikelihood: -15594	(delta): 0.000102639
236 (QN/EM) 	Elapsed: 0.073	Loglikelihood: -15594	(delta): 8.3176e-05
Summary: 
Converged in 236 iterations (17.378 sec)
Loglikelihood: -15594.011817
Fst divergences between estimated populations: 
	Pop0	Pop1	Pop2	Pop3	Pop4	Pop5	Pop6	Pop7	Pop8	
Pop0	
Pop1	0.856	
Pop2	0.721	0.782	
Pop3	0.760	0.814	0.679	
Pop4	0.680	0.714	0.634	0.667	
Pop5	0.762	0.824	0.704	0.735	0.678	
Pop6	0.383	0.857	0.725	0.763	0.683	0.766	
Pop7	0.326	0.844	0.710	0.749	0.667	0.751	0.166	
Pop8	0.834	0.896	0.775	0.808	0.732	0.816	0.836	0.820	
Pop9	0.846	0.887	0.763	0.693	0.739	0.811	0.848	0.835	0.884	
CV error (K=10): 0.10659
Writing output files.
