****                   ADMIXTURE Version 1.3.0                  ****
****                    Copyright 2008-2015                     ****
****           David Alexander, Suyash Shringarpure,            ****
****                John  Novembre, Ken Lange                   ****
****                                                            ****
****                 Please cite our paper!                     ****
****   Information at www.genetics.ucla.edu/software/admixture  ****

Cross-validation will be performed.  Folds=5.
Parallel execution requested.  Will use 5 threads.
Random seed: 43
Point estimation method: EM algorithm
Convergence acceleration algorithm: QuasiNewton, 3 secant conditions
Point estimation will terminate when objective function delta < 0.0001
Estimation of standard errors disabled; will compute point estimates only.
Size of G: 100x2315
Performing five EM steps to prime main algorithm
1 (EM) 	Elapsed: 0.01	Loglikelihood: -75205.9	(delta): 380923
2 (EM) 	Elapsed: 0.009	Loglikelihood: -75205.9	(delta): -1.45519e-11
3 (EM) 	Elapsed: 0.009	Loglikelihood: -75205.9	(delta): 1.45519e-11
4 (EM) 	Elapsed: 0.009	Loglikelihood: -75205.9	(delta): -1.45519e-11
5 (EM) 	Elapsed: 0.008	Loglikelihood: -75205.9	(delta): 0
Initial loglikelihood: -75205.9
Starting main algorithm
1 (QN/EM) 	Elapsed: 0.009	Loglikelihood: -75205.9	(delta): 0
Summary: 
Converged in 1 iterations (0.063 sec)
Loglikelihood: -75205.933700
PROBLEM INVERTING MATRIX!
PROBLEM INVERTING MATRIX!
PROBLEM INVERTING MATRIX!
PROBLEM INVERTING MATRIX!
PROBLEM INVERTING MATRIX!
CV error (K=1): 0.35740
Writing output files.
