****                   ADMIXTURE Version 1.3.0                  ****
****                    Copyright 2008-2015                     ****
****           David Alexander, Suyash Shringarpure,            ****
****                John  Novembre, Ken Lange                   ****
****                                                            ****
****                 Please cite our paper!                     ****
****   Information at www.genetics.ucla.edu/software/admixture  ****

Cross-validation will be performed.  Folds=5.
Parallel execution requested.  Will use 5 threads.
Random seed: 43
Point estimation method: EM algorithm
Convergence acceleration algorithm: QuasiNewton, 3 secant conditions
Point estimation will terminate when objective function delta < 0.0001
Estimation of standard errors disabled; will compute point estimates only.
Size of G: 100x2315
Performing five EM steps to prime main algorithm
1 (EM) 	Elapsed: 0.013	Loglikelihood: -79956.3	(delta): 287024
2 (EM) 	Elapsed: 0.013	Loglikelihood: -74447.9	(delta): 5508.47
3 (EM) 	Elapsed: 0.013	Loglikelihood: -73121.3	(delta): 1326.57
4 (EM) 	Elapsed: 0.013	Loglikelihood: -72205.8	(delta): 915.513
5 (EM) 	Elapsed: 0.013	Loglikelihood: -71444.1	(delta): 761.632
Initial loglikelihood: -71444.1
Starting main algorithm
1 (QN/EM) 	Elapsed: 0.028	Loglikelihood: -70001.2	(delta): 1442.94
2 (QN/EM) 	Elapsed: 0.028	Loglikelihood: -68417.6	(delta): 1583.55
3 (QN/EM) 	Elapsed: 0.029	Loglikelihood: -64222	(delta): 4195.68
4 (QN/EM) 	Elapsed: 0.028	Loglikelihood: -61014.9	(delta): 3207.06
5 (QN/EM) 	Elapsed: 0.028	Loglikelihood: -58631.1	(delta): 2383.82
6 (QN/EM) 	Elapsed: 0.029	Loglikelihood: -57451.4	(delta): 1179.65
7 (QN/EM) 	Elapsed: 0.028	Loglikelihood: -54704.9	(delta): 2746.49
8 (QN/EM) 	Elapsed: 0.029	Loglikelihood: -51369.6	(delta): 3335.35
9 (QN/EM) 	Elapsed: 0.028	Loglikelihood: -49690.5	(delta): 1679.1
10 (QN/EM) 	Elapsed: 0.029	Loglikelihood: -48841.2	(delta): 849.259
11 (QN/EM) 	Elapsed: 0.028	Loglikelihood: -47165.5	(delta): 1675.79
12 (QN/EM) 	Elapsed: 0.029	Loglikelihood: -46551	(delta): 614.466
13 (QN/EM) 	Elapsed: 0.028	Loglikelihood: -46152.2	(delta): 398.813
14 (QN/EM) 	Elapsed: 0.029	Loglikelihood: -46067.3	(delta): 84.8635
15 (QN/EM) 	Elapsed: 0.03	Loglikelihood: -46011.4	(delta): 55.9226
16 (QN/EM) 	Elapsed: 0.029	Loglikelihood: -45885.6	(delta): 125.762
17 (QN/EM) 	Elapsed: 0.028	Loglikelihood: -45793.9	(delta): 91.7402
18 (QN/EM) 	Elapsed: 0.028	Loglikelihood: -45755.8	(delta): 38.0518
19 (QN/EM) 	Elapsed: 0.029	Loglikelihood: -45745.9	(delta): 9.91165
20 (QN/EM) 	Elapsed: 0.03	Loglikelihood: -45732.1	(delta): 13.8223
21 (QN/EM) 	Elapsed: 0.029	Loglikelihood: -45724.1	(delta): 8.02621
22 (QN/EM) 	Elapsed: 0.03	Loglikelihood: -45717.4	(delta): 6.65809
23 (QN/EM) 	Elapsed: 0.029	Loglikelihood: -45711.9	(delta): 5.49666
24 (QN/EM) 	Elapsed: 0.03	Loglikelihood: -45707.2	(delta): 4.72931
25 (QN/EM) 	Elapsed: 0.028	Loglikelihood: -45703.1	(delta): 4.13251
26 (QN/EM) 	Elapsed: 0.029	Loglikelihood: -45699.5	(delta): 3.52484
27 (QN/EM) 	Elapsed: 0.03	Loglikelihood: -45696.4	(delta): 3.11182
28 (QN/EM) 	Elapsed: 0.029	Loglikelihood: -45693.6	(delta): 2.79559
29 (QN/EM) 	Elapsed: 0.029	Loglikelihood: -45689.8	(delta): 3.84229
30 (QN/EM) 	Elapsed: 0.028	Loglikelihood: -45681.6	(delta): 8.19405
31 (QN/EM) 	Elapsed: 0.03	Loglikelihood: -45680.4	(delta): 1.18225
32 (QN/EM) 	Elapsed: 0.03	Loglikelihood: -45679.3	(delta): 1.05596
33 (QN/EM) 	Elapsed: 0.029	Loglikelihood: -45678.4	(delta): 0.955622
34 (QN/EM) 	Elapsed: 0.029	Loglikelihood: -45671.2	(delta): 7.24258
35 (QN/EM) 	Elapsed: 0.029	Loglikelihood: -45670.2	(delta): 0.996943
36 (QN/EM) 	Elapsed: 0.028	Loglikelihood: -45669	(delta): 1.1607
37 (QN/EM) 	Elapsed: 0.028	Loglikelihood: -45668.3	(delta): 0.717276
38 (QN/EM) 	Elapsed: 0.029	Loglikelihood: -45667.2	(delta): 1.11529
39 (QN/EM) 	Elapsed: 0.029	Loglikelihood: -45665.8	(delta): 1.34819
40 (QN/EM) 	Elapsed: 0.029	Loglikelihood: -45665.2	(delta): 0.657914
41 (QN/EM) 	Elapsed: 0.03	Loglikelihood: -45664.9	(delta): 0.284447
42 (QN/EM) 	Elapsed: 0.03	Loglikelihood: -45664.5	(delta): 0.387903
43 (QN/EM) 	Elapsed: 0.03	Loglikelihood: -45663.9	(delta): 0.585898
44 (QN/EM) 	Elapsed: 0.03	Loglikelihood: -45663	(delta): 0.872147
45 (QN/EM) 	Elapsed: 0.03	Loglikelihood: -45661.8	(delta): 1.22126
46 (QN/EM) 	Elapsed: 0.03	Loglikelihood: -45660.2	(delta): 1.60032
47 (QN/EM) 	Elapsed: 0.029	Loglikelihood: -45658.2	(delta): 1.99696
48 (QN/EM) 	Elapsed: 0.029	Loglikelihood: -45655.7	(delta): 2.48349
49 (QN/EM) 	Elapsed: 0.03	Loglikelihood: -45652.5	(delta): 3.1857
50 (QN/EM) 	Elapsed: 0.03	Loglikelihood: -45648.3	(delta): 4.22244
51 (QN/EM) 	Elapsed: 0.029	Loglikelihood: -45565.4	(delta): 82.9476
52 (QN/EM) 	Elapsed: 0.029	Loglikelihood: -45321.6	(delta): 243.78
53 (QN/EM) 	Elapsed: 0.029	Loglikelihood: -44972.3	(delta): 349.258
54 (QN/EM) 	Elapsed: 0.03	Loglikelihood: -44696.9	(delta): 275.455
55 (QN/EM) 	Elapsed: 0.028	Loglikelihood: -44614.3	(delta): 82.5328
56 (QN/EM) 	Elapsed: 0.029	Loglikelihood: -44445.9	(delta): 168.398
57 (QN/EM) 	Elapsed: 0.028	Loglikelihood: -44396.2	(delta): 49.7021
58 (QN/EM) 	Elapsed: 0.03	Loglikelihood: -44382.4	(delta): 13.8889
59 (QN/EM) 	Elapsed: 0.028	Loglikelihood: -44378.1	(delta): 4.28477
60 (QN/EM) 	Elapsed: 0.029	Loglikelihood: -44341.3	(delta): 36.7964
61 (QN/EM) 	Elapsed: 0.029	Loglikelihood: -44341.1	(delta): 0.155964
62 (QN/EM) 	Elapsed: 0.03	Loglikelihood: -44341.1	(delta): 0.000224219
63 (QN/EM) 	Elapsed: 0.028	Loglikelihood: -44341.1	(delta): 0.00455792
64 (QN/EM) 	Elapsed: 0.029	Loglikelihood: -44341.1	(delta): 0.000149402
65 (QN/EM) 	Elapsed: 0.028	Loglikelihood: -44341.1	(delta): 0.00228242
66 (QN/EM) 	Elapsed: 0.028	Loglikelihood: -44341.1	(delta): 2.00725e-05
Summary: 
Converged in 66 iterations (2.034 sec)
Loglikelihood: -44341.107188
Fst divergences between estimated populations: 
	Pop0	Pop1	
Pop0	
Pop1	0.459	
Pop2	0.416	0.285	
CV error (K=3): 0.24175
Writing output files.
