****                   ADMIXTURE Version 1.3.0                  ****
****                    Copyright 2008-2015                     ****
****           David Alexander, Suyash Shringarpure,            ****
****                John  Novembre, Ken Lange                   ****
****                                                            ****
****                 Please cite our paper!                     ****
****   Information at www.genetics.ucla.edu/software/admixture  ****

Cross-validation will be performed.  Folds=5.
Parallel execution requested.  Will use 5 threads.
Random seed: 43
Point estimation method: EM algorithm
Convergence acceleration algorithm: QuasiNewton, 3 secant conditions
Point estimation will terminate when objective function delta < 0.0001
Estimation of standard errors disabled; will compute point estimates only.
Size of G: 100x2315
Performing five EM steps to prime main algorithm
1 (EM) 	Elapsed: 0.017	Loglikelihood: -81160.6	(delta): 269527
2 (EM) 	Elapsed: 0.016	Loglikelihood: -75165.6	(delta): 5995.04
3 (EM) 	Elapsed: 0.017	Loglikelihood: -73849.8	(delta): 1315.73
4 (EM) 	Elapsed: 0.017	Loglikelihood: -73012.7	(delta): 837.124
5 (EM) 	Elapsed: 0.017	Loglikelihood: -72342.6	(delta): 670.117
Initial loglikelihood: -72342.6
Starting main algorithm
1 (QN/EM) 	Elapsed: 0.03	Loglikelihood: -71164.1	(delta): 1178.48
2 (QN/EM) 	Elapsed: 0.03	Loglikelihood: -69992.9	(delta): 1171.23
3 (QN/EM) 	Elapsed: 0.031	Loglikelihood: -60636	(delta): 9356.87
4 (QN/EM) 	Elapsed: 0.032	Loglikelihood: -54826.4	(delta): 5809.57
5 (QN/EM) 	Elapsed: 0.031	Loglikelihood: -49704.5	(delta): 5121.92
6 (QN/EM) 	Elapsed: 0.031	Loglikelihood: -41842.5	(delta): 7862.02
7 (QN/EM) 	Elapsed: 0.031	Loglikelihood: -38979.3	(delta): 2863.18
8 (QN/EM) 	Elapsed: 0.031	Loglikelihood: -37536.2	(delta): 1443.12
9 (QN/EM) 	Elapsed: 0.031	Loglikelihood: -35008.6	(delta): 2527.62
10 (QN/EM) 	Elapsed: 0.031	Loglikelihood: -34316	(delta): 692.574
11 (QN/EM) 	Elapsed: 0.031	Loglikelihood: -34086.3	(delta): 229.719
12 (QN/EM) 	Elapsed: 0.031	Loglikelihood: -33974.2	(delta): 112.047
13 (QN/EM) 	Elapsed: 0.031	Loglikelihood: -33913.6	(delta): 60.5802
14 (QN/EM) 	Elapsed: 0.031	Loglikelihood: -33785.3	(delta): 128.319
15 (QN/EM) 	Elapsed: 0.032	Loglikelihood: -33713.8	(delta): 71.5179
16 (QN/EM) 	Elapsed: 0.031	Loglikelihood: -33525.6	(delta): 188.21
17 (QN/EM) 	Elapsed: 0.032	Loglikelihood: -33505.2	(delta): 20.4055
18 (QN/EM) 	Elapsed: 0.031	Loglikelihood: -33470.4	(delta): 34.8238
19 (QN/EM) 	Elapsed: 0.031	Loglikelihood: -33448.7	(delta): 21.6354
20 (QN/EM) 	Elapsed: 0.032	Loglikelihood: -33441.1	(delta): 7.68296
21 (QN/EM) 	Elapsed: 0.032	Loglikelihood: -33435.2	(delta): 5.81108
22 (QN/EM) 	Elapsed: 0.032	Loglikelihood: -33429.5	(delta): 5.7041
23 (QN/EM) 	Elapsed: 0.032	Loglikelihood: -33423.1	(delta): 6.39611
24 (QN/EM) 	Elapsed: 0.032	Loglikelihood: -33415.4	(delta): 7.78461
25 (QN/EM) 	Elapsed: 0.032	Loglikelihood: -33405.1	(delta): 10.272
26 (QN/EM) 	Elapsed: 0.032	Loglikelihood: -33389.9	(delta): 15.1393
27 (QN/EM) 	Elapsed: 0.032	Loglikelihood: -33363.9	(delta): 26.0087
28 (QN/EM) 	Elapsed: 0.032	Loglikelihood: -33313.7	(delta): 50.239
29 (QN/EM) 	Elapsed: 0.032	Loglikelihood: -33157.9	(delta): 155.761
30 (QN/EM) 	Elapsed: 0.032	Loglikelihood: -32984.6	(delta): 173.305
31 (QN/EM) 	Elapsed: 0.031	Loglikelihood: -32919.8	(delta): 64.8821
32 (QN/EM) 	Elapsed: 0.031	Loglikelihood: -32900.9	(delta): 18.8449
33 (QN/EM) 	Elapsed: 0.031	Loglikelihood: -32895.8	(delta): 5.09735
34 (QN/EM) 	Elapsed: 0.031	Loglikelihood: -32893.1	(delta): 2.67109
35 (QN/EM) 	Elapsed: 0.031	Loglikelihood: -32863.2	(delta): 29.9425
36 (QN/EM) 	Elapsed: 0.031	Loglikelihood: -32856.3	(delta): 6.92479
37 (QN/EM) 	Elapsed: 0.031	Loglikelihood: -32850.7	(delta): 5.57633
38 (QN/EM) 	Elapsed: 0.031	Loglikelihood: -32848.3	(delta): 2.3792
39 (QN/EM) 	Elapsed: 0.032	Loglikelihood: -32842.9	(delta): 5.38796
40 (QN/EM) 	Elapsed: 0.031	Loglikelihood: -32835.1	(delta): 7.79241
41 (QN/EM) 	Elapsed: 0.031	Loglikelihood: -32831.3	(delta): 3.84683
42 (QN/EM) 	Elapsed: 0.031	Loglikelihood: -32824.5	(delta): 6.83735
43 (QN/EM) 	Elapsed: 0.031	Loglikelihood: -32799.4	(delta): 25.0253
44 (QN/EM) 	Elapsed: 0.031	Loglikelihood: -32786	(delta): 13.3801
45 (QN/EM) 	Elapsed: 0.032	Loglikelihood: -32768	(delta): 18.0794
46 (QN/EM) 	Elapsed: 0.031	Loglikelihood: -32760.6	(delta): 7.36019
47 (QN/EM) 	Elapsed: 0.031	Loglikelihood: -32756	(delta): 4.64213
48 (QN/EM) 	Elapsed: 0.031	Loglikelihood: -32754.3	(delta): 1.62872
49 (QN/EM) 	Elapsed: 0.031	Loglikelihood: -32753.1	(delta): 1.22394
50 (QN/EM) 	Elapsed: 0.031	Loglikelihood: -32750.4	(delta): 2.70379
51 (QN/EM) 	Elapsed: 0.031	Loglikelihood: -32749.5	(delta): 0.944828
52 (QN/EM) 	Elapsed: 0.031	Loglikelihood: -32745.2	(delta): 4.27694
53 (QN/EM) 	Elapsed: 0.031	Loglikelihood: -32744.9	(delta): 0.285961
54 (QN/EM) 	Elapsed: 0.031	Loglikelihood: -32744.8	(delta): 0.100978
55 (QN/EM) 	Elapsed: 0.031	Loglikelihood: -32744.6	(delta): 0.234765
56 (QN/EM) 	Elapsed: 0.031	Loglikelihood: -32744.1	(delta): 0.42413
57 (QN/EM) 	Elapsed: 0.031	Loglikelihood: -32743.4	(delta): 0.717458
58 (QN/EM) 	Elapsed: 0.031	Loglikelihood: -32743.4	(delta): 0.0193373
59 (QN/EM) 	Elapsed: 0.032	Loglikelihood: -32743.4	(delta): 0.00340886
60 (QN/EM) 	Elapsed: 0.031	Loglikelihood: -32743.4	(delta): 0.00886133
61 (QN/EM) 	Elapsed: 0.031	Loglikelihood: -32743.4	(delta): 0.010549
62 (QN/EM) 	Elapsed: 0.031	Loglikelihood: -32743.3	(delta): 0.0572305
63 (QN/EM) 	Elapsed: 0.031	Loglikelihood: -32743.1	(delta): 0.213042
64 (QN/EM) 	Elapsed: 0.031	Loglikelihood: -32743.1	(delta): 0.00111602
65 (QN/EM) 	Elapsed: 0.031	Loglikelihood: -32743.1	(delta): 0.00270489
66 (QN/EM) 	Elapsed: 0.031	Loglikelihood: -32743.1	(delta): 0.00271676
67 (QN/EM) 	Elapsed: 0.031	Loglikelihood: -32743.1	(delta): 0.00521331
68 (QN/EM) 	Elapsed: 0.031	Loglikelihood: -32743.1	(delta): 0.00425667
69 (QN/EM) 	Elapsed: 0.031	Loglikelihood: -32743.1	(delta): 0.00760295
70 (QN/EM) 	Elapsed: 0.031	Loglikelihood: -32743.1	(delta): 0.010719
71 (QN/EM) 	Elapsed: 0.031	Loglikelihood: -32743.1	(delta): 0.00996259
72 (QN/EM) 	Elapsed: 0.031	Loglikelihood: -32743.1	(delta): 0.0138142
73 (QN/EM) 	Elapsed: 0.031	Loglikelihood: -32743	(delta): 0.0102472
74 (QN/EM) 	Elapsed: 0.031	Loglikelihood: -32743	(delta): 0.0141882
75 (QN/EM) 	Elapsed: 0.031	Loglikelihood: -32743	(delta): 0.0248504
76 (QN/EM) 	Elapsed: 0.031	Loglikelihood: -32743	(delta): 0.0314104
77 (QN/EM) 	Elapsed: 0.031	Loglikelihood: -32743	(delta): 0.0124307
78 (QN/EM) 	Elapsed: 0.031	Loglikelihood: -32742.9	(delta): 0.0208737
79 (QN/EM) 	Elapsed: 0.031	Loglikelihood: -32742.9	(delta): 0.0605463
80 (QN/EM) 	Elapsed: 0.031	Loglikelihood: -32742.7	(delta): 0.161117
81 (QN/EM) 	Elapsed: 0.031	Loglikelihood: -32742.7	(delta): 0.0143237
82 (QN/EM) 	Elapsed: 0.031	Loglikelihood: -32742.7	(delta): 0.0277913
83 (QN/EM) 	Elapsed: 0.031	Loglikelihood: -32742.3	(delta): 0.377665
84 (QN/EM) 	Elapsed: 0.032	Loglikelihood: -32742.3	(delta): 0.0134486
85 (QN/EM) 	Elapsed: 0.031	Loglikelihood: -32742.2	(delta): 0.0621532
86 (QN/EM) 	Elapsed: 0.031	Loglikelihood: -32742.2	(delta): 0.0289698
87 (QN/EM) 	Elapsed: 0.031	Loglikelihood: -32742	(delta): 0.188656
88 (QN/EM) 	Elapsed: 0.031	Loglikelihood: -32741.7	(delta): 0.275631
89 (QN/EM) 	Elapsed: 0.031	Loglikelihood: -32741.7	(delta): 0.0538545
90 (QN/EM) 	Elapsed: 0.031	Loglikelihood: -32741.6	(delta): 0.0473614
91 (QN/EM) 	Elapsed: 0.031	Loglikelihood: -32741.5	(delta): 0.0994798
92 (QN/EM) 	Elapsed: 0.032	Loglikelihood: -32741	(delta): 0.485511
93 (QN/EM) 	Elapsed: 0.031	Loglikelihood: -32740.9	(delta): 0.101136
94 (QN/EM) 	Elapsed: 0.031	Loglikelihood: -32740.9	(delta): 0.0391348
95 (QN/EM) 	Elapsed: 0.031	Loglikelihood: -32740.9	(delta): 0.00724655
96 (QN/EM) 	Elapsed: 0.031	Loglikelihood: -32740.9	(delta): 0.00364551
97 (QN/EM) 	Elapsed: 0.031	Loglikelihood: -32740.9	(delta): 0.00810806
98 (QN/EM) 	Elapsed: 0.031	Loglikelihood: -32740.9	(delta): 0.0243293
99 (QN/EM) 	Elapsed: 0.031	Loglikelihood: -32740.9	(delta): 0.00100877
100 (QN/EM) 	Elapsed: 0.031	Loglikelihood: -32740.9	(delta): 0.000522859
101 (QN/EM) 	Elapsed: 0.031	Loglikelihood: -32740.9	(delta): 0.000958434
102 (QN/EM) 	Elapsed: 0.031	Loglikelihood: -32740.9	(delta): 0.0014777
103 (QN/EM) 	Elapsed: 0.031	Loglikelihood: -32740.9	(delta): 0.000648736
104 (QN/EM) 	Elapsed: 0.031	Loglikelihood: -32740.9	(delta): 0.000339593
105 (QN/EM) 	Elapsed: 0.031	Loglikelihood: -32740.9	(delta): 0.00027908
106 (QN/EM) 	Elapsed: 0.031	Loglikelihood: -32740.9	(delta): 0.000383721
107 (QN/EM) 	Elapsed: 0.031	Loglikelihood: -32740.9	(delta): 0.000202121
108 (QN/EM) 	Elapsed: 0.031	Loglikelihood: -32740.9	(delta): 0.000115421
109 (QN/EM) 	Elapsed: 0.031	Loglikelihood: -32740.9	(delta): 0.000120152
110 (QN/EM) 	Elapsed: 0.031	Loglikelihood: -32740.9	(delta): 0.00019843
111 (QN/EM) 	Elapsed: 0.031	Loglikelihood: -32740.9	(delta): 0.000171499
112 (QN/EM) 	Elapsed: 0.031	Loglikelihood: -32740.9	(delta): 4.51777e-05
Summary: 
Converged in 112 iterations (3.662 sec)
Loglikelihood: -32740.851479
Fst divergences between estimated populations: 
	Pop0	Pop1	Pop2	
Pop0	
Pop1	0.574	
Pop2	0.399	0.411	
Pop3	0.654	0.600	0.433	
CV error (K=4): 0.17330
Writing output files.
