****                   ADMIXTURE Version 1.3.0                  ****
****                    Copyright 2008-2015                     ****
****           David Alexander, Suyash Shringarpure,            ****
****                John  Novembre, Ken Lange                   ****
****                                                            ****
****                 Please cite our paper!                     ****
****   Information at www.genetics.ucla.edu/software/admixture  ****

Cross-validation will be performed.  Folds=5.
Parallel execution requested.  Will use 5 threads.
Random seed: 43
Point estimation method: EM algorithm
Convergence acceleration algorithm: QuasiNewton, 3 secant conditions
Point estimation will terminate when objective function delta < 0.0001
Estimation of standard errors disabled; will compute point estimates only.
Size of G: 100x2315
Performing five EM steps to prime main algorithm
1 (EM) 	Elapsed: 0.015	Loglikelihood: -81345.8	(delta): 259658
2 (EM) 	Elapsed: 0.015	Loglikelihood: -74781.9	(delta): 6563.96
3 (EM) 	Elapsed: 0.015	Loglikelihood: -73424.3	(delta): 1357.59
4 (EM) 	Elapsed: 0.015	Loglikelihood: -72540	(delta): 884.224
5 (EM) 	Elapsed: 0.015	Loglikelihood: -71772.8	(delta): 767.224
Initial loglikelihood: -71772.8
Starting main algorithm
1 (QN/EM) 	Elapsed: 0.032	Loglikelihood: -70300.8	(delta): 1472.03
2 (QN/EM) 	Elapsed: 0.032	Loglikelihood: -68680.8	(delta): 1619.99
3 (QN/EM) 	Elapsed: 0.034	Loglikelihood: -59072.2	(delta): 9608.57
4 (QN/EM) 	Elapsed: 0.033	Loglikelihood: -55441.6	(delta): 3630.63
5 (QN/EM) 	Elapsed: 0.034	Loglikelihood: -52645.9	(delta): 2795.73
6 (QN/EM) 	Elapsed: 0.033	Loglikelihood: -49068.6	(delta): 3577.27
7 (QN/EM) 	Elapsed: 0.033	Loglikelihood: -43106	(delta): 5962.63
8 (QN/EM) 	Elapsed: 0.033	Loglikelihood: -41147	(delta): 1958.94
9 (QN/EM) 	Elapsed: 0.033	Loglikelihood: -39753.8	(delta): 1393.22
10 (QN/EM) 	Elapsed: 0.034	Loglikelihood: -39240.4	(delta): 513.383
11 (QN/EM) 	Elapsed: 0.033	Loglikelihood: -38768.5	(delta): 471.943
12 (QN/EM) 	Elapsed: 0.034	Loglikelihood: -37918.3	(delta): 850.192
13 (QN/EM) 	Elapsed: 0.033	Loglikelihood: -37715.5	(delta): 202.834
14 (QN/EM) 	Elapsed: 0.033	Loglikelihood: -37611	(delta): 104.462
15 (QN/EM) 	Elapsed: 0.033	Loglikelihood: -37565.4	(delta): 45.5757
16 (QN/EM) 	Elapsed: 0.033	Loglikelihood: -37376.8	(delta): 188.642
17 (QN/EM) 	Elapsed: 0.033	Loglikelihood: -36956.4	(delta): 420.386
18 (QN/EM) 	Elapsed: 0.033	Loglikelihood: -36662.4	(delta): 293.953
19 (QN/EM) 	Elapsed: 0.032	Loglikelihood: -36514	(delta): 148.484
20 (QN/EM) 	Elapsed: 0.033	Loglikelihood: -36377.4	(delta): 136.504
21 (QN/EM) 	Elapsed: 0.033	Loglikelihood: -35827.7	(delta): 549.75
22 (QN/EM) 	Elapsed: 0.032	Loglikelihood: -34171	(delta): 1656.66
23 (QN/EM) 	Elapsed: 0.033	Loglikelihood: -33743.8	(delta): 427.232
24 (QN/EM) 	Elapsed: 0.033	Loglikelihood: -33576.2	(delta): 167.614
25 (QN/EM) 	Elapsed: 0.035	Loglikelihood: -33472.7	(delta): 103.481
26 (QN/EM) 	Elapsed: 0.035	Loglikelihood: -33388.5	(delta): 84.1906
27 (QN/EM) 	Elapsed: 0.033	Loglikelihood: -33098.3	(delta): 290.196
28 (QN/EM) 	Elapsed: 0.034	Loglikelihood: -33024.1	(delta): 74.2201
29 (QN/EM) 	Elapsed: 0.033	Loglikelihood: -32891	(delta): 133.089
30 (QN/EM) 	Elapsed: 0.033	Loglikelihood: -32247.2	(delta): 643.85
31 (QN/EM) 	Elapsed: 0.033	Loglikelihood: -31713.9	(delta): 533.229
32 (QN/EM) 	Elapsed: 0.033	Loglikelihood: -31315.4	(delta): 398.533
33 (QN/EM) 	Elapsed: 0.033	Loglikelihood: -31056.9	(delta): 258.509
34 (QN/EM) 	Elapsed: 0.033	Loglikelihood: -30732.1	(delta): 324.762
35 (QN/EM) 	Elapsed: 0.033	Loglikelihood: -30574.8	(delta): 157.35
36 (QN/EM) 	Elapsed: 0.033	Loglikelihood: -30432.1	(delta): 142.723
37 (QN/EM) 	Elapsed: 0.034	Loglikelihood: -30384.5	(delta): 47.5387
38 (QN/EM) 	Elapsed: 0.034	Loglikelihood: -30277	(delta): 107.482
39 (QN/EM) 	Elapsed: 0.033	Loglikelihood: -30157.7	(delta): 119.301
40 (QN/EM) 	Elapsed: 0.034	Loglikelihood: -30110.4	(delta): 47.3152
41 (QN/EM) 	Elapsed: 0.034	Loglikelihood: -30031.9	(delta): 78.4833
42 (QN/EM) 	Elapsed: 0.034	Loglikelihood: -29899.1	(delta): 132.887
43 (QN/EM) 	Elapsed: 0.033	Loglikelihood: -29560.9	(delta): 338.114
44 (QN/EM) 	Elapsed: 0.035	Loglikelihood: -29439.8	(delta): 121.134
45 (QN/EM) 	Elapsed: 0.034	Loglikelihood: -29364.3	(delta): 75.5512
46 (QN/EM) 	Elapsed: 0.033	Loglikelihood: -29140.7	(delta): 223.571
47 (QN/EM) 	Elapsed: 0.034	Loglikelihood: -29127.6	(delta): 13.0819
48 (QN/EM) 	Elapsed: 0.035	Loglikelihood: -29115	(delta): 12.5901
49 (QN/EM) 	Elapsed: 0.033	Loglikelihood: -29105.7	(delta): 9.34255
50 (QN/EM) 	Elapsed: 0.035	Loglikelihood: -29099.3	(delta): 6.3329
51 (QN/EM) 	Elapsed: 0.035	Loglikelihood: -29092.6	(delta): 6.77931
52 (QN/EM) 	Elapsed: 0.033	Loglikelihood: -29065.8	(delta): 26.7417
53 (QN/EM) 	Elapsed: 0.034	Loglikelihood: -29063.8	(delta): 2.0381
54 (QN/EM) 	Elapsed: 0.033	Loglikelihood: -29059.9	(delta): 3.83583
55 (QN/EM) 	Elapsed: 0.035	Loglikelihood: -29059.1	(delta): 0.835782
56 (QN/EM) 	Elapsed: 0.034	Loglikelihood: -29058.3	(delta): 0.783476
57 (QN/EM) 	Elapsed: 0.033	Loglikelihood: -29045.4	(delta): 12.9354
58 (QN/EM) 	Elapsed: 0.035	Loglikelihood: -29044.1	(delta): 1.2592
59 (QN/EM) 	Elapsed: 0.034	Loglikelihood: -29043.4	(delta): 0.718782
60 (QN/EM) 	Elapsed: 0.035	Loglikelihood: -29042.8	(delta): 0.610823
61 (QN/EM) 	Elapsed: 0.034	Loglikelihood: -29042.3	(delta): 0.484708
62 (QN/EM) 	Elapsed: 0.035	Loglikelihood: -29041.9	(delta): 0.400115
63 (QN/EM) 	Elapsed: 0.035	Loglikelihood: -29041.5	(delta): 0.386689
64 (QN/EM) 	Elapsed: 0.034	Loglikelihood: -29041.1	(delta): 0.395385
65 (QN/EM) 	Elapsed: 0.034	Loglikelihood: -29040.7	(delta): 0.39882
66 (QN/EM) 	Elapsed: 0.033	Loglikelihood: -29038.7	(delta): 2.00317
67 (QN/EM) 	Elapsed: 0.033	Loglikelihood: -29038.3	(delta): 0.437498
68 (QN/EM) 	Elapsed: 0.033	Loglikelihood: -29038	(delta): 0.32032
69 (QN/EM) 	Elapsed: 0.033	Loglikelihood: -29037.4	(delta): 0.592668
70 (QN/EM) 	Elapsed: 0.035	Loglikelihood: -29037.3	(delta): 0.0814233
71 (QN/EM) 	Elapsed: 0.035	Loglikelihood: -29037.2	(delta): 0.0791888
72 (QN/EM) 	Elapsed: 0.034	Loglikelihood: -29036.6	(delta): 0.642517
73 (QN/EM) 	Elapsed: 0.033	Loglikelihood: -29036.2	(delta): 0.404801
74 (QN/EM) 	Elapsed: 0.033	Loglikelihood: -29036.1	(delta): 0.0209107
75 (QN/EM) 	Elapsed: 0.033	Loglikelihood: -29036	(delta): 0.175487
76 (QN/EM) 	Elapsed: 0.035	Loglikelihood: -29035.9	(delta): 0.0250705
77 (QN/EM) 	Elapsed: 0.034	Loglikelihood: -29035.9	(delta): 0.0262298
78 (QN/EM) 	Elapsed: 0.034	Loglikelihood: -29035.9	(delta): 0.0275739
79 (QN/EM) 	Elapsed: 0.035	Loglikelihood: -29035.9	(delta): 0.0302016
80 (QN/EM) 	Elapsed: 0.035	Loglikelihood: -29035.8	(delta): 0.0394192
81 (QN/EM) 	Elapsed: 0.034	Loglikelihood: -29035.8	(delta): 0.064281
82 (QN/EM) 	Elapsed: 0.034	Loglikelihood: -29035.7	(delta): 0.104043
83 (QN/EM) 	Elapsed: 0.033	Loglikelihood: -29035.3	(delta): 0.342345
84 (QN/EM) 	Elapsed: 0.034	Loglikelihood: -29035.2	(delta): 0.118035
85 (QN/EM) 	Elapsed: 0.034	Loglikelihood: -29034.8	(delta): 0.374944
86 (QN/EM) 	Elapsed: 0.033	Loglikelihood: -29034.7	(delta): 0.130781
87 (QN/EM) 	Elapsed: 0.033	Loglikelihood: -29034.6	(delta): 0.0682406
88 (QN/EM) 	Elapsed: 0.033	Loglikelihood: -29034.6	(delta): 0.0263774
89 (QN/EM) 	Elapsed: 0.033	Loglikelihood: -29034.6	(delta): 0.0214872
90 (QN/EM) 	Elapsed: 0.034	Loglikelihood: -29034.6	(delta): 0.00498242
91 (QN/EM) 	Elapsed: 0.035	Loglikelihood: -29034.6	(delta): 0.00505782
92 (QN/EM) 	Elapsed: 0.035	Loglikelihood: -29034.6	(delta): 0.00518083
93 (QN/EM) 	Elapsed: 0.035	Loglikelihood: -29034.6	(delta): 0.00528283
94 (QN/EM) 	Elapsed: 0.034	Loglikelihood: -29034.5	(delta): 0.00532097
95 (QN/EM) 	Elapsed: 0.033	Loglikelihood: -29034.5	(delta): 0.0124904
96 (QN/EM) 	Elapsed: 0.034	Loglikelihood: -29034.5	(delta): 0.0373439
97 (QN/EM) 	Elapsed: 0.033	Loglikelihood: -29034.5	(delta): 0.00301207
98 (QN/EM) 	Elapsed: 0.033	Loglikelihood: -29034.5	(delta): 0.00795358
99 (QN/EM) 	Elapsed: 0.033	Loglikelihood: -29034.5	(delta): 0.00820314
100 (QN/EM) 	Elapsed: 0.033	Loglikelihood: -29034.5	(delta): 0.0217507
101 (QN/EM) 	Elapsed: 0.034	Loglikelihood: -29034.4	(delta): 0.0484073
102 (QN/EM) 	Elapsed: 0.033	Loglikelihood: -29034.4	(delta): 0.0200006
103 (QN/EM) 	Elapsed: 0.033	Loglikelihood: -29034.4	(delta): 0.00973835
104 (QN/EM) 	Elapsed: 0.033	Loglikelihood: -29034.3	(delta): 0.0325921
105 (QN/EM) 	Elapsed: 0.033	Loglikelihood: -29034.3	(delta): 0.0692114
106 (QN/EM) 	Elapsed: 0.033	Loglikelihood: -29034.2	(delta): 0.0353783
107 (QN/EM) 	Elapsed: 0.032	Loglikelihood: -29034.2	(delta): 0.035598
108 (QN/EM) 	Elapsed: 0.033	Loglikelihood: -29034.1	(delta): 0.0704537
109 (QN/EM) 	Elapsed: 0.033	Loglikelihood: -29034	(delta): 0.156248
110 (QN/EM) 	Elapsed: 0.033	Loglikelihood: -29033.9	(delta): 0.0751296
111 (QN/EM) 	Elapsed: 0.033	Loglikelihood: -29033.8	(delta): 0.0830096
112 (QN/EM) 	Elapsed: 0.033	Loglikelihood: -29033.7	(delta): 0.142104
113 (QN/EM) 	Elapsed: 0.033	Loglikelihood: -29033.4	(delta): 0.310761
114 (QN/EM) 	Elapsed: 0.033	Loglikelihood: -29033.3	(delta): 0.0977778
115 (QN/EM) 	Elapsed: 0.033	Loglikelihood: -29033.2	(delta): 0.104026
116 (QN/EM) 	Elapsed: 0.033	Loglikelihood: -29033	(delta): 0.170616
117 (QN/EM) 	Elapsed: 0.033	Loglikelihood: -29032.4	(delta): 0.550269
118 (QN/EM) 	Elapsed: 0.033	Loglikelihood: -29032.4	(delta): 0.043832
119 (QN/EM) 	Elapsed: 0.033	Loglikelihood: -29032.4	(delta): 0.0474473
120 (QN/EM) 	Elapsed: 0.034	Loglikelihood: -29032.3	(delta): 0.0081671
121 (QN/EM) 	Elapsed: 0.033	Loglikelihood: -29032.3	(delta): 0.033476
122 (QN/EM) 	Elapsed: 0.033	Loglikelihood: -29032.3	(delta): 0.0268665
123 (QN/EM) 	Elapsed: 0.033	Loglikelihood: -29032.2	(delta): 0.0445647
124 (QN/EM) 	Elapsed: 0.034	Loglikelihood: -29032.2	(delta): 0.00667075
125 (QN/EM) 	Elapsed: 0.033	Loglikelihood: -29032.2	(delta): 0.0174752
126 (QN/EM) 	Elapsed: 0.033	Loglikelihood: -29032.2	(delta): 0.0148234
127 (QN/EM) 	Elapsed: 0.034	Loglikelihood: -29032.2	(delta): 0.00565675
128 (QN/EM) 	Elapsed: 0.033	Loglikelihood: -29032.2	(delta): 0.0380251
129 (QN/EM) 	Elapsed: 0.035	Loglikelihood: -29032.2	(delta): 0.00458393
130 (QN/EM) 	Elapsed: 0.034	Loglikelihood: -29032.1	(delta): 0.00696826
131 (QN/EM) 	Elapsed: 0.033	Loglikelihood: -29032.1	(delta): 0.015036
132 (QN/EM) 	Elapsed: 0.034	Loglikelihood: -29032.1	(delta): 0.0218016
133 (QN/EM) 	Elapsed: 0.035	Loglikelihood: -29032.1	(delta): 0.0574893
134 (QN/EM) 	Elapsed: 0.034	Loglikelihood: -29031.9	(delta): 0.134363
135 (QN/EM) 	Elapsed: 0.035	Loglikelihood: -29031.7	(delta): 0.259581
136 (QN/EM) 	Elapsed: 0.034	Loglikelihood: -29031.2	(delta): 0.471516
137 (QN/EM) 	Elapsed: 0.035	Loglikelihood: -29030.4	(delta): 0.772568
138 (QN/EM) 	Elapsed: 0.033	Loglikelihood: -29027.2	(delta): 3.1985
139 (QN/EM) 	Elapsed: 0.033	Loglikelihood: -29026.1	(delta): 1.12252
140 (QN/EM) 	Elapsed: 0.033	Loglikelihood: -29024	(delta): 2.05915
141 (QN/EM) 	Elapsed: 0.034	Loglikelihood: -29023.9	(delta): 0.109932
142 (QN/EM) 	Elapsed: 0.035	Loglikelihood: -29023.9	(delta): 0.0687109
143 (QN/EM) 	Elapsed: 0.034	Loglikelihood: -29023.8	(delta): 0.0755581
144 (QN/EM) 	Elapsed: 0.035	Loglikelihood: -29023.8	(delta): 0.0075808
145 (QN/EM) 	Elapsed: 0.035	Loglikelihood: -29023.8	(delta): 0.00767685
146 (QN/EM) 	Elapsed: 0.033	Loglikelihood: -29023.6	(delta): 0.116896
147 (QN/EM) 	Elapsed: 0.034	Loglikelihood: -29023.6	(delta): 0.00519199
148 (QN/EM) 	Elapsed: 0.034	Loglikelihood: -29023.6	(delta): 0.00486642
149 (QN/EM) 	Elapsed: 0.034	Loglikelihood: -29023.6	(delta): 0.00469113
150 (QN/EM) 	Elapsed: 0.034	Loglikelihood: -29023.6	(delta): 0.00461567
151 (QN/EM) 	Elapsed: 0.035	Loglikelihood: -29023.6	(delta): 0.00462712
152 (QN/EM) 	Elapsed: 0.035	Loglikelihood: -29023.6	(delta): 0.00474668
153 (QN/EM) 	Elapsed: 0.034	Loglikelihood: -29023.6	(delta): 0.00504469
154 (QN/EM) 	Elapsed: 0.034	Loglikelihood: -29023.6	(delta): 0.00567533
155 (QN/EM) 	Elapsed: 0.035	Loglikelihood: -29023.6	(delta): 0.00693757
156 (QN/EM) 	Elapsed: 0.035	Loglikelihood: -29023.6	(delta): 0.00935369
157 (QN/EM) 	Elapsed: 0.034	Loglikelihood: -29023.6	(delta): 0.0310475
158 (QN/EM) 	Elapsed: 0.034	Loglikelihood: -29023.5	(delta): 0.0304222
159 (QN/EM) 	Elapsed: 0.035	Loglikelihood: -29023.5	(delta): 0.0219484
160 (QN/EM) 	Elapsed: 0.035	Loglikelihood: -29023.5	(delta): 0.0161157
161 (QN/EM) 	Elapsed: 0.034	Loglikelihood: -29023.4	(delta): 0.133076
162 (QN/EM) 	Elapsed: 0.034	Loglikelihood: -29023.3	(delta): 0.0246303
163 (QN/EM) 	Elapsed: 0.033	Loglikelihood: -29023.3	(delta): 0.0264469
164 (QN/EM) 	Elapsed: 0.033	Loglikelihood: -29023.3	(delta): 0.00545358
165 (QN/EM) 	Elapsed: 0.033	Loglikelihood: -29023.3	(delta): 0.0164066
166 (QN/EM) 	Elapsed: 0.033	Loglikelihood: -29023.3	(delta): 0.0257905
167 (QN/EM) 	Elapsed: 0.034	Loglikelihood: -29023.3	(delta): 0.00278782
168 (QN/EM) 	Elapsed: 0.033	Loglikelihood: -29023.2	(delta): 0.0471127
169 (QN/EM) 	Elapsed: 0.033	Loglikelihood: -29023.1	(delta): 0.127439
170 (QN/EM) 	Elapsed: 0.034	Loglikelihood: -29023.1	(delta): 0.00924308
171 (QN/EM) 	Elapsed: 0.033	Loglikelihood: -29023.1	(delta): 0.00549989
172 (QN/EM) 	Elapsed: 0.034	Loglikelihood: -29023.1	(delta): 0.00259935
173 (QN/EM) 	Elapsed: 0.033	Loglikelihood: -29023.1	(delta): 0.00281026
174 (QN/EM) 	Elapsed: 0.033	Loglikelihood: -29023.1	(delta): 0.00299015
175 (QN/EM) 	Elapsed: 0.033	Loglikelihood: -29023	(delta): 0.00829793
176 (QN/EM) 	Elapsed: 0.033	Loglikelihood: -29023	(delta): 0.0249329
177 (QN/EM) 	Elapsed: 0.033	Loglikelihood: -29023	(delta): 0.0236272
178 (QN/EM) 	Elapsed: 0.034	Loglikelihood: -29023	(delta): 0.000329272
179 (QN/EM) 	Elapsed: 0.033	Loglikelihood: -29023	(delta): 0.00193892
180 (QN/EM) 	Elapsed: 0.033	Loglikelihood: -29023	(delta): 0.000341583
181 (QN/EM) 	Elapsed: 0.033	Loglikelihood: -29023	(delta): 0.00232614
182 (QN/EM) 	Elapsed: 0.034	Loglikelihood: -29023	(delta): 0.00216459
183 (QN/EM) 	Elapsed: 0.033	Loglikelihood: -29023	(delta): 0.000297209
184 (QN/EM) 	Elapsed: 0.033	Loglikelihood: -29023	(delta): 0.00110613
185 (QN/EM) 	Elapsed: 0.033	Loglikelihood: -29023	(delta): 0.000478171
186 (QN/EM) 	Elapsed: 0.033	Loglikelihood: -29023	(delta): 0.000552899
187 (QN/EM) 	Elapsed: 0.033	Loglikelihood: -29023	(delta): 0.000493961
188 (QN/EM) 	Elapsed: 0.033	Loglikelihood: -29023	(delta): 0.00279024
189 (QN/EM) 	Elapsed: 0.033	Loglikelihood: -29023	(delta): 0.000805069
190 (QN/EM) 	Elapsed: 0.034	Loglikelihood: -29023	(delta): 0.000757696
191 (QN/EM) 	Elapsed: 0.033	Loglikelihood: -29023	(delta): 0.000836898
192 (QN/EM) 	Elapsed: 0.034	Loglikelihood: -29023	(delta): 0.00180026
193 (QN/EM) 	Elapsed: 0.033	Loglikelihood: -29023	(delta): 0.000411836
194 (QN/EM) 	Elapsed: 0.033	Loglikelihood: -29023	(delta): 0.000917261
195 (QN/EM) 	Elapsed: 0.033	Loglikelihood: -29023	(delta): 0.00211727
196 (QN/EM) 	Elapsed: 0.033	Loglikelihood: -29023	(delta): 0.00410629
197 (QN/EM) 	Elapsed: 0.033	Loglikelihood: -29023	(delta): 0.00101925
198 (QN/EM) 	Elapsed: 0.034	Loglikelihood: -29023	(delta): 0.00173958
199 (QN/EM) 	Elapsed: 0.034	Loglikelihood: -29023	(delta): 0.00397974
200 (QN/EM) 	Elapsed: 0.033	Loglikelihood: -29023	(delta): 0.00516143
201 (QN/EM) 	Elapsed: 0.033	Loglikelihood: -29023	(delta): 0.00290077
202 (QN/EM) 	Elapsed: 0.033	Loglikelihood: -29023	(delta): 0.0038155
203 (QN/EM) 	Elapsed: 0.034	Loglikelihood: -29022.9	(delta): 0.0106612
204 (QN/EM) 	Elapsed: 0.033	Loglikelihood: -29022.9	(delta): 0.0132156
205 (QN/EM) 	Elapsed: 0.033	Loglikelihood: -29022.9	(delta): 0.0078346
206 (QN/EM) 	Elapsed: 0.034	Loglikelihood: -29022.9	(delta): 0.0119878
207 (QN/EM) 	Elapsed: 0.033	Loglikelihood: -29022.9	(delta): 0.0231374
208 (QN/EM) 	Elapsed: 0.033	Loglikelihood: -29022.9	(delta): 0.0276789
209 (QN/EM) 	Elapsed: 0.033	Loglikelihood: -29022.8	(delta): 0.0216497
210 (QN/EM) 	Elapsed: 0.034	Loglikelihood: -29022.8	(delta): 0.0241697
211 (QN/EM) 	Elapsed: 0.033	Loglikelihood: -29022.8	(delta): 0.0437373
212 (QN/EM) 	Elapsed: 0.033	Loglikelihood: -29022.7	(delta): 0.0404292
213 (QN/EM) 	Elapsed: 0.033	Loglikelihood: -29022.7	(delta): 0.0499029
214 (QN/EM) 	Elapsed: 0.033	Loglikelihood: -29022.7	(delta): 0.0311348
215 (QN/EM) 	Elapsed: 0.033	Loglikelihood: -29022.6	(delta): 0.0575745
216 (QN/EM) 	Elapsed: 0.033	Loglikelihood: -29022.6	(delta): 0.0441056
217 (QN/EM) 	Elapsed: 0.033	Loglikelihood: -29022.5	(delta): 0.0708231
218 (QN/EM) 	Elapsed: 0.033	Loglikelihood: -29022.5	(delta): 0.0299526
219 (QN/EM) 	Elapsed: 0.033	Loglikelihood: -29022.4	(delta): 0.0466164
220 (QN/EM) 	Elapsed: 0.033	Loglikelihood: -29022.4	(delta): 0.0317776
221 (QN/EM) 	Elapsed: 0.033	Loglikelihood: -29022.3	(delta): 0.0533976
222 (QN/EM) 	Elapsed: 0.034	Loglikelihood: -29022.3	(delta): 0.0192854
223 (QN/EM) 	Elapsed: 0.034	Loglikelihood: -29022.3	(delta): 0.0258578
224 (QN/EM) 	Elapsed: 0.033	Loglikelihood: -29022.3	(delta): 0.0137302
225 (QN/EM) 	Elapsed: 0.033	Loglikelihood: -29022.2	(delta): 0.0248619
226 (QN/EM) 	Elapsed: 0.033	Loglikelihood: -29022.2	(delta): 0.00874759
227 (QN/EM) 	Elapsed: 0.033	Loglikelihood: -29022.2	(delta): 0.0111061
228 (QN/EM) 	Elapsed: 0.034	Loglikelihood: -29022.2	(delta): 0.00459439
229 (QN/EM) 	Elapsed: 0.033	Loglikelihood: -29022.2	(delta): 0.00793976
230 (QN/EM) 	Elapsed: 0.033	Loglikelihood: -29022.2	(delta): 0.00359196
231 (QN/EM) 	Elapsed: 0.034	Loglikelihood: -29022.2	(delta): 0.00393118
232 (QN/EM) 	Elapsed: 0.033	Loglikelihood: -29022.2	(delta): 0.00151537
233 (QN/EM) 	Elapsed: 0.033	Loglikelihood: -29022.2	(delta): 0.00228711
234 (QN/EM) 	Elapsed: 0.033	Loglikelihood: -29022.2	(delta): 0.00149111
235 (QN/EM) 	Elapsed: 0.034	Loglikelihood: -29022.2	(delta): 0.00129645
236 (QN/EM) 	Elapsed: 0.034	Loglikelihood: -29022.2	(delta): 0.000489651
237 (QN/EM) 	Elapsed: 0.033	Loglikelihood: -29022.2	(delta): 0.000711159
238 (QN/EM) 	Elapsed: 0.033	Loglikelihood: -29022.2	(delta): 0.000597289
239 (QN/EM) 	Elapsed: 0.033	Loglikelihood: -29022.2	(delta): 0.000413522
240 (QN/EM) 	Elapsed: 0.033	Loglikelihood: -29022.2	(delta): 0.000142795
241 (QN/EM) 	Elapsed: 0.033	Loglikelihood: -29022.2	(delta): 0.000233397
242 (QN/EM) 	Elapsed: 0.033	Loglikelihood: -29022.2	(delta): 0.000229547
243 (QN/EM) 	Elapsed: 0.033	Loglikelihood: -29022.2	(delta): 0.000121849
244 (QN/EM) 	Elapsed: 0.033	Loglikelihood: -29022.2	(delta): 4.09894e-05
Summary: 
Converged in 244 iterations (8.476 sec)
Loglikelihood: -29022.185168
Fst divergences between estimated populations: 
	Pop0	Pop1	Pop2	Pop3	
Pop0	
Pop1	0.736	
Pop2	0.676	0.588	
Pop3	0.732	0.637	0.554	
Pop4	0.812	0.552	0.615	0.679	
CV error (K=5): 0.16162
Writing output files.
