****                   ADMIXTURE Version 1.3.0                  ****
****                    Copyright 2008-2015                     ****
****           David Alexander, Suyash Shringarpure,            ****
****                John  Novembre, Ken Lange                   ****
****                                                            ****
****                 Please cite our paper!                     ****
****   Information at www.genetics.ucla.edu/software/admixture  ****

Cross-validation will be performed.  Folds=5.
Parallel execution requested.  Will use 5 threads.
Random seed: 43
Point estimation method: EM algorithm
Convergence acceleration algorithm: QuasiNewton, 3 secant conditions
Point estimation will terminate when objective function delta < 0.0001
Estimation of standard errors disabled; will compute point estimates only.
Size of G: 100x2315
Performing five EM steps to prime main algorithm
1 (EM) 	Elapsed: 0.015	Loglikelihood: -81570.3	(delta): 252996
2 (EM) 	Elapsed: 0.015	Loglikelihood: -74308.7	(delta): 7261.57
3 (EM) 	Elapsed: 0.015	Loglikelihood: -72696.5	(delta): 1612.23
4 (EM) 	Elapsed: 0.015	Loglikelihood: -71500.8	(delta): 1195.65
5 (EM) 	Elapsed: 0.015	Loglikelihood: -70311.2	(delta): 1189.61
Initial loglikelihood: -70311.2
Starting main algorithm
1 (QN/EM) 	Elapsed: 0.046	Loglikelihood: -67683.2	(delta): 2628.06
2 (QN/EM) 	Elapsed: 0.047	Loglikelihood: -64841.5	(delta): 2841.66
3 (QN/EM) 	Elapsed: 0.049	Loglikelihood: -50853.1	(delta): 13988.4
4 (QN/EM) 	Elapsed: 0.05	Loglikelihood: -42450.6	(delta): 8402.53
5 (QN/EM) 	Elapsed: 0.048	Loglikelihood: -39480	(delta): 2970.58
6 (QN/EM) 	Elapsed: 0.048	Loglikelihood: -37318.7	(delta): 2161.33
7 (QN/EM) 	Elapsed: 0.048	Loglikelihood: -33187.8	(delta): 4130.86
8 (QN/EM) 	Elapsed: 0.05	Loglikelihood: -30199	(delta): 2988.77
9 (QN/EM) 	Elapsed: 0.048	Loglikelihood: -29867.5	(delta): 331.497
10 (QN/EM) 	Elapsed: 0.048	Loglikelihood: -29357.6	(delta): 509.926
11 (QN/EM) 	Elapsed: 0.048	Loglikelihood: -29133.5	(delta): 224.075
12 (QN/EM) 	Elapsed: 0.049	Loglikelihood: -28587.2	(delta): 546.343
13 (QN/EM) 	Elapsed: 0.048	Loglikelihood: -28155.4	(delta): 431.786
14 (QN/EM) 	Elapsed: 0.048	Loglikelihood: -27809.8	(delta): 345.601
15 (QN/EM) 	Elapsed: 0.048	Loglikelihood: -27607	(delta): 202.811
16 (QN/EM) 	Elapsed: 0.048	Loglikelihood: -27357.5	(delta): 249.497
17 (QN/EM) 	Elapsed: 0.048	Loglikelihood: -27196.2	(delta): 161.271
18 (QN/EM) 	Elapsed: 0.048	Loglikelihood: -27055.5	(delta): 140.715
19 (QN/EM) 	Elapsed: 0.049	Loglikelihood: -26935.4	(delta): 120.087
20 (QN/EM) 	Elapsed: 0.048	Loglikelihood: -26200	(delta): 735.473
21 (QN/EM) 	Elapsed: 0.049	Loglikelihood: -25951.9	(delta): 248.093
22 (QN/EM) 	Elapsed: 0.048	Loglikelihood: -25841.7	(delta): 110.164
23 (QN/EM) 	Elapsed: 0.048	Loglikelihood: -25782.4	(delta): 59.3244
24 (QN/EM) 	Elapsed: 0.049	Loglikelihood: -25656.4	(delta): 126.027
25 (QN/EM) 	Elapsed: 0.049	Loglikelihood: -25553	(delta): 103.319
26 (QN/EM) 	Elapsed: 0.048	Loglikelihood: -25498.1	(delta): 54.9587
27 (QN/EM) 	Elapsed: 0.047	Loglikelihood: -25468.2	(delta): 29.913
28 (QN/EM) 	Elapsed: 0.047	Loglikelihood: -25402.8	(delta): 65.3867
29 (QN/EM) 	Elapsed: 0.048	Loglikelihood: -25346.4	(delta): 56.3555
30 (QN/EM) 	Elapsed: 0.048	Loglikelihood: -25320.8	(delta): 25.5871
31 (QN/EM) 	Elapsed: 0.048	Loglikelihood: -25201.6	(delta): 119.253
32 (QN/EM) 	Elapsed: 0.049	Loglikelihood: -25146	(delta): 55.5808
33 (QN/EM) 	Elapsed: 0.048	Loglikelihood: -25042.5	(delta): 103.45
34 (QN/EM) 	Elapsed: 0.049	Loglikelihood: -24961.5	(delta): 81.0511
35 (QN/EM) 	Elapsed: 0.048	Loglikelihood: -24883.3	(delta): 78.2256
36 (QN/EM) 	Elapsed: 0.048	Loglikelihood: -24700.3	(delta): 182.929
37 (QN/EM) 	Elapsed: 0.048	Loglikelihood: -24610.8	(delta): 89.567
38 (QN/EM) 	Elapsed: 0.048	Loglikelihood: -24484.4	(delta): 126.353
39 (QN/EM) 	Elapsed: 0.048	Loglikelihood: -24331.2	(delta): 153.187
40 (QN/EM) 	Elapsed: 0.048	Loglikelihood: -24289.5	(delta): 41.6905
41 (QN/EM) 	Elapsed: 0.048	Loglikelihood: -24272.1	(delta): 17.3977
42 (QN/EM) 	Elapsed: 0.049	Loglikelihood: -24259.9	(delta): 12.2736
43 (QN/EM) 	Elapsed: 0.048	Loglikelihood: -24225.8	(delta): 34.0674
44 (QN/EM) 	Elapsed: 0.05	Loglikelihood: -24214.3	(delta): 11.5266
45 (QN/EM) 	Elapsed: 0.049	Loglikelihood: -24203.4	(delta): 10.9117
46 (QN/EM) 	Elapsed: 0.048	Loglikelihood: -24183.2	(delta): 20.1329
47 (QN/EM) 	Elapsed: 0.049	Loglikelihood: -24175.7	(delta): 7.51727
48 (QN/EM) 	Elapsed: 0.048	Loglikelihood: -24138	(delta): 37.7321
49 (QN/EM) 	Elapsed: 0.048	Loglikelihood: -24101.4	(delta): 36.5682
50 (QN/EM) 	Elapsed: 0.048	Loglikelihood: -24076.4	(delta): 24.9885
51 (QN/EM) 	Elapsed: 0.049	Loglikelihood: -24065.5	(delta): 10.9402
52 (QN/EM) 	Elapsed: 0.049	Loglikelihood: -24063.8	(delta): 1.65834
53 (QN/EM) 	Elapsed: 0.05	Loglikelihood: -24062.2	(delta): 1.61433
54 (QN/EM) 	Elapsed: 0.049	Loglikelihood: -24061.5	(delta): 0.724343
55 (QN/EM) 	Elapsed: 0.048	Loglikelihood: -24052.3	(delta): 9.17732
56 (QN/EM) 	Elapsed: 0.048	Loglikelihood: -24048.7	(delta): 3.66194
57 (QN/EM) 	Elapsed: 0.049	Loglikelihood: -24046.6	(delta): 2.04704
58 (QN/EM) 	Elapsed: 0.049	Loglikelihood: -24039.1	(delta): 7.55139
59 (QN/EM) 	Elapsed: 0.048	Loglikelihood: -24032.4	(delta): 6.63772
60 (QN/EM) 	Elapsed: 0.049	Loglikelihood: -24026.2	(delta): 6.24814
61 (QN/EM) 	Elapsed: 0.049	Loglikelihood: -24018.5	(delta): 7.70426
62 (QN/EM) 	Elapsed: 0.049	Loglikelihood: -24008.9	(delta): 9.57447
63 (QN/EM) 	Elapsed: 0.05	Loglikelihood: -23997.1	(delta): 11.8046
64 (QN/EM) 	Elapsed: 0.048	Loglikelihood: -23898	(delta): 99.0353
65 (QN/EM) 	Elapsed: 0.05	Loglikelihood: -23870	(delta): 28.0581
66 (QN/EM) 	Elapsed: 0.048	Loglikelihood: -23770.5	(delta): 99.49
67 (QN/EM) 	Elapsed: 0.048	Loglikelihood: -23611.4	(delta): 159.073
68 (QN/EM) 	Elapsed: 0.049	Loglikelihood: -23554.9	(delta): 56.4915
69 (QN/EM) 	Elapsed: 0.048	Loglikelihood: -23554.7	(delta): 0.266584
70 (QN/EM) 	Elapsed: 0.049	Loglikelihood: -23554.4	(delta): 0.304602
71 (QN/EM) 	Elapsed: 0.05	Loglikelihood: -23553.9	(delta): 0.445235
72 (QN/EM) 	Elapsed: 0.049	Loglikelihood: -23553.3	(delta): 0.652436
73 (QN/EM) 	Elapsed: 0.049	Loglikelihood: -23552.3	(delta): 0.956312
74 (QN/EM) 	Elapsed: 0.05	Loglikelihood: -23550.9	(delta): 1.402
75 (QN/EM) 	Elapsed: 0.05	Loglikelihood: -23548.9	(delta): 2.05579
76 (QN/EM) 	Elapsed: 0.049	Loglikelihood: -23545.8	(delta): 3.01504
77 (QN/EM) 	Elapsed: 0.049	Loglikelihood: -23541.4	(delta): 4.42287
78 (QN/EM) 	Elapsed: 0.05	Loglikelihood: -23534.9	(delta): 6.48959
79 (QN/EM) 	Elapsed: 0.049	Loglikelihood: -23525.4	(delta): 9.52374
80 (QN/EM) 	Elapsed: 0.049	Loglikelihood: -23511.4	(delta): 13.975
81 (QN/EM) 	Elapsed: 0.05	Loglikelihood: -23490.9	(delta): 20.4857
82 (QN/EM) 	Elapsed: 0.049	Loglikelihood: -23461	(delta): 29.9201
83 (QN/EM) 	Elapsed: 0.049	Loglikelihood: -23417.8	(delta): 43.2362
84 (QN/EM) 	Elapsed: 0.049	Loglikelihood: -23357	(delta): 60.7422
85 (QN/EM) 	Elapsed: 0.05	Loglikelihood: -23277.2	(delta): 79.8479
86 (QN/EM) 	Elapsed: 0.05	Loglikelihood: -23185	(delta): 92.1787
87 (QN/EM) 	Elapsed: 0.05	Loglikelihood: -23096.4	(delta): 88.6395
88 (QN/EM) 	Elapsed: 0.05	Loglikelihood: -23022.9	(delta): 73.4409
89 (QN/EM) 	Elapsed: 0.048	Loglikelihood: -22810.5	(delta): 212.452
90 (QN/EM) 	Elapsed: 0.047	Loglikelihood: -22784.7	(delta): 25.7758
91 (QN/EM) 	Elapsed: 0.049	Loglikelihood: -22777.8	(delta): 6.892
92 (QN/EM) 	Elapsed: 0.049	Loglikelihood: -22773.5	(delta): 4.31251
93 (QN/EM) 	Elapsed: 0.05	Loglikelihood: -22765	(delta): 8.50775
94 (QN/EM) 	Elapsed: 0.048	Loglikelihood: -22760.4	(delta): 4.5756
95 (QN/EM) 	Elapsed: 0.048	Loglikelihood: -22758.7	(delta): 1.68513
96 (QN/EM) 	Elapsed: 0.048	Loglikelihood: -22754.4	(delta): 4.3484
97 (QN/EM) 	Elapsed: 0.048	Loglikelihood: -22752.8	(delta): 1.5746
98 (QN/EM) 	Elapsed: 0.048	Loglikelihood: -22752.1	(delta): 0.660815
99 (QN/EM) 	Elapsed: 0.049	Loglikelihood: -22752.1	(delta): 0.0415106
100 (QN/EM) 	Elapsed: 0.048	Loglikelihood: -22752	(delta): 0.127908
101 (QN/EM) 	Elapsed: 0.05	Loglikelihood: -22752	(delta): 0.000729214
102 (QN/EM) 	Elapsed: 0.049	Loglikelihood: -22752	(delta): 0.000848671
103 (QN/EM) 	Elapsed: 0.049	Loglikelihood: -22752	(delta): 0.00148543
104 (QN/EM) 	Elapsed: 0.05	Loglikelihood: -22752	(delta): 0.00136978
105 (QN/EM) 	Elapsed: 0.049	Loglikelihood: -22752	(delta): 0.000934449
106 (QN/EM) 	Elapsed: 0.049	Loglikelihood: -22752	(delta): 0.000928111
107 (QN/EM) 	Elapsed: 0.049	Loglikelihood: -22752	(delta): 0.000974522
108 (QN/EM) 	Elapsed: 0.049	Loglikelihood: -22752	(delta): 0.00102688
109 (QN/EM) 	Elapsed: 0.049	Loglikelihood: -22752	(delta): 0.00108236
110 (QN/EM) 	Elapsed: 0.049	Loglikelihood: -22752	(delta): 0.00114088
111 (QN/EM) 	Elapsed: 0.049	Loglikelihood: -22752	(delta): 0.00120262
112 (QN/EM) 	Elapsed: 0.05	Loglikelihood: -22752	(delta): 0.00126776
113 (QN/EM) 	Elapsed: 0.05	Loglikelihood: -22752	(delta): 0.00133648
114 (QN/EM) 	Elapsed: 0.049	Loglikelihood: -22752	(delta): 0.00140899
115 (QN/EM) 	Elapsed: 0.049	Loglikelihood: -22752	(delta): 0.0014855
116 (QN/EM) 	Elapsed: 0.05	Loglikelihood: -22752	(delta): 0.00156623
117 (QN/EM) 	Elapsed: 0.05	Loglikelihood: -22752	(delta): 0.00165142
118 (QN/EM) 	Elapsed: 0.05	Loglikelihood: -22752	(delta): 0.00174131
119 (QN/EM) 	Elapsed: 0.049	Loglikelihood: -22752	(delta): 0.00183616
120 (QN/EM) 	Elapsed: 0.05	Loglikelihood: -22752	(delta): 0.00193627
121 (QN/EM) 	Elapsed: 0.049	Loglikelihood: -22752	(delta): 0.00204191
122 (QN/EM) 	Elapsed: 0.049	Loglikelihood: -22751.9	(delta): 0.00215341
123 (QN/EM) 	Elapsed: 0.049	Loglikelihood: -22751.9	(delta): 0.00227108
124 (QN/EM) 	Elapsed: 0.049	Loglikelihood: -22751.9	(delta): 0.00239528
125 (QN/EM) 	Elapsed: 0.049	Loglikelihood: -22751.9	(delta): 0.00252636
126 (QN/EM) 	Elapsed: 0.049	Loglikelihood: -22751.9	(delta): 0.00266473
127 (QN/EM) 	Elapsed: 0.049	Loglikelihood: -22751.9	(delta): 0.00281079
128 (QN/EM) 	Elapsed: 0.049	Loglikelihood: -22751.9	(delta): 0.00296496
129 (QN/EM) 	Elapsed: 0.049	Loglikelihood: -22751.9	(delta): 0.00312772
130 (QN/EM) 	Elapsed: 0.049	Loglikelihood: -22751.9	(delta): 0.00329953
131 (QN/EM) 	Elapsed: 0.05	Loglikelihood: -22751.9	(delta): 0.00348092
132 (QN/EM) 	Elapsed: 0.049	Loglikelihood: -22751.9	(delta): 0.00367242
133 (QN/EM) 	Elapsed: 0.049	Loglikelihood: -22751.9	(delta): 0.00387461
134 (QN/EM) 	Elapsed: 0.049	Loglikelihood: -22751.9	(delta): 0.00408808
135 (QN/EM) 	Elapsed: 0.049	Loglikelihood: -22751.9	(delta): 0.00431349
136 (QN/EM) 	Elapsed: 0.049	Loglikelihood: -22751.9	(delta): 0.0045515
137 (QN/EM) 	Elapsed: 0.049	Loglikelihood: -22751.9	(delta): 0.00480282
138 (QN/EM) 	Elapsed: 0.049	Loglikelihood: -22751.9	(delta): 0.00506823
139 (QN/EM) 	Elapsed: 0.049	Loglikelihood: -22751.9	(delta): 0.00534851
140 (QN/EM) 	Elapsed: 0.05	Loglikelihood: -22751.9	(delta): 0.00564451
141 (QN/EM) 	Elapsed: 0.05	Loglikelihood: -22751.9	(delta): 0.00595713
142 (QN/EM) 	Elapsed: 0.049	Loglikelihood: -22751.9	(delta): 0.00628732
143 (QN/EM) 	Elapsed: 0.049	Loglikelihood: -22751.9	(delta): 0.00663608
144 (QN/EM) 	Elapsed: 0.049	Loglikelihood: -22751.9	(delta): 0.00700446
145 (QN/EM) 	Elapsed: 0.05	Loglikelihood: -22751.8	(delta): 0.0073936
146 (QN/EM) 	Elapsed: 0.049	Loglikelihood: -22751.8	(delta): 0.00780469
147 (QN/EM) 	Elapsed: 0.049	Loglikelihood: -22751.8	(delta): 0.00823897
148 (QN/EM) 	Elapsed: 0.049	Loglikelihood: -22751.8	(delta): 0.00869779
149 (QN/EM) 	Elapsed: 0.05	Loglikelihood: -22751.8	(delta): 0.00918256
150 (QN/EM) 	Elapsed: 0.049	Loglikelihood: -22751.8	(delta): 0.00969476
151 (QN/EM) 	Elapsed: 0.05	Loglikelihood: -22751.8	(delta): 0.010236
152 (QN/EM) 	Elapsed: 0.049	Loglikelihood: -22751.8	(delta): 0.0108079
153 (QN/EM) 	Elapsed: 0.049	Loglikelihood: -22751.8	(delta): 0.0114123
154 (QN/EM) 	Elapsed: 0.049	Loglikelihood: -22751.8	(delta): 0.0120511
155 (QN/EM) 	Elapsed: 0.049	Loglikelihood: -22751.7	(delta): 0.0127263
156 (QN/EM) 	Elapsed: 0.049	Loglikelihood: -22751.7	(delta): 0.0134399
157 (QN/EM) 	Elapsed: 0.05	Loglikelihood: -22751.7	(delta): 0.0141942
158 (QN/EM) 	Elapsed: 0.049	Loglikelihood: -22751.7	(delta): 0.0149917
159 (QN/EM) 	Elapsed: 0.049	Loglikelihood: -22751.7	(delta): 0.0158347
160 (QN/EM) 	Elapsed: 0.049	Loglikelihood: -22751.7	(delta): 0.0167261
161 (QN/EM) 	Elapsed: 0.05	Loglikelihood: -22751.7	(delta): 0.0176686
162 (QN/EM) 	Elapsed: 0.05	Loglikelihood: -22751.6	(delta): 0.0186653
163 (QN/EM) 	Elapsed: 0.049	Loglikelihood: -22751.6	(delta): 0.0197194
164 (QN/EM) 	Elapsed: 0.05	Loglikelihood: -22751.6	(delta): 0.0208342
165 (QN/EM) 	Elapsed: 0.05	Loglikelihood: -22751.6	(delta): 0.0220133
166 (QN/EM) 	Elapsed: 0.05	Loglikelihood: -22751.6	(delta): 0.0232607
167 (QN/EM) 	Elapsed: 0.049	Loglikelihood: -22751.5	(delta): 0.0245804
168 (QN/EM) 	Elapsed: 0.049	Loglikelihood: -22751.5	(delta): 0.0259767
169 (QN/EM) 	Elapsed: 0.049	Loglikelihood: -22751.5	(delta): 0.0274542
170 (QN/EM) 	Elapsed: 0.049	Loglikelihood: -22751.4	(delta): 0.0290178
171 (QN/EM) 	Elapsed: 0.05	Loglikelihood: -22751.4	(delta): 0.0306728
172 (QN/EM) 	Elapsed: 0.05	Loglikelihood: -22751.4	(delta): 0.0324247
173 (QN/EM) 	Elapsed: 0.05	Loglikelihood: -22751.3	(delta): 0.0342794
174 (QN/EM) 	Elapsed: 0.049	Loglikelihood: -22751.3	(delta): 0.0362432
175 (QN/EM) 	Elapsed: 0.049	Loglikelihood: -22751.3	(delta): 0.0383228
176 (QN/EM) 	Elapsed: 0.049	Loglikelihood: -22751.2	(delta): 0.0405254
177 (QN/EM) 	Elapsed: 0.049	Loglikelihood: -22751.2	(delta): 0.0428587
178 (QN/EM) 	Elapsed: 0.05	Loglikelihood: -22751.1	(delta): 0.0453306
179 (QN/EM) 	Elapsed: 0.05	Loglikelihood: -22751.1	(delta): 0.04795
180 (QN/EM) 	Elapsed: 0.05	Loglikelihood: -22751	(delta): 0.0507262
181 (QN/EM) 	Elapsed: 0.05	Loglikelihood: -22751	(delta): 0.053669
182 (QN/EM) 	Elapsed: 0.05	Loglikelihood: -22750.9	(delta): 0.0567892
183 (QN/EM) 	Elapsed: 0.05	Loglikelihood: -22750.9	(delta): 0.0600979
184 (QN/EM) 	Elapsed: 0.05	Loglikelihood: -22750.8	(delta): 0.0636075
185 (QN/EM) 	Elapsed: 0.049	Loglikelihood: -22750.7	(delta): 0.0673309
186 (QN/EM) 	Elapsed: 0.05	Loglikelihood: -22750.7	(delta): 0.0712821
187 (QN/EM) 	Elapsed: 0.049	Loglikelihood: -22750.6	(delta): 0.0754762
188 (QN/EM) 	Elapsed: 0.049	Loglikelihood: -22750.5	(delta): 0.0799291
189 (QN/EM) 	Elapsed: 0.049	Loglikelihood: -22750.4	(delta): 0.0846582
190 (QN/EM) 	Elapsed: 0.049	Loglikelihood: -22750.3	(delta): 0.0896821
191 (QN/EM) 	Elapsed: 0.05	Loglikelihood: -22750.2	(delta): 0.0950208
192 (QN/EM) 	Elapsed: 0.049	Loglikelihood: -22750.1	(delta): 0.100696
193 (QN/EM) 	Elapsed: 0.05	Loglikelihood: -22750	(delta): 0.10673
194 (QN/EM) 	Elapsed: 0.05	Loglikelihood: -22749.9	(delta): 0.11315
195 (QN/EM) 	Elapsed: 0.049	Loglikelihood: -22749.8	(delta): 0.119981
196 (QN/EM) 	Elapsed: 0.049	Loglikelihood: -22749.7	(delta): 0.127252
197 (QN/EM) 	Elapsed: 0.05	Loglikelihood: -22749.5	(delta): 0.134997
198 (QN/EM) 	Elapsed: 0.05	Loglikelihood: -22749.4	(delta): 0.143249
199 (QN/EM) 	Elapsed: 0.049	Loglikelihood: -22749.2	(delta): 0.152045
200 (QN/EM) 	Elapsed: 0.05	Loglikelihood: -22749.1	(delta): 0.161425
201 (QN/EM) 	Elapsed: 0.049	Loglikelihood: -22748.9	(delta): 0.171434
202 (QN/EM) 	Elapsed: 0.05	Loglikelihood: -22748.7	(delta): 0.18212
203 (QN/EM) 	Elapsed: 0.049	Loglikelihood: -22748.5	(delta): 0.193535
204 (QN/EM) 	Elapsed: 0.05	Loglikelihood: -22748.3	(delta): 0.205736
205 (QN/EM) 	Elapsed: 0.049	Loglikelihood: -22748.1	(delta): 0.218785
206 (QN/EM) 	Elapsed: 0.049	Loglikelihood: -22747.9	(delta): 0.23275
207 (QN/EM) 	Elapsed: 0.05	Loglikelihood: -22747.6	(delta): 0.247707
208 (QN/EM) 	Elapsed: 0.049	Loglikelihood: -22747.4	(delta): 0.263737
209 (QN/EM) 	Elapsed: 0.049	Loglikelihood: -22747.1	(delta): 0.280931
210 (QN/EM) 	Elapsed: 0.05	Loglikelihood: -22746.8	(delta): 0.299389
211 (QN/EM) 	Elapsed: 0.049	Loglikelihood: -22746.5	(delta): 0.31922
212 (QN/EM) 	Elapsed: 0.05	Loglikelihood: -22746.1	(delta): 0.340547
213 (QN/EM) 	Elapsed: 0.049	Loglikelihood: -22745.8	(delta): 0.363503
214 (QN/EM) 	Elapsed: 0.049	Loglikelihood: -22745.4	(delta): 0.388238
215 (QN/EM) 	Elapsed: 0.05	Loglikelihood: -22745	(delta): 0.414919
216 (QN/EM) 	Elapsed: 0.049	Loglikelihood: -22744.5	(delta): 0.44373
217 (QN/EM) 	Elapsed: 0.05	Loglikelihood: -22744	(delta): 0.474877
218 (QN/EM) 	Elapsed: 0.049	Loglikelihood: -22743.5	(delta): 0.50859
219 (QN/EM) 	Elapsed: 0.05	Loglikelihood: -22743	(delta): 0.545129
220 (QN/EM) 	Elapsed: 0.049	Loglikelihood: -22742.4	(delta): 0.584782
221 (QN/EM) 	Elapsed: 0.05	Loglikelihood: -22741.8	(delta): 0.627875
222 (QN/EM) 	Elapsed: 0.049	Loglikelihood: -22741.1	(delta): 0.674772
223 (QN/EM) 	Elapsed: 0.05	Loglikelihood: -22740.4	(delta): 0.725885
224 (QN/EM) 	Elapsed: 0.049	Loglikelihood: -22739.6	(delta): 0.781677
225 (QN/EM) 	Elapsed: 0.05	Loglikelihood: -22738.8	(delta): 0.842672
226 (QN/EM) 	Elapsed: 0.049	Loglikelihood: -22737.8	(delta): 0.909459
227 (QN/EM) 	Elapsed: 0.049	Loglikelihood: -22736.9	(delta): 0.982698
228 (QN/EM) 	Elapsed: 0.05	Loglikelihood: -22735.8	(delta): 1.06314
229 (QN/EM) 	Elapsed: 0.049	Loglikelihood: -22734.6	(delta): 1.1516
230 (QN/EM) 	Elapsed: 0.05	Loglikelihood: -22733.4	(delta): 1.24903
231 (QN/EM) 	Elapsed: 0.049	Loglikelihood: -22732	(delta): 1.35642
232 (QN/EM) 	Elapsed: 0.049	Loglikelihood: -22730.6	(delta): 1.47488
233 (QN/EM) 	Elapsed: 0.049	Loglikelihood: -22729	(delta): 1.60557
234 (QN/EM) 	Elapsed: 0.049	Loglikelihood: -22727.2	(delta): 1.74968
235 (QN/EM) 	Elapsed: 0.049	Loglikelihood: -22725.3	(delta): 1.90836
236 (QN/EM) 	Elapsed: 0.049	Loglikelihood: -22723.2	(delta): 2.08262
237 (QN/EM) 	Elapsed: 0.049	Loglikelihood: -22720.9	(delta): 2.27294
238 (QN/EM) 	Elapsed: 0.049	Loglikelihood: -22718.5	(delta): 2.47832
239 (QN/EM) 	Elapsed: 0.05	Loglikelihood: -22715.8	(delta): 2.69654
240 (QN/EM) 	Elapsed: 0.049	Loglikelihood: -22712.9	(delta): 2.92406
241 (QN/EM) 	Elapsed: 0.049	Loglikelihood: -22693.4	(delta): 19.4945
242 (QN/EM) 	Elapsed: 0.049	Loglikelihood: -22689.9	(delta): 3.44019
243 (QN/EM) 	Elapsed: 0.048	Loglikelihood: -22682.1	(delta): 7.81786
244 (QN/EM) 	Elapsed: 0.048	Loglikelihood: -22679.1	(delta): 3.01468
245 (QN/EM) 	Elapsed: 0.049	Loglikelihood: -22678.3	(delta): 0.743049
246 (QN/EM) 	Elapsed: 0.048	Loglikelihood: -22677.5	(delta): 0.872359
247 (QN/EM) 	Elapsed: 0.048	Loglikelihood: -22677	(delta): 0.445397
248 (QN/EM) 	Elapsed: 0.05	Loglikelihood: -22676.9	(delta): 0.0847749
249 (QN/EM) 	Elapsed: 0.048	Loglikelihood: -22675.9	(delta): 1.00727
250 (QN/EM) 	Elapsed: 0.049	Loglikelihood: -22675.9	(delta): 0.0792578
251 (QN/EM) 	Elapsed: 0.048	Loglikelihood: -22675.2	(delta): 0.617218
252 (QN/EM) 	Elapsed: 0.048	Loglikelihood: -22675.1	(delta): 0.0895068
253 (QN/EM) 	Elapsed: 0.049	Loglikelihood: -22675.1	(delta): 0.0389225
254 (QN/EM) 	Elapsed: 0.048	Loglikelihood: -22674.9	(delta): 0.230341
255 (QN/EM) 	Elapsed: 0.048	Loglikelihood: -22674.7	(delta): 0.151074
256 (QN/EM) 	Elapsed: 0.049	Loglikelihood: -22674.7	(delta): 0.0327905
257 (QN/EM) 	Elapsed: 0.048	Loglikelihood: -22674.3	(delta): 0.395529
258 (QN/EM) 	Elapsed: 0.048	Loglikelihood: -22674	(delta): 0.25588
259 (QN/EM) 	Elapsed: 0.05	Loglikelihood: -22674	(delta): 0.011402
260 (QN/EM) 	Elapsed: 0.049	Loglikelihood: -22674	(delta): 0.0112715
261 (QN/EM) 	Elapsed: 0.049	Loglikelihood: -22674	(delta): 0.0111488
262 (QN/EM) 	Elapsed: 0.048	Loglikelihood: -22672.9	(delta): 1.15306
263 (QN/EM) 	Elapsed: 0.049	Loglikelihood: -22672.8	(delta): 0.0257204
264 (QN/EM) 	Elapsed: 0.05	Loglikelihood: -22672.8	(delta): 0.0171102
265 (QN/EM) 	Elapsed: 0.05	Loglikelihood: -22672.8	(delta): 0.0135238
266 (QN/EM) 	Elapsed: 0.049	Loglikelihood: -22672.8	(delta): 0.00863086
267 (QN/EM) 	Elapsed: 0.048	Loglikelihood: -22672.8	(delta): 0.00658094
268 (QN/EM) 	Elapsed: 0.048	Loglikelihood: -22672.8	(delta): 0.0134445
269 (QN/EM) 	Elapsed: 0.052	Loglikelihood: -22672.8	(delta): 0.00120534
270 (QN/EM) 	Elapsed: 0.05	Loglikelihood: -22672.8	(delta): 0.00884444
271 (QN/EM) 	Elapsed: 0.049	Loglikelihood: -22672.7	(delta): 0.00775876
272 (QN/EM) 	Elapsed: 0.048	Loglikelihood: -22672.7	(delta): 0.00580069
273 (QN/EM) 	Elapsed: 0.048	Loglikelihood: -22672.7	(delta): 0.000724876
274 (QN/EM) 	Elapsed: 0.048	Loglikelihood: -22672.7	(delta): 0.000185327
275 (QN/EM) 	Elapsed: 0.048	Loglikelihood: -22672.7	(delta): 6.15377e-05
Summary: 
Converged in 275 iterations (13.828 sec)
Loglikelihood: -22672.742958
Fst divergences between estimated populations: 
	Pop0	Pop1	Pop2	Pop3	Pop4	Pop5	
Pop0	
Pop1	0.532	
Pop2	0.723	0.573	
Pop3	0.727	0.453	0.729	
Pop4	0.356	0.425	0.601	0.582	
Pop5	0.648	0.504	0.642	0.667	0.524	
Pop6	0.787	0.607	0.786	0.805	0.624	0.727	
CV error (K=7): 0.13978
Writing output files.
