****                   ADMIXTURE Version 1.3.0                  ****
****                    Copyright 2008-2015                     ****
****           David Alexander, Suyash Shringarpure,            ****
****                John  Novembre, Ken Lange                   ****
****                                                            ****
****                 Please cite our paper!                     ****
****   Information at www.genetics.ucla.edu/software/admixture  ****

Cross-validation will be performed.  Folds=5.
Parallel execution requested.  Will use 5 threads.
Random seed: 43
Point estimation method: EM algorithm
Convergence acceleration algorithm: QuasiNewton, 3 secant conditions
Point estimation will terminate when objective function delta < 0.0001
Estimation of standard errors disabled; will compute point estimates only.
Size of G: 100x2315
Performing five EM steps to prime main algorithm
1 (EM) 	Elapsed: 0.023	Loglikelihood: -81035.5	(delta): 248803
2 (EM) 	Elapsed: 0.023	Loglikelihood: -73306.7	(delta): 7728.82
3 (EM) 	Elapsed: 0.023	Loglikelihood: -71225.7	(delta): 2081.01
4 (EM) 	Elapsed: 0.023	Loglikelihood: -69509	(delta): 1716.68
5 (EM) 	Elapsed: 0.023	Loglikelihood: -67725.2	(delta): 1783.85
Initial loglikelihood: -67725.2
Starting main algorithm
1 (QN/EM) 	Elapsed: 0.062	Loglikelihood: -63661.4	(delta): 4063.75
2 (QN/EM) 	Elapsed: 0.062	Loglikelihood: -59208.3	(delta): 4453.11
3 (QN/EM) 	Elapsed: 0.064	Loglikelihood: -44362	(delta): 14846.3
4 (QN/EM) 	Elapsed: 0.065	Loglikelihood: -41697.2	(delta): 2664.83
5 (QN/EM) 	Elapsed: 0.064	Loglikelihood: -30853.7	(delta): 10843.5
6 (QN/EM) 	Elapsed: 0.064	Loglikelihood: -27809.2	(delta): 3044.5
7 (QN/EM) 	Elapsed: 0.065	Loglikelihood: -26708.6	(delta): 1100.62
8 (QN/EM) 	Elapsed: 0.064	Loglikelihood: -25355.5	(delta): 1353.09
9 (QN/EM) 	Elapsed: 0.064	Loglikelihood: -24123.8	(delta): 1231.67
10 (QN/EM) 	Elapsed: 0.064	Loglikelihood: -23135.5	(delta): 988.294
11 (QN/EM) 	Elapsed: 0.063	Loglikelihood: -22371.5	(delta): 764.046
12 (QN/EM) 	Elapsed: 0.064	Loglikelihood: -21541.3	(delta): 830.135
13 (QN/EM) 	Elapsed: 0.064	Loglikelihood: -20827	(delta): 714.336
14 (QN/EM) 	Elapsed: 0.064	Loglikelihood: -20253.4	(delta): 573.606
15 (QN/EM) 	Elapsed: 0.065	Loglikelihood: -20009.7	(delta): 243.715
16 (QN/EM) 	Elapsed: 0.064	Loglikelihood: -18765.5	(delta): 1244.16
17 (QN/EM) 	Elapsed: 0.064	Loglikelihood: -18497.7	(delta): 267.83
18 (QN/EM) 	Elapsed: 0.063	Loglikelihood: -18283.6	(delta): 214.112
19 (QN/EM) 	Elapsed: 0.065	Loglikelihood: -18147	(delta): 136.603
20 (QN/EM) 	Elapsed: 0.063	Loglikelihood: -17901	(delta): 245.944
21 (QN/EM) 	Elapsed: 0.064	Loglikelihood: -17582.4	(delta): 318.61
22 (QN/EM) 	Elapsed: 0.063	Loglikelihood: -17426.3	(delta): 156.085
23 (QN/EM) 	Elapsed: 0.064	Loglikelihood: -17295.3	(delta): 131.085
24 (QN/EM) 	Elapsed: 0.064	Loglikelihood: -17194	(delta): 101.24
25 (QN/EM) 	Elapsed: 0.064	Loglikelihood: -17125.1	(delta): 68.8756
26 (QN/EM) 	Elapsed: 0.065	Loglikelihood: -17091.2	(delta): 33.8942
27 (QN/EM) 	Elapsed: 0.064	Loglikelihood: -16988.4	(delta): 102.796
28 (QN/EM) 	Elapsed: 0.064	Loglikelihood: -16918.1	(delta): 70.3309
29 (QN/EM) 	Elapsed: 0.065	Loglikelihood: -16892.2	(delta): 25.9182
30 (QN/EM) 	Elapsed: 0.064	Loglikelihood: -16863.2	(delta): 28.9925
31 (QN/EM) 	Elapsed: 0.065	Loglikelihood: -16839.1	(delta): 24.0669
32 (QN/EM) 	Elapsed: 0.064	Loglikelihood: -16776.7	(delta): 62.4501
33 (QN/EM) 	Elapsed: 0.064	Loglikelihood: -16675.1	(delta): 101.606
34 (QN/EM) 	Elapsed: 0.065	Loglikelihood: -16654.8	(delta): 20.2814
35 (QN/EM) 	Elapsed: 0.065	Loglikelihood: -16634.8	(delta): 19.9994
36 (QN/EM) 	Elapsed: 0.065	Loglikelihood: -16613.9	(delta): 20.8652
37 (QN/EM) 	Elapsed: 0.065	Loglikelihood: -16593.4	(delta): 20.5561
38 (QN/EM) 	Elapsed: 0.064	Loglikelihood: -16496.2	(delta): 97.1729
39 (QN/EM) 	Elapsed: 0.064	Loglikelihood: -16405.5	(delta): 90.74
40 (QN/EM) 	Elapsed: 0.063	Loglikelihood: -16339.4	(delta): 66.0815
41 (QN/EM) 	Elapsed: 0.064	Loglikelihood: -16320.8	(delta): 18.6273
42 (QN/EM) 	Elapsed: 0.065	Loglikelihood: -16309.7	(delta): 11.0466
43 (QN/EM) 	Elapsed: 0.065	Loglikelihood: -16300.1	(delta): 9.58996
44 (QN/EM) 	Elapsed: 0.064	Loglikelihood: -16282.4	(delta): 17.7744
45 (QN/EM) 	Elapsed: 0.064	Loglikelihood: -16255.3	(delta): 27.084
46 (QN/EM) 	Elapsed: 0.064	Loglikelihood: -16241	(delta): 14.2713
47 (QN/EM) 	Elapsed: 0.064	Loglikelihood: -16229.5	(delta): 11.5079
48 (QN/EM) 	Elapsed: 0.063	Loglikelihood: -16091.5	(delta): 138.014
49 (QN/EM) 	Elapsed: 0.065	Loglikelihood: -16084.2	(delta): 7.26776
50 (QN/EM) 	Elapsed: 0.065	Loglikelihood: -16080.6	(delta): 3.57858
51 (QN/EM) 	Elapsed: 0.065	Loglikelihood: -16077.2	(delta): 3.43482
52 (QN/EM) 	Elapsed: 0.063	Loglikelihood: -16067.6	(delta): 9.54342
53 (QN/EM) 	Elapsed: 0.063	Loglikelihood: -16062	(delta): 5.67534
54 (QN/EM) 	Elapsed: 0.063	Loglikelihood: -16043	(delta): 18.9256
55 (QN/EM) 	Elapsed: 0.063	Loglikelihood: -16011.9	(delta): 31.1285
56 (QN/EM) 	Elapsed: 0.063	Loglikelihood: -16007.8	(delta): 4.13911
57 (QN/EM) 	Elapsed: 0.065	Loglikelihood: -16007.4	(delta): 0.375503
58 (QN/EM) 	Elapsed: 0.063	Loglikelihood: -16005.9	(delta): 1.50393
59 (QN/EM) 	Elapsed: 0.063	Loglikelihood: -16005.3	(delta): 0.578667
60 (QN/EM) 	Elapsed: 0.065	Loglikelihood: -16004.9	(delta): 0.408389
61 (QN/EM) 	Elapsed: 0.065	Loglikelihood: -16004.5	(delta): 0.41949
62 (QN/EM) 	Elapsed: 0.065	Loglikelihood: -16004.2	(delta): 0.343093
63 (QN/EM) 	Elapsed: 0.065	Loglikelihood: -16003.8	(delta): 0.314653
64 (QN/EM) 	Elapsed: 0.065	Loglikelihood: -16003.5	(delta): 0.305317
65 (QN/EM) 	Elapsed: 0.065	Loglikelihood: -16003.2	(delta): 0.299864
66 (QN/EM) 	Elapsed: 0.065	Loglikelihood: -16002.9	(delta): 0.295084
67 (QN/EM) 	Elapsed: 0.063	Loglikelihood: -16000.3	(delta): 2.64076
68 (QN/EM) 	Elapsed: 0.063	Loglikelihood: -15999.9	(delta): 0.353748
69 (QN/EM) 	Elapsed: 0.063	Loglikelihood: -15997.6	(delta): 2.29285
70 (QN/EM) 	Elapsed: 0.063	Loglikelihood: -15997.4	(delta): 0.276425
71 (QN/EM) 	Elapsed: 0.065	Loglikelihood: -15997.2	(delta): 0.172461
72 (QN/EM) 	Elapsed: 0.063	Loglikelihood: -15994.9	(delta): 2.31255
73 (QN/EM) 	Elapsed: 0.064	Loglikelihood: -15994.1	(delta): 0.778546
74 (QN/EM) 	Elapsed: 0.063	Loglikelihood: -15992.4	(delta): 1.73523
75 (QN/EM) 	Elapsed: 0.065	Loglikelihood: -15992.2	(delta): 0.136968
76 (QN/EM) 	Elapsed: 0.063	Loglikelihood: -15991.7	(delta): 0.536495
77 (QN/EM) 	Elapsed: 0.063	Loglikelihood: -15990.8	(delta): 0.933099
78 (QN/EM) 	Elapsed: 0.065	Loglikelihood: -15990.6	(delta): 0.162934
79 (QN/EM) 	Elapsed: 0.063	Loglikelihood: -15990.5	(delta): 0.0832784
80 (QN/EM) 	Elapsed: 0.063	Loglikelihood: -15990.4	(delta): 0.129082
81 (QN/EM) 	Elapsed: 0.063	Loglikelihood: -15990	(delta): 0.417384
82 (QN/EM) 	Elapsed: 0.065	Loglikelihood: -15989.9	(delta): 0.0253848
83 (QN/EM) 	Elapsed: 0.063	Loglikelihood: -15989.9	(delta): 0.0345735
84 (QN/EM) 	Elapsed: 0.063	Loglikelihood: -15989.8	(delta): 0.148231
85 (QN/EM) 	Elapsed: 0.065	Loglikelihood: -15989.7	(delta): 0.0187052
86 (QN/EM) 	Elapsed: 0.063	Loglikelihood: -15989.7	(delta): 0.0758996
87 (QN/EM) 	Elapsed: 0.063	Loglikelihood: -15989.6	(delta): 0.0630427
88 (QN/EM) 	Elapsed: 0.063	Loglikelihood: -15989.1	(delta): 0.523714
89 (QN/EM) 	Elapsed: 0.065	Loglikelihood: -15989.1	(delta): 0.00930557
90 (QN/EM) 	Elapsed: 0.063	Loglikelihood: -15989	(delta): 0.0335046
91 (QN/EM) 	Elapsed: 0.065	Loglikelihood: -15989	(delta): 0.00398753
92 (QN/EM) 	Elapsed: 0.065	Loglikelihood: -15989	(delta): 0.00378094
93 (QN/EM) 	Elapsed: 0.063	Loglikelihood: -15989	(delta): 0.0120137
94 (QN/EM) 	Elapsed: 0.063	Loglikelihood: -15988.9	(delta): 0.072947
95 (QN/EM) 	Elapsed: 0.063	Loglikelihood: -15988.9	(delta): 0.0166904
96 (QN/EM) 	Elapsed: 0.063	Loglikelihood: -15988.8	(delta): 0.10546
97 (QN/EM) 	Elapsed: 0.063	Loglikelihood: -15988.8	(delta): 0.00827485
98 (QN/EM) 	Elapsed: 0.063	Loglikelihood: -15988.8	(delta): 0.00493568
99 (QN/EM) 	Elapsed: 0.063	Loglikelihood: -15988.8	(delta): 0.00502451
100 (QN/EM) 	Elapsed: 0.065	Loglikelihood: -15988.8	(delta): 0.00151609
101 (QN/EM) 	Elapsed: 0.063	Loglikelihood: -15988.8	(delta): 0.00488566
102 (QN/EM) 	Elapsed: 0.065	Loglikelihood: -15988.8	(delta): 0.00143283
103 (QN/EM) 	Elapsed: 0.065	Loglikelihood: -15988.8	(delta): 0.00142581
104 (QN/EM) 	Elapsed: 0.065	Loglikelihood: -15988.8	(delta): 0.00142093
105 (QN/EM) 	Elapsed: 0.063	Loglikelihood: -15988.8	(delta): 0.0333076
106 (QN/EM) 	Elapsed: 0.064	Loglikelihood: -15988.7	(delta): 0.0242549
107 (QN/EM) 	Elapsed: 0.065	Loglikelihood: -15988.7	(delta): 0.0374379
108 (QN/EM) 	Elapsed: 0.065	Loglikelihood: -15988.7	(delta): 0.00260348
109 (QN/EM) 	Elapsed: 0.065	Loglikelihood: -15988.7	(delta): 0.00430956
110 (QN/EM) 	Elapsed: 0.063	Loglikelihood: -15988.7	(delta): 0.0117809
111 (QN/EM) 	Elapsed: 0.065	Loglikelihood: -15988.7	(delta): 0.00217932
112 (QN/EM) 	Elapsed: 0.065	Loglikelihood: -15988.7	(delta): 0.00171386
113 (QN/EM) 	Elapsed: 0.065	Loglikelihood: -15988.7	(delta): 0.00180965
114 (QN/EM) 	Elapsed: 0.063	Loglikelihood: -15988.7	(delta): 0.00861483
115 (QN/EM) 	Elapsed: 0.065	Loglikelihood: -15988.7	(delta): 0.00179373
116 (QN/EM) 	Elapsed: 0.063	Loglikelihood: -15988.6	(delta): 0.112906
117 (QN/EM) 	Elapsed: 0.065	Loglikelihood: -15988.6	(delta): 0.00362002
118 (QN/EM) 	Elapsed: 0.063	Loglikelihood: -15988.4	(delta): 0.184421
119 (QN/EM) 	Elapsed: 0.063	Loglikelihood: -15988.3	(delta): 0.0293969
120 (QN/EM) 	Elapsed: 0.063	Loglikelihood: -15988.1	(delta): 0.224527
121 (QN/EM) 	Elapsed: 0.063	Loglikelihood: -15988	(delta): 0.120398
122 (QN/EM) 	Elapsed: 0.063	Loglikelihood: -15987.5	(delta): 0.468851
123 (QN/EM) 	Elapsed: 0.063	Loglikelihood: -15987.3	(delta): 0.199093
124 (QN/EM) 	Elapsed: 0.063	Loglikelihood: -15986.3	(delta): 1.01755
125 (QN/EM) 	Elapsed: 0.063	Loglikelihood: -15986.1	(delta): 0.173859
126 (QN/EM) 	Elapsed: 0.065	Loglikelihood: -15986.1	(delta): 0.0316947
127 (QN/EM) 	Elapsed: 0.063	Loglikelihood: -15985.7	(delta): 0.374719
128 (QN/EM) 	Elapsed: 0.063	Loglikelihood: -15985.1	(delta): 0.663675
129 (QN/EM) 	Elapsed: 0.065	Loglikelihood: -15985.1	(delta): 0.00880193
130 (QN/EM) 	Elapsed: 0.065	Loglikelihood: -15985	(delta): 0.00823588
131 (QN/EM) 	Elapsed: 0.063	Loglikelihood: -15984.8	(delta): 0.27815
132 (QN/EM) 	Elapsed: 0.065	Loglikelihood: -15984.8	(delta): 0.00137212
133 (QN/EM) 	Elapsed: 0.065	Loglikelihood: -15984.8	(delta): 0.00109516
134 (QN/EM) 	Elapsed: 0.066	Loglikelihood: -15984.8	(delta): 0.000988871
135 (QN/EM) 	Elapsed: 0.063	Loglikelihood: -15984.7	(delta): 0.0161642
136 (QN/EM) 	Elapsed: 0.065	Loglikelihood: -15984.7	(delta): 0.000627795
137 (QN/EM) 	Elapsed: 0.064	Loglikelihood: -15984.7	(delta): 0.000584849
138 (QN/EM) 	Elapsed: 0.063	Loglikelihood: -15984.7	(delta): 0.00162505
139 (QN/EM) 	Elapsed: 0.063	Loglikelihood: -15984.7	(delta): 0.00525335
140 (QN/EM) 	Elapsed: 0.065	Loglikelihood: -15984.7	(delta): 0.000545336
141 (QN/EM) 	Elapsed: 0.065	Loglikelihood: -15984.7	(delta): 0.000507779
142 (QN/EM) 	Elapsed: 0.063	Loglikelihood: -15984.7	(delta): 0.00177819
143 (QN/EM) 	Elapsed: 0.063	Loglikelihood: -15984.7	(delta): 0.0047711
144 (QN/EM) 	Elapsed: 0.063	Loglikelihood: -15984.7	(delta): 0.000692775
145 (QN/EM) 	Elapsed: 0.063	Loglikelihood: -15984.7	(delta): 0.000368514
146 (QN/EM) 	Elapsed: 0.063	Loglikelihood: -15984.7	(delta): 0.000632971
147 (QN/EM) 	Elapsed: 0.063	Loglikelihood: -15984.7	(delta): 0.000613453
148 (QN/EM) 	Elapsed: 0.063	Loglikelihood: -15984.7	(delta): 0.000199218
149 (QN/EM) 	Elapsed: 0.063	Loglikelihood: -15984.7	(delta): 0.000104715
150 (QN/EM) 	Elapsed: 0.063	Loglikelihood: -15984.7	(delta): 5.37442e-05
Summary: 
Converged in 150 iterations (9.863 sec)
Loglikelihood: -15984.730581
Fst divergences between estimated populations: 
	Pop0	Pop1	Pop2	Pop3	Pop4	Pop5	Pop6	Pop7	
Pop0	
Pop1	0.838	
Pop2	0.663	0.714	
Pop3	0.316	0.856	0.680	
Pop4	0.744	0.814	0.667	0.760	
Pop5	0.653	0.732	0.595	0.667	0.633	
Pop6	0.813	0.896	0.732	0.834	0.808	0.721	
Pop7	0.829	0.887	0.739	0.846	0.693	0.713	0.884	
Pop8	0.822	0.895	0.730	0.842	0.797	0.708	0.892	0.880	
CV error (K=9): 0.10815
Writing output files.
