PLINK v1.90b6.21 64-bit (19 Oct 2020)
Options in effect:
  --allow-extra-chr
  --double-id
  --make-bed
  --out binary_fileset
  --vcf /home/d669d153/work/nmel.ceyx/admixture.sol/solitarius.mac2.vcf

Hostname: r19r31n01
Working directory: /panfs/pfs.local/work/bi/d669d153/nmel.ceyx/admixture.sol
Start time: Sat Dec 16 11:15:26 2023

Random number seed: 1702746926
1031559 MB RAM detected; reserving 515779 MB for main workspace.
--vcf: binary_fileset-temporary.bed + binary_fileset-temporary.bim +
binary_fileset-temporary.fam written.
193 variants loaded from .bim file.
23 people (0 males, 0 females, 23 ambiguous) loaded from .fam.
Ambiguous sex IDs written to binary_fileset.nosex .
Using 1 thread (no multithreaded calculations invoked).
Before main variant filters, 23 founders and 0 nonfounders present.
Calculating allele frequencies... done.
Total genotyping rate is 0.964857.
193 variants and 23 people pass filters and QC.
Note: No phenotypes present.
--make-bed to binary_fileset.bed + binary_fileset.bim + binary_fileset.fam ...
done.

End time: Sat Dec 16 11:15:27 2023
