****                   ADMIXTURE Version 1.3.0                  ****
****                    Copyright 2008-2015                     ****
****           David Alexander, Suyash Shringarpure,            ****
****                John  Novembre, Ken Lange                   ****
****                                                            ****
****                 Please cite our paper!                     ****
****   Information at www.genetics.ucla.edu/software/admixture  ****

Cross-validation will be performed.  Folds=5.
Parallel execution requested.  Will use 5 threads.
Random seed: 43
Point estimation method: EM algorithm
Convergence acceleration algorithm: QuasiNewton, 3 secant conditions
Point estimation will terminate when objective function delta < 0.0001
Estimation of standard errors disabled; will compute point estimates only.
Size of G: 23x193
Performing five EM steps to prime main algorithm
1 (EM) 	Elapsed: 0	Loglikelihood: -3725.36	(delta): 3547.66
2 (EM) 	Elapsed: 0	Loglikelihood: -3521.46	(delta): 203.895
3 (EM) 	Elapsed: 0	Loglikelihood: -3462.74	(delta): 58.7249
4 (EM) 	Elapsed: 0	Loglikelihood: -3423.77	(delta): 38.9711
5 (EM) 	Elapsed: 0	Loglikelihood: -3392.69	(delta): 31.0775
Initial loglikelihood: -3392.69
Starting main algorithm
1 (QN/EM) 	Elapsed: 0	Loglikelihood: -3343.79	(delta): 48.8971
2 (QN/EM) 	Elapsed: 0	Loglikelihood: -3305.79	(delta): 38
3 (QN/EM) 	Elapsed: 0	Loglikelihood: -3200.86	(delta): 104.932
4 (QN/EM) 	Elapsed: 0	Loglikelihood: -3173.52	(delta): 27.3449
5 (QN/EM) 	Elapsed: 0	Loglikelihood: -3158.77	(delta): 14.7476
6 (QN/EM) 	Elapsed: 0	Loglikelihood: -3146.4	(delta): 12.367
7 (QN/EM) 	Elapsed: 0	Loglikelihood: -3124.55	(delta): 21.8554
8 (QN/EM) 	Elapsed: 0	Loglikelihood: -3105.05	(delta): 19.4921
9 (QN/EM) 	Elapsed: 0	Loglikelihood: -3096.1	(delta): 8.95842
10 (QN/EM) 	Elapsed: 0	Loglikelihood: -3090.67	(delta): 5.42767
11 (QN/EM) 	Elapsed: 0	Loglikelihood: -3088.83	(delta): 1.83504
12 (QN/EM) 	Elapsed: 0	Loglikelihood: -3079	(delta): 9.8279
13 (QN/EM) 	Elapsed: 0	Loglikelihood: -3074.71	(delta): 4.29324
14 (QN/EM) 	Elapsed: 0	Loglikelihood: -3072.44	(delta): 2.2681
15 (QN/EM) 	Elapsed: 0	Loglikelihood: -3070.65	(delta): 1.79744
16 (QN/EM) 	Elapsed: 0	Loglikelihood: -3068.5	(delta): 2.14161
17 (QN/EM) 	Elapsed: 0	Loglikelihood: -3066.6	(delta): 1.90844
18 (QN/EM) 	Elapsed: 0	Loglikelihood: -3065.29	(delta): 1.30336
19 (QN/EM) 	Elapsed: 0	Loglikelihood: -3064.13	(delta): 1.16336
20 (QN/EM) 	Elapsed: 0	Loglikelihood: -3063.11	(delta): 1.01776
21 (QN/EM) 	Elapsed: 0	Loglikelihood: -3062.1	(delta): 1.01368
22 (QN/EM) 	Elapsed: 0	Loglikelihood: -3061.66	(delta): 0.441495
23 (QN/EM) 	Elapsed: 0	Loglikelihood: -3061.26	(delta): 0.395956
24 (QN/EM) 	Elapsed: 0	Loglikelihood: -3059.72	(delta): 1.53963
25 (QN/EM) 	Elapsed: 0	Loglikelihood: -3058.49	(delta): 1.22837
26 (QN/EM) 	Elapsed: 0	Loglikelihood: -3057.2	(delta): 1.29346
27 (QN/EM) 	Elapsed: 0	Loglikelihood: -3055.99	(delta): 1.2079
28 (QN/EM) 	Elapsed: 0	Loglikelihood: -3053.8	(delta): 2.19424
29 (QN/EM) 	Elapsed: 0	Loglikelihood: -3052.54	(delta): 1.25877
30 (QN/EM) 	Elapsed: 0	Loglikelihood: -3051.34	(delta): 1.19357
31 (QN/EM) 	Elapsed: 0	Loglikelihood: -3050.55	(delta): 0.789652
32 (QN/EM) 	Elapsed: 0	Loglikelihood: -3050.18	(delta): 0.37715
33 (QN/EM) 	Elapsed: 0	Loglikelihood: -3049.32	(delta): 0.858111
34 (QN/EM) 	Elapsed: 0	Loglikelihood: -3048.95	(delta): 0.369371
35 (QN/EM) 	Elapsed: 0	Loglikelihood: -3048.64	(delta): 0.311314
36 (QN/EM) 	Elapsed: 0	Loglikelihood: -3048.46	(delta): 0.179704
37 (QN/EM) 	Elapsed: 0	Loglikelihood: -3048.4	(delta): 0.057598
38 (QN/EM) 	Elapsed: 0	Loglikelihood: -3048.08	(delta): 0.317959
39 (QN/EM) 	Elapsed: 0	Loglikelihood: -3048.03	(delta): 0.0531492
40 (QN/EM) 	Elapsed: 0	Loglikelihood: -3047.77	(delta): 0.263842
41 (QN/EM) 	Elapsed: 0	Loglikelihood: -3047.59	(delta): 0.179462
42 (QN/EM) 	Elapsed: 0	Loglikelihood: -3047.47	(delta): 0.120135
43 (QN/EM) 	Elapsed: 0	Loglikelihood: -3047.31	(delta): 0.160099
44 (QN/EM) 	Elapsed: 0	Loglikelihood: -3047.17	(delta): 0.132915
45 (QN/EM) 	Elapsed: 0	Loglikelihood: -3046.98	(delta): 0.191466
46 (QN/EM) 	Elapsed: 0	Loglikelihood: -3046.92	(delta): 0.0646409
47 (QN/EM) 	Elapsed: 0	Loglikelihood: -3046.77	(delta): 0.150186
48 (QN/EM) 	Elapsed: 0	Loglikelihood: -3046.67	(delta): 0.099206
49 (QN/EM) 	Elapsed: 0	Loglikelihood: -3046.66	(delta): 0.0104291
50 (QN/EM) 	Elapsed: 0	Loglikelihood: -3046.6	(delta): 0.0613616
51 (QN/EM) 	Elapsed: 0	Loglikelihood: -3046.53	(delta): 0.071119
52 (QN/EM) 	Elapsed: 0	Loglikelihood: -3046.43	(delta): 0.0952708
53 (QN/EM) 	Elapsed: 0	Loglikelihood: -3046.33	(delta): 0.101921
54 (QN/EM) 	Elapsed: 0	Loglikelihood: -3046.29	(delta): 0.0378813
55 (QN/EM) 	Elapsed: 0	Loglikelihood: -3046.25	(delta): 0.0372572
56 (QN/EM) 	Elapsed: 0	Loglikelihood: -3046.08	(delta): 0.176756
57 (QN/EM) 	Elapsed: 0	Loglikelihood: -3046.04	(delta): 0.0397962
58 (QN/EM) 	Elapsed: 0	Loglikelihood: -3045.97	(delta): 0.0623356
59 (QN/EM) 	Elapsed: 0	Loglikelihood: -3045.74	(delta): 0.236661
60 (QN/EM) 	Elapsed: 0	Loglikelihood: -3045.7	(delta): 0.0382545
61 (QN/EM) 	Elapsed: 0	Loglikelihood: -3045.67	(delta): 0.0305029
62 (QN/EM) 	Elapsed: 0	Loglikelihood: -3045.66	(delta): 0.00978679
63 (QN/EM) 	Elapsed: 0	Loglikelihood: -3045.62	(delta): 0.0409874
64 (QN/EM) 	Elapsed: 0	Loglikelihood: -3045.59	(delta): 0.0314477
65 (QN/EM) 	Elapsed: 0	Loglikelihood: -3045.56	(delta): 0.0238011
66 (QN/EM) 	Elapsed: 0	Loglikelihood: -3045.56	(delta): 0.00424911
67 (QN/EM) 	Elapsed: 0	Loglikelihood: -3045.55	(delta): 0.00488222
68 (QN/EM) 	Elapsed: 0	Loglikelihood: -3045.55	(delta): 0.00412677
69 (QN/EM) 	Elapsed: 0	Loglikelihood: -3045.55	(delta): 0.00336933
70 (QN/EM) 	Elapsed: 0	Loglikelihood: -3045.54	(delta): 0.00177706
71 (QN/EM) 	Elapsed: 0	Loglikelihood: -3045.54	(delta): 0.00089518
72 (QN/EM) 	Elapsed: 0	Loglikelihood: -3045.54	(delta): 0.000597246
73 (QN/EM) 	Elapsed: 0	Loglikelihood: -3045.54	(delta): 0.00112117
74 (QN/EM) 	Elapsed: 0	Loglikelihood: -3045.54	(delta): 0.00141764
75 (QN/EM) 	Elapsed: 0	Loglikelihood: -3045.54	(delta): 0.00251781
76 (QN/EM) 	Elapsed: 0	Loglikelihood: -3045.53	(delta): 0.0027256
77 (QN/EM) 	Elapsed: 0	Loglikelihood: -3045.53	(delta): 0.000519075
78 (QN/EM) 	Elapsed: 0	Loglikelihood: -3045.53	(delta): 0.000444205
79 (QN/EM) 	Elapsed: 0	Loglikelihood: -3045.53	(delta): 0.000202923
80 (QN/EM) 	Elapsed: 0	Loglikelihood: -3045.53	(delta): 9.96543e-05
Summary: 
Converged in 80 iterations (0.047 sec)
Loglikelihood: -3045.533602
Fst divergences between estimated populations: 
	Pop0	Pop1	
Pop0	
Pop1	0.278	
Pop2	0.214	0.220	
CV error (K=3): 0.79445
Writing output files.
