****                   ADMIXTURE Version 1.3.0                  ****
****                    Copyright 2008-2015                     ****
****           David Alexander, Suyash Shringarpure,            ****
****                John  Novembre, Ken Lange                   ****
****                                                            ****
****                 Please cite our paper!                     ****
****   Information at www.genetics.ucla.edu/software/admixture  ****

Cross-validation will be performed.  Folds=5.
Parallel execution requested.  Will use 5 threads.
Random seed: 43
Point estimation method: EM algorithm
Convergence acceleration algorithm: QuasiNewton, 3 secant conditions
Point estimation will terminate when objective function delta < 0.0001
Estimation of standard errors disabled; will compute point estimates only.
Size of G: 23x193
Performing five EM steps to prime main algorithm
1 (EM) 	Elapsed: 0	Loglikelihood: -3702.91	(delta): 2733.58
2 (EM) 	Elapsed: 0	Loglikelihood: -3516.9	(delta): 186.013
3 (EM) 	Elapsed: 0	Loglikelihood: -3443.66	(delta): 73.2367
4 (EM) 	Elapsed: 0	Loglikelihood: -3388.13	(delta): 55.5393
5 (EM) 	Elapsed: 0	Loglikelihood: -3341.8	(delta): 46.321
Initial loglikelihood: -3341.8
Starting main algorithm
1 (QN/EM) 	Elapsed: 0	Loglikelihood: -3267.57	(delta): 74.2333
2 (QN/EM) 	Elapsed: 0	Loglikelihood: -3210.89	(delta): 56.6844
3 (QN/EM) 	Elapsed: 0	Loglikelihood: -3060.95	(delta): 149.933
4 (QN/EM) 	Elapsed: 0	Loglikelihood: -3012.24	(delta): 48.7098
5 (QN/EM) 	Elapsed: 0	Loglikelihood: -2968.98	(delta): 43.2657
6 (QN/EM) 	Elapsed: 0	Loglikelihood: -2941.18	(delta): 27.8024
7 (QN/EM) 	Elapsed: 0	Loglikelihood: -2920.83	(delta): 20.3469
8 (QN/EM) 	Elapsed: 0	Loglikelihood: -2902.05	(delta): 18.7753
9 (QN/EM) 	Elapsed: 0	Loglikelihood: -2896.72	(delta): 5.33246
10 (QN/EM) 	Elapsed: 0	Loglikelihood: -2893.66	(delta): 3.06313
11 (QN/EM) 	Elapsed: 0	Loglikelihood: -2889.99	(delta): 3.67132
12 (QN/EM) 	Elapsed: 0	Loglikelihood: -2884.93	(delta): 5.06112
13 (QN/EM) 	Elapsed: 0	Loglikelihood: -2879.98	(delta): 4.94849
14 (QN/EM) 	Elapsed: 0	Loglikelihood: -2876.27	(delta): 3.70651
15 (QN/EM) 	Elapsed: 0	Loglikelihood: -2868.48	(delta): 7.79239
16 (QN/EM) 	Elapsed: 0	Loglikelihood: -2858.27	(delta): 10.2053
17 (QN/EM) 	Elapsed: 0	Loglikelihood: -2854.27	(delta): 4.00156
18 (QN/EM) 	Elapsed: 0	Loglikelihood: -2851.99	(delta): 2.27732
19 (QN/EM) 	Elapsed: 0	Loglikelihood: -2850.77	(delta): 1.22218
20 (QN/EM) 	Elapsed: 0	Loglikelihood: -2847.64	(delta): 3.13708
21 (QN/EM) 	Elapsed: 0	Loglikelihood: -2844.69	(delta): 2.94607
22 (QN/EM) 	Elapsed: 0	Loglikelihood: -2842.5	(delta): 2.18828
23 (QN/EM) 	Elapsed: 0	Loglikelihood: -2839.83	(delta): 2.67288
24 (QN/EM) 	Elapsed: 0	Loglikelihood: -2838.16	(delta): 1.66925
25 (QN/EM) 	Elapsed: 0	Loglikelihood: -2837.11	(delta): 1.05
26 (QN/EM) 	Elapsed: 0	Loglikelihood: -2835.81	(delta): 1.29442
27 (QN/EM) 	Elapsed: 0	Loglikelihood: -2834.37	(delta): 1.43993
28 (QN/EM) 	Elapsed: 0	Loglikelihood: -2833.53	(delta): 0.843423
29 (QN/EM) 	Elapsed: 0	Loglikelihood: -2832.75	(delta): 0.776328
30 (QN/EM) 	Elapsed: 0	Loglikelihood: -2832.33	(delta): 0.421268
31 (QN/EM) 	Elapsed: 0	Loglikelihood: -2831.71	(delta): 0.623464
32 (QN/EM) 	Elapsed: 0	Loglikelihood: -2829.64	(delta): 2.07233
33 (QN/EM) 	Elapsed: 0	Loglikelihood: -2828.18	(delta): 1.45464
34 (QN/EM) 	Elapsed: 0	Loglikelihood: -2827.37	(delta): 0.816733
35 (QN/EM) 	Elapsed: 0	Loglikelihood: -2826.5	(delta): 0.870144
36 (QN/EM) 	Elapsed: 0	Loglikelihood: -2825.86	(delta): 0.640394
37 (QN/EM) 	Elapsed: 0	Loglikelihood: -2823.66	(delta): 2.19948
38 (QN/EM) 	Elapsed: 0	Loglikelihood: -2822.15	(delta): 1.5025
39 (QN/EM) 	Elapsed: 0	Loglikelihood: -2821.21	(delta): 0.945034
40 (QN/EM) 	Elapsed: 0	Loglikelihood: -2820.63	(delta): 0.58039
41 (QN/EM) 	Elapsed: 0	Loglikelihood: -2819.46	(delta): 1.16365
42 (QN/EM) 	Elapsed: 0	Loglikelihood: -2818.38	(delta): 1.0843
43 (QN/EM) 	Elapsed: 0	Loglikelihood: -2817.63	(delta): 0.749338
44 (QN/EM) 	Elapsed: 0	Loglikelihood: -2815.19	(delta): 2.44202
45 (QN/EM) 	Elapsed: 0	Loglikelihood: -2814.14	(delta): 1.04481
46 (QN/EM) 	Elapsed: 0	Loglikelihood: -2813.19	(delta): 0.9568
47 (QN/EM) 	Elapsed: 0	Loglikelihood: -2812.57	(delta): 0.61935
48 (QN/EM) 	Elapsed: 0	Loglikelihood: -2811.21	(delta): 1.35547
49 (QN/EM) 	Elapsed: 0	Loglikelihood: -2810.52	(delta): 0.690506
50 (QN/EM) 	Elapsed: 0	Loglikelihood: -2809.75	(delta): 0.770811
51 (QN/EM) 	Elapsed: 0	Loglikelihood: -2808.62	(delta): 1.133
52 (QN/EM) 	Elapsed: 0	Loglikelihood: -2807.73	(delta): 0.891982
53 (QN/EM) 	Elapsed: 0	Loglikelihood: -2806.62	(delta): 1.1111
54 (QN/EM) 	Elapsed: 0	Loglikelihood: -2803.82	(delta): 2.79309
55 (QN/EM) 	Elapsed: 0	Loglikelihood: -2802.18	(delta): 1.6401
56 (QN/EM) 	Elapsed: 0	Loglikelihood: -2800.99	(delta): 1.19395
57 (QN/EM) 	Elapsed: 0	Loglikelihood: -2799.81	(delta): 1.1819
58 (QN/EM) 	Elapsed: 0	Loglikelihood: -2799.01	(delta): 0.794391
59 (QN/EM) 	Elapsed: 0	Loglikelihood: -2798.79	(delta): 0.220908
60 (QN/EM) 	Elapsed: 0	Loglikelihood: -2798.36	(delta): 0.433822
61 (QN/EM) 	Elapsed: 0	Loglikelihood: -2797.99	(delta): 0.364775
62 (QN/EM) 	Elapsed: 0	Loglikelihood: -2797.45	(delta): 0.542816
63 (QN/EM) 	Elapsed: 0	Loglikelihood: -2797.1	(delta): 0.348601
64 (QN/EM) 	Elapsed: 0	Loglikelihood: -2796.83	(delta): 0.269983
65 (QN/EM) 	Elapsed: 0	Loglikelihood: -2796.4	(delta): 0.428927
66 (QN/EM) 	Elapsed: 0	Loglikelihood: -2795.97	(delta): 0.428937
67 (QN/EM) 	Elapsed: 0	Loglikelihood: -2795.62	(delta): 0.349477
68 (QN/EM) 	Elapsed: 0	Loglikelihood: -2795.41	(delta): 0.212868
69 (QN/EM) 	Elapsed: 0	Loglikelihood: -2794.79	(delta): 0.625234
70 (QN/EM) 	Elapsed: 0	Loglikelihood: -2794.22	(delta): 0.568466
71 (QN/EM) 	Elapsed: 0	Loglikelihood: -2793.99	(delta): 0.229859
72 (QN/EM) 	Elapsed: 0	Loglikelihood: -2793.86	(delta): 0.126345
73 (QN/EM) 	Elapsed: 0	Loglikelihood: -2793.42	(delta): 0.441823
74 (QN/EM) 	Elapsed: 0	Loglikelihood: -2793.3	(delta): 0.115769
75 (QN/EM) 	Elapsed: 0	Loglikelihood: -2793.19	(delta): 0.115002
76 (QN/EM) 	Elapsed: 0	Loglikelihood: -2792.8	(delta): 0.392942
77 (QN/EM) 	Elapsed: 0	Loglikelihood: -2792.72	(delta): 0.0799725
78 (QN/EM) 	Elapsed: 0	Loglikelihood: -2792.63	(delta): 0.0891368
79 (QN/EM) 	Elapsed: 0	Loglikelihood: -2792.44	(delta): 0.185814
80 (QN/EM) 	Elapsed: 0	Loglikelihood: -2792.25	(delta): 0.186156
81 (QN/EM) 	Elapsed: 0	Loglikelihood: -2792.15	(delta): 0.10172
82 (QN/EM) 	Elapsed: 0	Loglikelihood: -2792.12	(delta): 0.0338788
83 (QN/EM) 	Elapsed: 0	Loglikelihood: -2791.8	(delta): 0.321938
84 (QN/EM) 	Elapsed: 0	Loglikelihood: -2791.72	(delta): 0.0756768
85 (QN/EM) 	Elapsed: 0	Loglikelihood: -2791.54	(delta): 0.183608
86 (QN/EM) 	Elapsed: 0	Loglikelihood: -2791.06	(delta): 0.477678
87 (QN/EM) 	Elapsed: 0	Loglikelihood: -2790.66	(delta): 0.395777
88 (QN/EM) 	Elapsed: 0	Loglikelihood: -2790.46	(delta): 0.207856
89 (QN/EM) 	Elapsed: 0	Loglikelihood: -2790.38	(delta): 0.0746691
90 (QN/EM) 	Elapsed: 0	Loglikelihood: -2790.31	(delta): 0.0748759
91 (QN/EM) 	Elapsed: 0	Loglikelihood: -2790.24	(delta): 0.0633672
92 (QN/EM) 	Elapsed: 0	Loglikelihood: -2790.13	(delta): 0.109764
93 (QN/EM) 	Elapsed: 0	Loglikelihood: -2790.03	(delta): 0.107282
94 (QN/EM) 	Elapsed: 0	Loglikelihood: -2789.72	(delta): 0.310131
95 (QN/EM) 	Elapsed: 0	Loglikelihood: -2789.57	(delta): 0.144083
96 (QN/EM) 	Elapsed: 0	Loglikelihood: -2789.48	(delta): 0.089446
97 (QN/EM) 	Elapsed: 0	Loglikelihood: -2789.28	(delta): 0.200352
98 (QN/EM) 	Elapsed: 0	Loglikelihood: -2788.77	(delta): 0.511382
99 (QN/EM) 	Elapsed: 0	Loglikelihood: -2788.62	(delta): 0.149347
100 (QN/EM) 	Elapsed: 0	Loglikelihood: -2788.32	(delta): 0.303635
101 (QN/EM) 	Elapsed: 0	Loglikelihood: -2788.26	(delta): 0.056024
102 (QN/EM) 	Elapsed: 0	Loglikelihood: -2788.21	(delta): 0.0524837
103 (QN/EM) 	Elapsed: 0	Loglikelihood: -2787.87	(delta): 0.340402
104 (QN/EM) 	Elapsed: 0	Loglikelihood: -2787.76	(delta): 0.105461
105 (QN/EM) 	Elapsed: 0	Loglikelihood: -2787.61	(delta): 0.153757
106 (QN/EM) 	Elapsed: 0	Loglikelihood: -2787.49	(delta): 0.11882
107 (QN/EM) 	Elapsed: 0	Loglikelihood: -2787.46	(delta): 0.0305276
108 (QN/EM) 	Elapsed: 0	Loglikelihood: -2787.43	(delta): 0.0333191
109 (QN/EM) 	Elapsed: 0	Loglikelihood: -2787.38	(delta): 0.0423931
110 (QN/EM) 	Elapsed: 0	Loglikelihood: -2787.33	(delta): 0.0535404
111 (QN/EM) 	Elapsed: 0	Loglikelihood: -2787.27	(delta): 0.0591923
112 (QN/EM) 	Elapsed: 0	Loglikelihood: -2787.22	(delta): 0.055545
113 (QN/EM) 	Elapsed: 0	Loglikelihood: -2787.17	(delta): 0.0498673
114 (QN/EM) 	Elapsed: 0	Loglikelihood: -2787.12	(delta): 0.0488784
115 (QN/EM) 	Elapsed: 0	Loglikelihood: -2787.07	(delta): 0.0513936
116 (QN/EM) 	Elapsed: 0	Loglikelihood: -2786.81	(delta): 0.256968
117 (QN/EM) 	Elapsed: 0	Loglikelihood: -2786.42	(delta): 0.385261
118 (QN/EM) 	Elapsed: 0	Loglikelihood: -2786.24	(delta): 0.188129
119 (QN/EM) 	Elapsed: 0	Loglikelihood: -2785.94	(delta): 0.291711
120 (QN/EM) 	Elapsed: 0	Loglikelihood: -2785.79	(delta): 0.152935
121 (QN/EM) 	Elapsed: 0	Loglikelihood: -2785.5	(delta): 0.289608
122 (QN/EM) 	Elapsed: 0	Loglikelihood: -2785.33	(delta): 0.168078
123 (QN/EM) 	Elapsed: 0	Loglikelihood: -2785.06	(delta): 0.271007
124 (QN/EM) 	Elapsed: 0	Loglikelihood: -2784.91	(delta): 0.150867
125 (QN/EM) 	Elapsed: 0	Loglikelihood: -2784.8	(delta): 0.11077
126 (QN/EM) 	Elapsed: 0	Loglikelihood: -2784.46	(delta): 0.339336
127 (QN/EM) 	Elapsed: 0	Loglikelihood: -2784.34	(delta): 0.121499
128 (QN/EM) 	Elapsed: 0	Loglikelihood: -2783.94	(delta): 0.397899
129 (QN/EM) 	Elapsed: 0	Loglikelihood: -2783.85	(delta): 0.0930085
130 (QN/EM) 	Elapsed: 0	Loglikelihood: -2783.66	(delta): 0.192038
131 (QN/EM) 	Elapsed: 0	Loglikelihood: -2783.26	(delta): 0.398136
132 (QN/EM) 	Elapsed: 0	Loglikelihood: -2783.15	(delta): 0.103757
133 (QN/EM) 	Elapsed: 0	Loglikelihood: -2783.05	(delta): 0.107851
134 (QN/EM) 	Elapsed: 0	Loglikelihood: -2782.92	(delta): 0.124828
135 (QN/EM) 	Elapsed: 0	Loglikelihood: -2782.6	(delta): 0.326879
136 (QN/EM) 	Elapsed: 0	Loglikelihood: -2782.21	(delta): 0.383249
137 (QN/EM) 	Elapsed: 0	Loglikelihood: -2782.1	(delta): 0.113475
138 (QN/EM) 	Elapsed: 0	Loglikelihood: -2780.34	(delta): 1.76266
139 (QN/EM) 	Elapsed: 0	Loglikelihood: -2779.52	(delta): 0.816447
140 (QN/EM) 	Elapsed: 0	Loglikelihood: -2779.33	(delta): 0.185163
141 (QN/EM) 	Elapsed: 0	Loglikelihood: -2779.2	(delta): 0.133643
142 (QN/EM) 	Elapsed: 0	Loglikelihood: -2779.16	(delta): 0.0387102
143 (QN/EM) 	Elapsed: 0	Loglikelihood: -2778.97	(delta): 0.196423
144 (QN/EM) 	Elapsed: 0	Loglikelihood: -2778.9	(delta): 0.0611918
145 (QN/EM) 	Elapsed: 0	Loglikelihood: -2778.87	(delta): 0.0338231
146 (QN/EM) 	Elapsed: 0	Loglikelihood: -2778.84	(delta): 0.025751
147 (QN/EM) 	Elapsed: 0	Loglikelihood: -2778.82	(delta): 0.0220212
148 (QN/EM) 	Elapsed: 0	Loglikelihood: -2778.81	(delta): 0.0113579
149 (QN/EM) 	Elapsed: 0	Loglikelihood: -2778.81	(delta): 0.0059276
150 (QN/EM) 	Elapsed: 0	Loglikelihood: -2778.8	(delta): 0.00645092
151 (QN/EM) 	Elapsed: 0	Loglikelihood: -2778.79	(delta): 0.00691523
152 (QN/EM) 	Elapsed: 0	Loglikelihood: -2778.66	(delta): 0.135455
153 (QN/EM) 	Elapsed: 0	Loglikelihood: -2778.61	(delta): 0.0451376
154 (QN/EM) 	Elapsed: 0	Loglikelihood: -2778.59	(delta): 0.0171808
155 (QN/EM) 	Elapsed: 0	Loglikelihood: -2778.32	(delta): 0.276611
156 (QN/EM) 	Elapsed: 0	Loglikelihood: -2778.29	(delta): 0.0297774
157 (QN/EM) 	Elapsed: 0	Loglikelihood: -2778.26	(delta): 0.0252051
158 (QN/EM) 	Elapsed: 0	Loglikelihood: -2777.45	(delta): 0.808047
159 (QN/EM) 	Elapsed: 0	Loglikelihood: -2773.4	(delta): 4.05553
160 (QN/EM) 	Elapsed: 0	Loglikelihood: -2773.16	(delta): 0.239055
161 (QN/EM) 	Elapsed: 0	Loglikelihood: -2772.89	(delta): 0.270016
162 (QN/EM) 	Elapsed: 0	Loglikelihood: -2772.77	(delta): 0.122255
163 (QN/EM) 	Elapsed: 0	Loglikelihood: -2772.7	(delta): 0.0672511
164 (QN/EM) 	Elapsed: 0	Loglikelihood: -2772.65	(delta): 0.0477044
165 (QN/EM) 	Elapsed: 0	Loglikelihood: -2772.55	(delta): 0.106337
166 (QN/EM) 	Elapsed: 0	Loglikelihood: -2772.52	(delta): 0.0269008
167 (QN/EM) 	Elapsed: 0	Loglikelihood: -2772.5	(delta): 0.0204757
168 (QN/EM) 	Elapsed: 0	Loglikelihood: -2772.5	(delta): 0.00266237
169 (QN/EM) 	Elapsed: 0	Loglikelihood: -2772.48	(delta): 0.0200985
170 (QN/EM) 	Elapsed: 0	Loglikelihood: -2772.48	(delta): 0.000338427
171 (QN/EM) 	Elapsed: 0	Loglikelihood: -2772.47	(delta): 0.00184359
172 (QN/EM) 	Elapsed: 0	Loglikelihood: -2772.47	(delta): 0.000158644
173 (QN/EM) 	Elapsed: 0	Loglikelihood: -2772.47	(delta): 0.000637628
174 (QN/EM) 	Elapsed: 0	Loglikelihood: -2772.47	(delta): 0.000432598
175 (QN/EM) 	Elapsed: 0	Loglikelihood: -2772.47	(delta): 0.000121071
176 (QN/EM) 	Elapsed: 0	Loglikelihood: -2772.47	(delta): 0.000128225
177 (QN/EM) 	Elapsed: 0	Loglikelihood: -2772.47	(delta): 0.000135978
178 (QN/EM) 	Elapsed: 0	Loglikelihood: -2772.47	(delta): 0.00014419
179 (QN/EM) 	Elapsed: 0	Loglikelihood: -2772.47	(delta): 0.00015279
180 (QN/EM) 	Elapsed: 0	Loglikelihood: -2772.47	(delta): 0.000161708
181 (QN/EM) 	Elapsed: 0	Loglikelihood: -2772.47	(delta): 0.000170862
182 (QN/EM) 	Elapsed: 0	Loglikelihood: -2772.47	(delta): 0.00436591
183 (QN/EM) 	Elapsed: 0	Loglikelihood: -2772.47	(delta): 0.0016733
184 (QN/EM) 	Elapsed: 0	Loglikelihood: -2772.47	(delta): 0.000409929
185 (QN/EM) 	Elapsed: 0	Loglikelihood: -2772.46	(delta): 0.00123192
186 (QN/EM) 	Elapsed: 0	Loglikelihood: -2772.46	(delta): 0.00368812
187 (QN/EM) 	Elapsed: 0	Loglikelihood: -2772.46	(delta): 0.0014477
188 (QN/EM) 	Elapsed: 0	Loglikelihood: -2772.46	(delta): 0.000254824
189 (QN/EM) 	Elapsed: 0	Loglikelihood: -2772.46	(delta): 0.000356548
190 (QN/EM) 	Elapsed: 0	Loglikelihood: -2772.46	(delta): 0.000247045
191 (QN/EM) 	Elapsed: 0	Loglikelihood: -2772.46	(delta): 0.000463071
192 (QN/EM) 	Elapsed: 0	Loglikelihood: -2772.46	(delta): 0.000423437
193 (QN/EM) 	Elapsed: 0	Loglikelihood: -2772.46	(delta): 0.000162351
194 (QN/EM) 	Elapsed: 0	Loglikelihood: -2772.46	(delta): 0.000393888
195 (QN/EM) 	Elapsed: 0	Loglikelihood: -2772.46	(delta): 3.40635e-05
Summary: 
Converged in 195 iterations (0.16 sec)
Loglikelihood: -2772.456841
Fst divergences between estimated populations: 
	Pop0	Pop1	Pop2	Pop3	
Pop0	
Pop1	0.295	
Pop2	0.198	0.220	
Pop3	0.326	0.347	0.271	
Pop4	0.167	0.327	0.229	0.353	
CV error (K=5): 1.21071
Writing output files.
