PLINK v1.90b6.21 64-bit (19 Oct 2020)
Options in effect:
  --allow-extra-chr
  --double-id
  --make-bed
  --out binary_fileset
  --vcf /home/d669d153/work/nmel.ceyx/admixture.coll/collectoris.mac2.vcf

Hostname: r31r30n01
Working directory: /panfs/pfs.local/work/bi/d669d153/nmel.ceyx/admixture.coll
Start time: Sat Dec 16 11:11:48 2023

Random number seed: 1702746708
192029 MB RAM detected; reserving 96014 MB for main workspace.
--vcf: binary_fileset-temporary.bed + binary_fileset-temporary.bim +
binary_fileset-temporary.fam written.
209 variants loaded from .bim file.
37 people (0 males, 0 females, 37 ambiguous) loaded from .fam.
Ambiguous sex IDs written to binary_fileset.nosex .
Using 1 thread (no multithreaded calculations invoked).
Before main variant filters, 37 founders and 0 nonfounders present.
Calculating allele frequencies... done.
Total genotyping rate is 0.978146.
209 variants and 37 people pass filters and QC.
Note: No phenotypes present.
--make-bed to binary_fileset.bed + binary_fileset.bim + binary_fileset.fam ...
done.

End time: Sat Dec 16 11:11:48 2023
