****                   ADMIXTURE Version 1.3.0                  ****
****                    Copyright 2008-2015                     ****
****           David Alexander, Suyash Shringarpure,            ****
****                John  Novembre, Ken Lange                   ****
****                                                            ****
****                 Please cite our paper!                     ****
****   Information at www.genetics.ucla.edu/software/admixture  ****

Cross-validation will be performed.  Folds=5.
Parallel execution requested.  Will use 5 threads.
Random seed: 43
Point estimation method: EM algorithm
Convergence acceleration algorithm: QuasiNewton, 3 secant conditions
Point estimation will terminate when objective function delta < 0.0001
Estimation of standard errors disabled; will compute point estimates only.
Size of G: 37x209
Performing five EM steps to prime main algorithm
1 (EM) 	Elapsed: 0	Loglikelihood: -4665.76	(delta): 10098.4
2 (EM) 	Elapsed: 0	Loglikelihood: -4665.76	(delta): 0
3 (EM) 	Elapsed: 0	Loglikelihood: -4665.76	(delta): 0
4 (EM) 	Elapsed: 0	Loglikelihood: -4665.76	(delta): 0
5 (EM) 	Elapsed: 0	Loglikelihood: -4665.76	(delta): 0
Initial loglikelihood: -4665.76
Starting main algorithm
1 (QN/EM) 	Elapsed: 0.001	Loglikelihood: -4665.76	(delta): 0
Summary: 
Converged in 1 iterations (0.005 sec)
Loglikelihood: -4665.760129
PROBLEM INVERTING MATRIX!
PROBLEM INVERTING MATRIX!
PROBLEM INVERTING MATRIX!
PROBLEM INVERTING MATRIX!
PROBLEM INVERTING MATRIX!
CV error (K=1): 0.54066
Writing output files.
