****                   ADMIXTURE Version 1.3.0                  ****
****                    Copyright 2008-2015                     ****
****           David Alexander, Suyash Shringarpure,            ****
****                John  Novembre, Ken Lange                   ****
****                                                            ****
****                 Please cite our paper!                     ****
****   Information at www.genetics.ucla.edu/software/admixture  ****

Cross-validation will be performed.  Folds=5.
Parallel execution requested.  Will use 5 threads.
Random seed: 43
Point estimation method: EM algorithm
Convergence acceleration algorithm: QuasiNewton, 3 secant conditions
Point estimation will terminate when objective function delta < 0.0001
Estimation of standard errors disabled; will compute point estimates only.
Size of G: 37x209
Performing five EM steps to prime main algorithm
1 (EM) 	Elapsed: 0	Loglikelihood: -4807.48	(delta): 9590.31
2 (EM) 	Elapsed: 0	Loglikelihood: -4623.71	(delta): 183.773
3 (EM) 	Elapsed: 0	Loglikelihood: -4572.38	(delta): 51.3255
4 (EM) 	Elapsed: 0	Loglikelihood: -4539.33	(delta): 33.0521
5 (EM) 	Elapsed: 0	Loglikelihood: -4511.32	(delta): 28.0158
Initial loglikelihood: -4511.32
Starting main algorithm
1 (QN/EM) 	Elapsed: 0	Loglikelihood: -4450.52	(delta): 60.7916
2 (QN/EM) 	Elapsed: 0	Loglikelihood: -4364.51	(delta): 86.009
3 (QN/EM) 	Elapsed: 0.001	Loglikelihood: -4244.92	(delta): 119.598
4 (QN/EM) 	Elapsed: 0	Loglikelihood: -3946.83	(delta): 298.091
5 (QN/EM) 	Elapsed: 0	Loglikelihood: -3704.48	(delta): 242.348
6 (QN/EM) 	Elapsed: 0	Loglikelihood: -3620.1	(delta): 84.3728
7 (QN/EM) 	Elapsed: 0	Loglikelihood: -3504.43	(delta): 115.677
8 (QN/EM) 	Elapsed: 0	Loglikelihood: -3424.28	(delta): 80.1468
9 (QN/EM) 	Elapsed: 0	Loglikelihood: -3402.79	(delta): 21.4898
10 (QN/EM) 	Elapsed: 0	Loglikelihood: -3391.36	(delta): 11.4316
11 (QN/EM) 	Elapsed: 0	Loglikelihood: -3386.43	(delta): 4.92566
12 (QN/EM) 	Elapsed: 0	Loglikelihood: -3384.09	(delta): 2.34041
13 (QN/EM) 	Elapsed: 0	Loglikelihood: -3383.44	(delta): 0.649737
14 (QN/EM) 	Elapsed: 0	Loglikelihood: -3382.98	(delta): 0.459963
15 (QN/EM) 	Elapsed: 0	Loglikelihood: -3382.87	(delta): 0.113738
16 (QN/EM) 	Elapsed: 0	Loglikelihood: -3382.84	(delta): 0.0332432
17 (QN/EM) 	Elapsed: 0	Loglikelihood: -3382.8	(delta): 0.0330548
18 (QN/EM) 	Elapsed: 0	Loglikelihood: -3382.78	(delta): 0.0284589
19 (QN/EM) 	Elapsed: 0	Loglikelihood: -3382.62	(delta): 0.159817
20 (QN/EM) 	Elapsed: 0	Loglikelihood: -3382.56	(delta): 0.054696
21 (QN/EM) 	Elapsed: 0	Loglikelihood: -3382.55	(delta): 0.0100788
22 (QN/EM) 	Elapsed: 0	Loglikelihood: -3382.5	(delta): 0.0551383
23 (QN/EM) 	Elapsed: 0	Loglikelihood: -3382.46	(delta): 0.0331226
24 (QN/EM) 	Elapsed: 0	Loglikelihood: -3382.46	(delta): 9.88508e-05
Summary: 
Converged in 24 iterations (0.026 sec)
Loglikelihood: -3382.462312
Fst divergences between estimated populations: 
	Pop0	
Pop0	
Pop1	0.348	
CV error (K=2): 0.41812
Writing output files.
