****                   ADMIXTURE Version 1.3.0                  ****
****                    Copyright 2008-2015                     ****
****           David Alexander, Suyash Shringarpure,            ****
****                John  Novembre, Ken Lange                   ****
****                                                            ****
****                 Please cite our paper!                     ****
****   Information at www.genetics.ucla.edu/software/admixture  ****

Cross-validation will be performed.  Folds=5.
Parallel execution requested.  Will use 5 threads.
Random seed: 43
Point estimation method: EM algorithm
Convergence acceleration algorithm: QuasiNewton, 3 secant conditions
Point estimation will terminate when objective function delta < 0.0001
Estimation of standard errors disabled; will compute point estimates only.
Size of G: 37x209
Performing five EM steps to prime main algorithm
1 (EM) 	Elapsed: 0	Loglikelihood: -4896.54	(delta): 6755.64
2 (EM) 	Elapsed: 0	Loglikelihood: -4564.65	(delta): 331.893
3 (EM) 	Elapsed: 0	Loglikelihood: -4437.24	(delta): 127.407
4 (EM) 	Elapsed: 0	Loglikelihood: -4322.78	(delta): 114.464
5 (EM) 	Elapsed: 0	Loglikelihood: -4204.96	(delta): 117.815
Initial loglikelihood: -4204.96
Starting main algorithm
1 (QN/EM) 	Elapsed: 0.001	Loglikelihood: -3964.02	(delta): 240.946
2 (QN/EM) 	Elapsed: 0.001	Loglikelihood: -3757.32	(delta): 206.697
3 (QN/EM) 	Elapsed: 0.001	Loglikelihood: -3363.09	(delta): 394.235
4 (QN/EM) 	Elapsed: 0.001	Loglikelihood: -3300.44	(delta): 62.6482
5 (QN/EM) 	Elapsed: 0.001	Loglikelihood: -3203.63	(delta): 96.8092
6 (QN/EM) 	Elapsed: 0.001	Loglikelihood: -3167.03	(delta): 36.5981
7 (QN/EM) 	Elapsed: 0.001	Loglikelihood: -3137.12	(delta): 29.91
8 (QN/EM) 	Elapsed: 0.001	Loglikelihood: -3113.82	(delta): 23.2977
9 (QN/EM) 	Elapsed: 0.001	Loglikelihood: -3099.24	(delta): 14.5837
10 (QN/EM) 	Elapsed: 0.001	Loglikelihood: -3091.15	(delta): 8.09144
11 (QN/EM) 	Elapsed: 0.001	Loglikelihood: -3078.7	(delta): 12.4433
12 (QN/EM) 	Elapsed: 0.001	Loglikelihood: -3074.22	(delta): 4.48759
13 (QN/EM) 	Elapsed: 0.001	Loglikelihood: -3059.11	(delta): 15.1075
14 (QN/EM) 	Elapsed: 0.001	Loglikelihood: -3047.33	(delta): 11.7787
15 (QN/EM) 	Elapsed: 0.001	Loglikelihood: -3043.03	(delta): 4.2976
16 (QN/EM) 	Elapsed: 0.001	Loglikelihood: -3040.43	(delta): 2.6037
17 (QN/EM) 	Elapsed: 0.001	Loglikelihood: -3039.03	(delta): 1.39531
18 (QN/EM) 	Elapsed: 0.001	Loglikelihood: -3034.74	(delta): 4.29178
19 (QN/EM) 	Elapsed: 0.001	Loglikelihood: -3032.13	(delta): 2.60801
20 (QN/EM) 	Elapsed: 0.001	Loglikelihood: -3029.29	(delta): 2.84253
21 (QN/EM) 	Elapsed: 0.001	Loglikelihood: -3026.98	(delta): 2.31243
22 (QN/EM) 	Elapsed: 0.001	Loglikelihood: -3025.41	(delta): 1.5675
23 (QN/EM) 	Elapsed: 0.001	Loglikelihood: -3024.73	(delta): 0.684749
24 (QN/EM) 	Elapsed: 0.001	Loglikelihood: -3023.98	(delta): 0.747921
25 (QN/EM) 	Elapsed: 0.001	Loglikelihood: -3023.14	(delta): 0.839592
26 (QN/EM) 	Elapsed: 0.001	Loglikelihood: -3022.18	(delta): 0.95795
27 (QN/EM) 	Elapsed: 0.001	Loglikelihood: -3021.07	(delta): 1.1078
28 (QN/EM) 	Elapsed: 0.001	Loglikelihood: -3019.78	(delta): 1.29482
29 (QN/EM) 	Elapsed: 0.001	Loglikelihood: -3018.25	(delta): 1.52547
30 (QN/EM) 	Elapsed: 0.001	Loglikelihood: -3016.45	(delta): 1.80698
31 (QN/EM) 	Elapsed: 0.001	Loglikelihood: -3014.3	(delta): 2.14841
32 (QN/EM) 	Elapsed: 0.001	Loglikelihood: -3011.73	(delta): 2.56434
33 (QN/EM) 	Elapsed: 0.001	Loglikelihood: -3008.68	(delta): 3.05064
34 (QN/EM) 	Elapsed: 0.001	Loglikelihood: -3005.18	(delta): 3.50357
35 (QN/EM) 	Elapsed: 0.001	Loglikelihood: -3001.36	(delta): 3.82079
36 (QN/EM) 	Elapsed: 0.001	Loglikelihood: -2986.54	(delta): 14.8219
37 (QN/EM) 	Elapsed: 0.001	Loglikelihood: -2979.34	(delta): 7.19745
38 (QN/EM) 	Elapsed: 0.001	Loglikelihood: -2954.35	(delta): 24.994
39 (QN/EM) 	Elapsed: 0.001	Loglikelihood: -2944.02	(delta): 10.3258
40 (QN/EM) 	Elapsed: 0.001	Loglikelihood: -2929.56	(delta): 14.4636
41 (QN/EM) 	Elapsed: 0.001	Loglikelihood: -2924.39	(delta): 5.16751
42 (QN/EM) 	Elapsed: 0.001	Loglikelihood: -2921.86	(delta): 2.53177
43 (QN/EM) 	Elapsed: 0.001	Loglikelihood: -2920	(delta): 1.85669
44 (QN/EM) 	Elapsed: 0.001	Loglikelihood: -2917.35	(delta): 2.65354
45 (QN/EM) 	Elapsed: 0.001	Loglikelihood: -2914.68	(delta): 2.66802
46 (QN/EM) 	Elapsed: 0.001	Loglikelihood: -2911.74	(delta): 2.94011
47 (QN/EM) 	Elapsed: 0.001	Loglikelihood: -2910.23	(delta): 1.50863
48 (QN/EM) 	Elapsed: 0.001	Loglikelihood: -2909.89	(delta): 0.336741
49 (QN/EM) 	Elapsed: 0.001	Loglikelihood: -2909.69	(delta): 0.203559
50 (QN/EM) 	Elapsed: 0.001	Loglikelihood: -2909.46	(delta): 0.231896
51 (QN/EM) 	Elapsed: 0.001	Loglikelihood: -2909.04	(delta): 0.413591
52 (QN/EM) 	Elapsed: 0.001	Loglikelihood: -2908.75	(delta): 0.291255
53 (QN/EM) 	Elapsed: 0.001	Loglikelihood: -2908.64	(delta): 0.111739
54 (QN/EM) 	Elapsed: 0.001	Loglikelihood: -2907.4	(delta): 1.23838
55 (QN/EM) 	Elapsed: 0.001	Loglikelihood: -2906.96	(delta): 0.442282
56 (QN/EM) 	Elapsed: 0.001	Loglikelihood: -2906.86	(delta): 0.101372
57 (QN/EM) 	Elapsed: 0.001	Loglikelihood: -2906.71	(delta): 0.150122
58 (QN/EM) 	Elapsed: 0.001	Loglikelihood: -2906.18	(delta): 0.531504
59 (QN/EM) 	Elapsed: 0.001	Loglikelihood: -2906.08	(delta): 0.0992508
60 (QN/EM) 	Elapsed: 0.001	Loglikelihood: -2905.99	(delta): 0.0871908
61 (QN/EM) 	Elapsed: 0.001	Loglikelihood: -2905.92	(delta): 0.0685911
62 (QN/EM) 	Elapsed: 0.001	Loglikelihood: -2905.89	(delta): 0.0277054
63 (QN/EM) 	Elapsed: 0.001	Loglikelihood: -2905.87	(delta): 0.0258935
64 (QN/EM) 	Elapsed: 0.001	Loglikelihood: -2905.56	(delta): 0.306578
65 (QN/EM) 	Elapsed: 0.001	Loglikelihood: -2905.55	(delta): 0.0105843
66 (QN/EM) 	Elapsed: 0.001	Loglikelihood: -2905.55	(delta): 0.00608169
67 (QN/EM) 	Elapsed: 0.001	Loglikelihood: -2905.54	(delta): 0.00041891
68 (QN/EM) 	Elapsed: 0.001	Loglikelihood: -2905.54	(delta): 0.00490214
69 (QN/EM) 	Elapsed: 0.001	Loglikelihood: -2905.54	(delta): 0.000754239
70 (QN/EM) 	Elapsed: 0.001	Loglikelihood: -2905.54	(delta): 0.000183461
71 (QN/EM) 	Elapsed: 0.001	Loglikelihood: -2905.53	(delta): 0.00459022
72 (QN/EM) 	Elapsed: 0.001	Loglikelihood: -2905.53	(delta): 0.000422358
73 (QN/EM) 	Elapsed: 0.001	Loglikelihood: -2905.53	(delta): 0.000222513
74 (QN/EM) 	Elapsed: 0.001	Loglikelihood: -2905.53	(delta): 0.000569434
75 (QN/EM) 	Elapsed: 0.001	Loglikelihood: -2905.53	(delta): 0.000113685
76 (QN/EM) 	Elapsed: 0.001	Loglikelihood: -2905.53	(delta): 3.25766e-05
Summary: 
Converged in 76 iterations (0.093 sec)
Loglikelihood: -2905.532989
Fst divergences between estimated populations: 
	Pop0	Pop1	Pop2	
Pop0	
Pop1	0.237	
Pop2	0.408	0.392	
Pop3	0.461	0.435	0.188	
CV error (K=4): 0.42504
Writing output files.
